Using pre-set license
Built from '2022.3/china_unity/release' branch; Version is '2022.3.55f1c1 (06b99830297d) revision 440728'; Using compiler version '192829333'; Build Type 'Release'
OS: 'Windows 11  (10.0.26100) 64bit CoreCountrySpecific' Language: 'zh' Physical Memory: 15556 MB
BatchMode: 1, IsHumanControllingUs: 0, StartBugReporterOnCrash: 0, Is64bit: 1, IsPro: 1

COMMAND LINE ARGUMENTS:
D:\unt\2022.3.55f1c1\Editor\Unity.exe
-adb2
-batchMode
-noUpm
-name
AssetImportWorker16
-projectPath
D:/myunt/unity_navigator/My_project
-logFile
Logs/AssetImportWorker16.log
-srvPort
9801
Successfully changed project path to: D:/myunt/unity_navigator/My_project
D:/myunt/unity_navigator/My_project
[UnityMemory] Configuration Parameters - Can be set up in boot.config
    "memorysetup-bucket-allocator-granularity=16"
    "memorysetup-bucket-allocator-bucket-count=8"
    "memorysetup-bucket-allocator-block-size=33554432"
    "memorysetup-bucket-allocator-block-count=8"
    "memorysetup-main-allocator-block-size=16777216"
    "memorysetup-thread-allocator-block-size=16777216"
    "memorysetup-gfx-main-allocator-block-size=16777216"
    "memorysetup-gfx-thread-allocator-block-size=16777216"
    "memorysetup-cache-allocator-block-size=4194304"
    "memorysetup-typetree-allocator-block-size=2097152"
    "memorysetup-profiler-bucket-allocator-granularity=16"
    "memorysetup-profiler-bucket-allocator-bucket-count=8"
    "memorysetup-profiler-bucket-allocator-block-size=33554432"
    "memorysetup-profiler-bucket-allocator-block-count=8"
    "memorysetup-profiler-allocator-block-size=16777216"
    "memorysetup-profiler-editor-allocator-block-size=1048576"
    "memorysetup-temp-allocator-size-main=16777216"
    "memorysetup-job-temp-allocator-block-size=2097152"
    "memorysetup-job-temp-allocator-block-size-background=1048576"
    "memorysetup-job-temp-allocator-reduction-small-platforms=262144"
    "memorysetup-allocator-temp-initial-block-size-main=262144"
    "memorysetup-allocator-temp-initial-block-size-worker=262144"
    "memorysetup-temp-allocator-size-background-worker=32768"
    "memorysetup-temp-allocator-size-job-worker=262144"
    "memorysetup-temp-allocator-size-preload-manager=33554432"
    "memorysetup-temp-allocator-size-nav-mesh-worker=65536"
    "memorysetup-temp-allocator-size-audio-worker=65536"
    "memorysetup-temp-allocator-size-cloud-worker=32768"
    "memorysetup-temp-allocator-size-gi-baking-worker=262144"
    "memorysetup-temp-allocator-size-gfx=262144"
Player connection [76576]  Target information:

Player connection [76576]  * "[IP] 125.216.248.103 [Port] 0 [Flags] 2 [Guid] 2608519089 [EditorId] 2608519089 [Version] 1048832 [Id] WindowsEditor(7,LAPTOP-PA7KPLPC) [Debug] 1 [PackageName] WindowsEditor [ProjectName] Editor" 

Player connection [76576]  * "[IP] 192.168.129.1 [Port] 0 [Flags] 2 [Guid] 2608519089 [EditorId] 2608519089 [Version] 1048832 [Id] WindowsEditor(7,LAPTOP-PA7KPLPC) [Debug] 1 [PackageName] WindowsEditor [ProjectName] Editor" 

Player connection [76576]  * "[IP] 192.168.175.1 [Port] 0 [Flags] 2 [Guid] 2608519089 [EditorId] 2608519089 [Version] 1048832 [Id] WindowsEditor(7,LAPTOP-PA7KPLPC) [Debug] 1 [PackageName] WindowsEditor [ProjectName] Editor" 

Player connection [76576] Host joined multi-casting on [225.0.0.222:54997]...
Player connection [76576] Host joined alternative multi-casting on [225.0.0.222:34997]...
[PhysX] Initialized MultithreadedTaskDispatcher with 16 workers.
Refreshing native plugins compatible for Editor in 21.38 ms, found 3 plugins.
Preloading 0 native plugins for Editor in 0.00 ms.
Initialize engine version: 2022.3.55f1c1 (06b99830297d)
[Subsystems] Discovering subsystems at path D:/unt/2022.3.55f1c1/Editor/Data/Resources/UnitySubsystems
[Subsystems] Discovering subsystems at path D:/myunt/unity_navigator/My_project/Assets
GfxDevice: creating device client; threaded=0; jobified=0
Direct3D:
    Version:  Direct3D 11.0 [level 11.1]
    Renderer: NVIDIA GeForce RTX 4060 Laptop GPU (ID=0x28e0)
    Vendor:   NVIDIA
    VRAM:     7957 MB
    Driver:   32.0.15.7283
Initialize mono
Mono path[0] = 'D:/unt/2022.3.55f1c1/Editor/Data/Managed'
Mono path[1] = 'D:/unt/2022.3.55f1c1/Editor/Data/MonoBleedingEdge/lib/mono/unityjit-win32'
Mono config path = 'D:/unt/2022.3.55f1c1/Editor/Data/MonoBleedingEdge/etc'
Using monoOptions --debugger-agent=transport=dt_socket,embedding=1,server=y,suspend=n,address=127.0.0.1:56704
Begin MonoManager ReloadAssembly
Registering precompiled unity dll's ...
Register platform support module: D:/unt/2022.3.55f1c1/Editor/Data/PlaybackEngines/WebGLSupport/UnityEditor.WebGL.Extensions.dll
Register platform support module: D:/unt/2022.3.55f1c1/Editor/Data/PlaybackEngines/AndroidPlayer/UnityEditor.Android.Extensions.dll
Register platform support module: D:/unt/2022.3.55f1c1/Editor/Data/PlaybackEngines/iOSSupport/UnityEditor.iOS.Extensions.dll
Register platform support module: D:/unt/2022.3.55f1c1/Editor/Data/PlaybackEngines/WindowsStandaloneSupport/UnityEditor.WindowsStandalone.Extensions.dll
Registered in 0.025976 seconds.
- Loaded All Assemblies, in  0.492 seconds
Native extension for WindowsStandalone target not found
[usbmuxd] Start listen thread
[usbmuxd] Listen thread started
Native extension for iOS target not found
Native extension for Android target not found
Native extension for WebGL target not found
Mono: successfully reloaded assembly
- Finished resetting the current domain, in  0.323 seconds
Domain Reload Profiling: 812ms
	BeginReloadAssembly (161ms)
		ExecutionOrderSort (0ms)
		DisableScriptedObjects (0ms)
		BackupInstance (0ms)
		ReleaseScriptingObjects (0ms)
		CreateAndSetChildDomain (1ms)
	RebuildCommonClasses (43ms)
	RebuildNativeTypeToScriptingClass (11ms)
	initialDomainReloadingComplete (93ms)
	LoadAllAssembliesAndSetupDomain (180ms)
		LoadAssemblies (158ms)
		RebuildTransferFunctionScriptingTraits (0ms)
		AnalyzeDomain (176ms)
			TypeCache.Refresh (174ms)
				TypeCache.ScanAssembly (157ms)
			ScanForSourceGeneratedMonoScriptInfo (1ms)
			ResolveRequiredComponents (1ms)
	FinalizeReload (324ms)
		ReleaseScriptCaches (0ms)
		RebuildScriptCaches (0ms)
		SetupLoadedEditorAssemblies (281ms)
			LogAssemblyErrors (0ms)
			InitializePlatformSupportModulesInManaged (79ms)
			SetLoadedEditorAssemblies (5ms)
			RefreshPlugins (0ms)
			BeforeProcessingInitializeOnLoad (2ms)
			ProcessInitializeOnLoadAttributes (138ms)
			ProcessInitializeOnLoadMethodAttributes (56ms)
			AfterProcessingInitializeOnLoad (0ms)
			EditorAssembliesLoaded (0ms)
		ExecutionOrderSort2 (0ms)
		AwakeInstancesAfterBackupRestoration (0ms)
========================================================================
Worker process is ready to serve import requests
Caller must complete domain reload
Begin MonoManager ReloadAssembly
- Loaded All Assemblies, in  0.839 seconds
Native extension for WindowsStandalone target not found
Native extension for iOS target not found
Native extension for Android target not found
Native extension for WebGL target not found
Mono: successfully reloaded assembly
- Finished resetting the current domain, in  0.664 seconds
Domain Reload Profiling: 1495ms
	BeginReloadAssembly (221ms)
		ExecutionOrderSort (0ms)
		DisableScriptedObjects (6ms)
		BackupInstance (0ms)
		ReleaseScriptingObjects (0ms)
		CreateAndSetChildDomain (28ms)
	RebuildCommonClasses (46ms)
	RebuildNativeTypeToScriptingClass (13ms)
	initialDomainReloadingComplete (58ms)
	LoadAllAssembliesAndSetupDomain (493ms)
		LoadAssemblies (456ms)
		RebuildTransferFunctionScriptingTraits (0ms)
		AnalyzeDomain (185ms)
			TypeCache.Refresh (166ms)
				TypeCache.ScanAssembly (148ms)
			ScanForSourceGeneratedMonoScriptInfo (13ms)
			ResolveRequiredComponents (4ms)
	FinalizeReload (664ms)
		ReleaseScriptCaches (0ms)
		RebuildScriptCaches (0ms)
		SetupLoadedEditorAssemblies (499ms)
			LogAssemblyErrors (0ms)
			InitializePlatformSupportModulesInManaged (49ms)
			SetLoadedEditorAssemblies (3ms)
			RefreshPlugins (0ms)
			BeforeProcessingInitializeOnLoad (72ms)
			ProcessInitializeOnLoadAttributes (309ms)
			ProcessInitializeOnLoadMethodAttributes (28ms)
			AfterProcessingInitializeOnLoad (38ms)
			EditorAssembliesLoaded (0ms)
		ExecutionOrderSort2 (0ms)
		AwakeInstancesAfterBackupRestoration (24ms)
Launched and connected shader compiler UnityShaderCompiler.exe after 0.09 seconds
Refreshing native plugins compatible for Editor in 10.96 ms, found 3 plugins.
Preloading 0 native plugins for Editor in 0.00 ms.
Unloading 3131 Unused Serialized files (Serialized files now loaded: 0)
Unloading 19 unused Assets / (54.9 KB). Loaded Objects now: 3629.
Memory consumption went from 143.0 MB to 143.0 MB.
Total: 5.025900 ms (FindLiveObjects: 0.504000 ms CreateObjectMapping: 0.229200 ms MarkObjects: 4.138900 ms  DeleteObjects: 0.152300 ms)

AssetImportParameters requested are different than current active one (requested -> active):
  custom:container-demuxer-ogg: 62fdf1f143b41e24485cea50d1cbac27 -> 
  custom:scripting/monoscript/fileName/DataSpawn.cs: a565763f8d07ffbd6e59b4c9d60f3ac6 -> 
  custom:scripting/monoscript/fileName/WaterSample.cs: b7b1246dbee007ce86fe9dd92884507e -> 
  custom:video-codec-MediaFoundation-h265: 746d11721c4dcdbdad8f713fa42b33f4 -> 
  custom:video-decoder-ogg-theora: a1e56fd34408186e4bbccfd4996cb3dc -> 
  custom:framework-win-MediaFoundation: 216162199b28c13a410421893ffa2e32 -> 
  custom:scripting/monoscript/fileName/DayNightEditor.cs: 4a28545b3fee7650bf9a3f6ead73131b -> 
  custom:scripting/monoscript/fileName/DayNight.cs: eb1bb1ed9672239e117138d38ca5c1e5 -> 
  custom:scripting/monoscript/fileName/TFShiftHand.cs: 09b595d983316e2d865c159f589d7243 -> 
  custom:CustomObjectIndexerAttribute: 9a22284fe3817be447336de3de66b15e -> 
  custom:container-demuxer-webm: 4f35f7cbe854078d1ac9338744f61a02 -> 
  custom:scripting/monoscript/fileName/FCityGenerator.cs: 3927c4569b14106444b04866ed0eb5ee -> 
  custom:scripting/monoscript/fileName/TrafficLight.cs: 29bae59745cbc247ca2b8b6e626c6eaf -> 
  custom:scripting/monoscript/fileName/CharacterControl.cs: a4c06e8e0fdcc281e6253ecc26a15743 -> 
  custom:scripting/monoscript/fileName/TrafficLights2.cs: aa6b88c6bd7df9cd6d9d0e2d53f465c0 -> 
  custom:scripting/monoscript/fileName/FPSDisplay.cs: 4de2b1268e0d108618b876b31a439b05 -> 
  custom:scripting/monoscript/fileName/FCGWaypointsContainer.cs: f1aa8b423032ac773bb442d6e30c6108 -> 
  custom:container-muxer-webm: aa71ff27fc2769a1b78a27578f13a17b -> 
  custom:video-decoder-webm-vp8: 9c59270c3fd7afecdb556c50c9e8de78 -> 
  custom:SearchIndexIgnoredProperties: e643bd26f0fe6173181afceb89e7c659 -> 
  custom:AudioImporter_EditorPlatform: d09bf68614088b80899f8185d706f6e7 -> 
  custom:scripting/monoscript/fileName/IconManager.cs: b17f7eb2a8b7b008ed03deff11b16b6b -> 
  custom:scripting/monoscript/fileName/FCGWPEditor.cs: 4d1272238ab6e4c7351069b0255523f4 -> 
  custom:scripting/monoscript/fileName/MobileControl.cs: 17b03000c09b01ce0ce5f0d6351435f9 -> 
  custom:scripting/monoscript/fileName/TFShiftHand2.cs: cab6824db3f629445a5159ae4f2fb59e -> 
  custom:scripting/monoscript/fileName/Mesh_CombineUtility.cs: bc5693d72d01f5849b38ad6129367987 -> 
  custom:scripting/monoscript/fileName/TrafficLights.cs: d8382041047660a71e759ce83dcd5292 -> 
  custom:scripting/monoscript/fileName/RunTimeSample.cs: 3588caa621dd2f9cc8eaa9b0aaca1301 -> 
  custom:video-encoder-webm-vp8: eb34c28f22e8b96e1ab97ce403110664 -> 
  custom:scripting/monoscript/fileName/ShiftAtRuntime.cs: 584eb13d96dd3e52f581d42f4d4e7ed1 -> 
  custom:audio-decoder-ogg-vorbis: bf7c407c2cedff20999df2af8eb42d56 -> 
  custom:scripting/monoscript/fileName/TrafficSystem.cs: b605b9c05ae9094e698059a55e564961 -> 
  custom:scripting/monoscript/fileName/FreeCamera.cs: fc10c696f65d6a2ebb3784b56fef3653 -> 
  custom:scripting/monoscript/fileName/TrafficCar.cs: aeb5782be4b595f6598bbef58650bfa0 -> 
  custom:audio-encoder-webm-vorbis: bf7c407c2cedff20999df2af8eb42d56 -> 
  custom:scripting/monoscript/fileName/TCarEditor.cs: 474d2942467536eb9be4e93849f614a2 -> 
  custom:scripting/monoscript/fileName/CityGenerator.cs: f32a907649e0ebba7a7c57dc6010ae19 -> 
========================================================================
Received Prepare
Caller must complete domain reload
Begin MonoManager ReloadAssembly
- Loaded All Assemblies, in  0.606 seconds
Native extension for WindowsStandalone target not found
Native extension for iOS target not found
Native extension for Android target not found
Native extension for WebGL target not found
Mono: successfully reloaded assembly
- Finished resetting the current domain, in  1.463 seconds
Domain Reload Profiling: 2058ms
	BeginReloadAssembly (197ms)
		ExecutionOrderSort (0ms)
		DisableScriptedObjects (4ms)
		BackupInstance (0ms)
		ReleaseScriptingObjects (0ms)
		CreateAndSetChildDomain (34ms)
	RebuildCommonClasses (35ms)
	RebuildNativeTypeToScriptingClass (11ms)
	initialDomainReloadingComplete (44ms)
	LoadAllAssembliesAndSetupDomain (308ms)
		LoadAssemblies (422ms)
		RebuildTransferFunctionScriptingTraits (0ms)
		AnalyzeDomain (11ms)
			TypeCache.Refresh (5ms)
				TypeCache.ScanAssembly (0ms)
			ScanForSourceGeneratedMonoScriptInfo (0ms)
			ResolveRequiredComponents (4ms)
	FinalizeReload (1464ms)
		ReleaseScriptCaches (0ms)
		RebuildScriptCaches (0ms)
		SetupLoadedEditorAssemblies (539ms)
			LogAssemblyErrors (0ms)
			InitializePlatformSupportModulesInManaged (55ms)
			SetLoadedEditorAssemblies (4ms)
			RefreshPlugins (0ms)
			BeforeProcessingInitializeOnLoad (112ms)
			ProcessInitializeOnLoadAttributes (322ms)
			ProcessInitializeOnLoadMethodAttributes (24ms)
			AfterProcessingInitializeOnLoad (22ms)
			EditorAssembliesLoaded (0ms)
		ExecutionOrderSort2 (0ms)
		AwakeInstancesAfterBackupRestoration (21ms)
Refreshing native plugins compatible for Editor in 10.05 ms, found 3 plugins.
Preloading 0 native plugins for Editor in 0.00 ms.
Unloading 3124 Unused Serialized files (Serialized files now loaded: 0)
Unloading 14 unused Assets / (28.5 KB). Loaded Objects now: 3632.
Memory consumption went from 142.2 MB to 142.1 MB.
Total: 5.033400 ms (FindLiveObjects: 0.546100 ms CreateObjectMapping: 0.300900 ms MarkObjects: 4.125700 ms  DeleteObjects: 0.059400 ms)

Prepare: number of updated asset objects reloaded= 0
AssetImportParameters requested are different than current active one (requested -> active):
  custom:container-demuxer-ogg: 62fdf1f143b41e24485cea50d1cbac27 -> 
  custom:scripting/monoscript/fileName/DataSpawn.cs: a565763f8d07ffbd6e59b4c9d60f3ac6 -> 
  custom:scripting/monoscript/fileName/WaterSample.cs: b7b1246dbee007ce86fe9dd92884507e -> 
  custom:video-codec-MediaFoundation-h265: 746d11721c4dcdbdad8f713fa42b33f4 -> 
  custom:video-decoder-ogg-theora: a1e56fd34408186e4bbccfd4996cb3dc -> 
  custom:framework-win-MediaFoundation: 216162199b28c13a410421893ffa2e32 -> 
  custom:scripting/monoscript/fileName/DayNightEditor.cs: 4a28545b3fee7650bf9a3f6ead73131b -> 
  custom:scripting/monoscript/fileName/DayNight.cs: eb1bb1ed9672239e117138d38ca5c1e5 -> 
  custom:scripting/monoscript/fileName/TFShiftHand.cs: 09b595d983316e2d865c159f589d7243 -> 
  custom:CustomObjectIndexerAttribute: 9a22284fe3817be447336de3de66b15e -> 
  custom:container-demuxer-webm: 4f35f7cbe854078d1ac9338744f61a02 -> 
  custom:scripting/monoscript/fileName/FCityGenerator.cs: 3927c4569b14106444b04866ed0eb5ee -> 
  custom:scripting/monoscript/fileName/TrafficLight.cs: 29bae59745cbc247ca2b8b6e626c6eaf -> 
  custom:scripting/monoscript/fileName/CharacterControl.cs: a4c06e8e0fdcc281e6253ecc26a15743 -> 
  custom:scripting/monoscript/fileName/TrafficLights2.cs: aa6b88c6bd7df9cd6d9d0e2d53f465c0 -> 
  custom:scripting/monoscript/fileName/FPSDisplay.cs: 4de2b1268e0d108618b876b31a439b05 -> 
  custom:scripting/monoscript/fileName/FCGWaypointsContainer.cs: f1aa8b423032ac773bb442d6e30c6108 -> 
  custom:container-muxer-webm: aa71ff27fc2769a1b78a27578f13a17b -> 
  custom:video-decoder-webm-vp8: 9c59270c3fd7afecdb556c50c9e8de78 -> 
  custom:SearchIndexIgnoredProperties: e643bd26f0fe6173181afceb89e7c659 -> 
  custom:AudioImporter_EditorPlatform: d09bf68614088b80899f8185d706f6e7 -> 
  custom:scripting/monoscript/fileName/IconManager.cs: b17f7eb2a8b7b008ed03deff11b16b6b -> 
  custom:scripting/monoscript/fileName/FCGWPEditor.cs: 4d1272238ab6e4c7351069b0255523f4 -> 
  custom:scripting/monoscript/fileName/MobileControl.cs: 17b03000c09b01ce0ce5f0d6351435f9 -> 
  custom:scripting/monoscript/fileName/TFShiftHand2.cs: cab6824db3f629445a5159ae4f2fb59e -> 
  custom:scripting/monoscript/fileName/Mesh_CombineUtility.cs: bc5693d72d01f5849b38ad6129367987 -> 
  custom:scripting/monoscript/fileName/TrafficLights.cs: d8382041047660a71e759ce83dcd5292 -> 
  custom:scripting/monoscript/fileName/RunTimeSample.cs: 3588caa621dd2f9cc8eaa9b0aaca1301 -> 
  custom:video-encoder-webm-vp8: eb34c28f22e8b96e1ab97ce403110664 -> 
  custom:scripting/monoscript/fileName/ShiftAtRuntime.cs: 584eb13d96dd3e52f581d42f4d4e7ed1 -> 
  custom:audio-decoder-ogg-vorbis: bf7c407c2cedff20999df2af8eb42d56 -> 
  custom:scripting/monoscript/fileName/TrafficSystem.cs: b605b9c05ae9094e698059a55e564961 -> 
  custom:scripting/monoscript/fileName/FreeCamera.cs: fc10c696f65d6a2ebb3784b56fef3653 -> 
  custom:scripting/monoscript/fileName/TrafficCar.cs: aeb5782be4b595f6598bbef58650bfa0 -> 
  custom:audio-encoder-webm-vorbis: bf7c407c2cedff20999df2af8eb42d56 -> 
  custom:scripting/monoscript/fileName/TCarEditor.cs: 474d2942467536eb9be4e93849f614a2 -> 
  custom:scripting/monoscript/fileName/CityGenerator.cs: f32a907649e0ebba7a7c57dc6010ae19 -> 
========================================================================
Received Import Request.
  Time since last request: 19754.032037 seconds.
  path: Assets/CartoonTown-LowPolyAssets/Models/Props/Balloons/Black_Balloon-Flying.fbx
  artifactKey: Guid(4e442f5f849634fc7ad4c7471a7abdd2) Importer(815301076,1909f56bfc062723c751e8b465ee728b)
Start importing Assets/CartoonTown-LowPolyAssets/Models/Props/Balloons/Black_Balloon-Flying.fbx using Guid(4e442f5f849634fc7ad4c7471a7abdd2) Importer(815301076,1909f56bfc062723c751e8b465ee728b) [PhysX] Initialized MultithreadedTaskDispatcher with 16 workers.
[PhysX] Initialized MultithreadedTaskDispatcher with 16 workers.
[PhysX] Initialized MultithreadedTaskDispatcher with 16 workers.
 -> (artifact id: '1a2b982b60b1dfa588d1aff320e16e68') in 0.157437 seconds
Number of updated asset objects reloaded before import = 0
Number of asset objects unloaded after import = 9
========================================================================
Received Import Request.
  Time since last request: 0.000048 seconds.
  path: Assets/CartoonTown-LowPolyAssets/Models/Props/Balloons/Red_Balloon.fbx
  artifactKey: Guid(9099db3fece2f4e94a17a7ec6ae5fdc0) Importer(815301076,1909f56bfc062723c751e8b465ee728b)
Start importing Assets/CartoonTown-LowPolyAssets/Models/Props/Balloons/Red_Balloon.fbx using Guid(9099db3fece2f4e94a17a7ec6ae5fdc0) Importer(815301076,1909f56bfc062723c751e8b465ee728b) [PhysX] Initialized MultithreadedTaskDispatcher with 16 workers.
[PhysX] Initialized MultithreadedTaskDispatcher with 16 workers.
[PhysX] Initialized MultithreadedTaskDispatcher with 16 workers.
 -> (artifact id: 'ac3d0b2c5303e0359d287e0d18bb7de0') in 0.016129 seconds
Number of updated asset objects reloaded before import = 0
Number of asset objects unloaded after import = 9
========================================================================
Received Import Request.
  Time since last request: 0.000038 seconds.
  path: Assets/CartoonTown-LowPolyAssets/Models/Props/Balloons/Blue_BunnyBalloon.fbx
  artifactKey: Guid(42586d3e6e0dd43e1b3ddb63f8b358af) Importer(815301076,1909f56bfc062723c751e8b465ee728b)
Start importing Assets/CartoonTown-LowPolyAssets/Models/Props/Balloons/Blue_BunnyBalloon.fbx using Guid(42586d3e6e0dd43e1b3ddb63f8b358af) Importer(815301076,1909f56bfc062723c751e8b465ee728b) [PhysX] Initialized MultithreadedTaskDispatcher with 16 workers.
[PhysX] Initialized MultithreadedTaskDispatcher with 16 workers.
[PhysX] Initialized MultithreadedTaskDispatcher with 16 workers.
 -> (artifact id: 'bbc3e9c87ef1251bcecaedd70dfcf5c5') in 0.016090 seconds
Number of updated asset objects reloaded before import = 0
Number of asset objects unloaded after import = 9
========================================================================
Received Import Request.
  Time since last request: 0.000024 seconds.
  path: Assets/CartoonTown-LowPolyAssets/Models/Props/Balloons/White_Balloon.fbx
  artifactKey: Guid(a5212780514be4f40a673941c2242b9e) Importer(815301076,1909f56bfc062723c751e8b465ee728b)
Start importing Assets/CartoonTown-LowPolyAssets/Models/Props/Balloons/White_Balloon.fbx using Guid(a5212780514be4f40a673941c2242b9e) Importer(815301076,1909f56bfc062723c751e8b465ee728b) [PhysX] Initialized MultithreadedTaskDispatcher with 16 workers.
[PhysX] Initialized MultithreadedTaskDispatcher with 16 workers.
[PhysX] Initialized MultithreadedTaskDispatcher with 16 workers.
 -> (artifact id: 'd1e871bcd8d49cb781802701a23ef6b7') in 0.015096 seconds
Number of updated asset objects reloaded before import = 0
Number of asset objects unloaded after import = 9
========================================================================
Received Import Request.
  Time since last request: 0.000023 seconds.
  path: Assets/CartoonTown-LowPolyAssets/Models/Props/Balloons/Purple_Balloon.fbx
  artifactKey: Guid(fbe7ca2e021a74efcaa262d74756bbf4) Importer(815301076,1909f56bfc062723c751e8b465ee728b)
Start importing Assets/CartoonTown-LowPolyAssets/Models/Props/Balloons/Purple_Balloon.fbx using Guid(fbe7ca2e021a74efcaa262d74756bbf4) Importer(815301076,1909f56bfc062723c751e8b465ee728b) [PhysX] Initialized MultithreadedTaskDispatcher with 16 workers.
[PhysX] Initialized MultithreadedTaskDispatcher with 16 workers.
[PhysX] Initialized MultithreadedTaskDispatcher with 16 workers.
 -> (artifact id: '46a6d20653e25873391ffb5324f8afc4') in 0.015236 seconds
Number of updated asset objects reloaded before import = 0
Number of asset objects unloaded after import = 9
Editor requested this worker to shutdown with reason: Scaling down because of idle timeout
TcpMessagingSession - receive error: operation aborted. errorcode: 995, details: 由于线程退出或应用程序请求，已中止 I/O 操作。
AssetImportWorker is now disconnected from the server
Process exiting
Exiting without the bug reporter. Application will terminate with return code 0