Using pre-set license
Built from '2022.3/china_unity/release' branch; Version is '2022.3.55f1c1 (06b99830297d) revision 440728'; Using compiler version '192829333'; Build Type 'Release'
OS: 'Windows 11  (10.0.26100) 64bit CoreCountrySpecific' Language: 'zh' Physical Memory: 15556 MB
BatchMode: 1, IsHumanControllingUs: 0, StartBugReporterOnCrash: 0, Is64bit: 1, IsPro: 1

COMMAND LINE ARGUMENTS:
D:\unt\2022.3.55f1c1\Editor\Unity.exe
-adb2
-batchMode
-noUpm
-name
AssetImportWorker13
-projectPath
D:/myunt/unity_navigator/My_project
-logFile
Logs/AssetImportWorker13.log
-srvPort
9801
Successfully changed project path to: D:/myunt/unity_navigator/My_project
D:/myunt/unity_navigator/My_project
[UnityMemory] Configuration Parameters - Can be set up in boot.config
    "memorysetup-bucket-allocator-granularity=16"
    "memorysetup-bucket-allocator-bucket-count=8"
    "memorysetup-bucket-allocator-block-size=33554432"
    "memorysetup-bucket-allocator-block-count=8"
    "memorysetup-main-allocator-block-size=16777216"
    "memorysetup-thread-allocator-block-size=16777216"
    "memorysetup-gfx-main-allocator-block-size=16777216"
    "memorysetup-gfx-thread-allocator-block-size=16777216"
    "memorysetup-cache-allocator-block-size=4194304"
    "memorysetup-typetree-allocator-block-size=2097152"
    "memorysetup-profiler-bucket-allocator-granularity=16"
    "memorysetup-profiler-bucket-allocator-bucket-count=8"
    "memorysetup-profiler-bucket-allocator-block-size=33554432"
    "memorysetup-profiler-bucket-allocator-block-count=8"
    "memorysetup-profiler-allocator-block-size=16777216"
    "memorysetup-profiler-editor-allocator-block-size=1048576"
    "memorysetup-temp-allocator-size-main=16777216"
    "memorysetup-job-temp-allocator-block-size=2097152"
    "memorysetup-job-temp-allocator-block-size-background=1048576"
    "memorysetup-job-temp-allocator-reduction-small-platforms=262144"
    "memorysetup-allocator-temp-initial-block-size-main=262144"
    "memorysetup-allocator-temp-initial-block-size-worker=262144"
    "memorysetup-temp-allocator-size-background-worker=32768"
    "memorysetup-temp-allocator-size-job-worker=262144"
    "memorysetup-temp-allocator-size-preload-manager=33554432"
    "memorysetup-temp-allocator-size-nav-mesh-worker=65536"
    "memorysetup-temp-allocator-size-audio-worker=65536"
    "memorysetup-temp-allocator-size-cloud-worker=32768"
    "memorysetup-temp-allocator-size-gi-baking-worker=262144"
    "memorysetup-temp-allocator-size-gfx=262144"
Player connection [55320]  Target information:

Player connection [55320]  * "[IP] 125.216.248.103 [Port] 0 [Flags] 2 [Guid] 2834706946 [EditorId] 2834706946 [Version] 1048832 [Id] WindowsEditor(7,LAPTOP-PA7KPLPC) [Debug] 1 [PackageName] WindowsEditor [ProjectName] Editor" 

Player connection [55320]  * "[IP] 192.168.129.1 [Port] 0 [Flags] 2 [Guid] 2834706946 [EditorId] 2834706946 [Version] 1048832 [Id] WindowsEditor(7,LAPTOP-PA7KPLPC) [Debug] 1 [PackageName] WindowsEditor [ProjectName] Editor" 

Player connection [55320]  * "[IP] 192.168.175.1 [Port] 0 [Flags] 2 [Guid] 2834706946 [EditorId] 2834706946 [Version] 1048832 [Id] WindowsEditor(7,LAPTOP-PA7KPLPC) [Debug] 1 [PackageName] WindowsEditor [ProjectName] Editor" 

Player connection [55320] Host joined multi-casting on [225.0.0.222:54997]...
Player connection [55320] Host joined alternative multi-casting on [225.0.0.222:34997]...
[PhysX] Initialized MultithreadedTaskDispatcher with 16 workers.
Refreshing native plugins compatible for Editor in 22.20 ms, found 3 plugins.
Preloading 0 native plugins for Editor in 0.00 ms.
Initialize engine version: 2022.3.55f1c1 (06b99830297d)
[Subsystems] Discovering subsystems at path D:/unt/2022.3.55f1c1/Editor/Data/Resources/UnitySubsystems
[Subsystems] Discovering subsystems at path D:/myunt/unity_navigator/My_project/Assets
GfxDevice: creating device client; threaded=0; jobified=0
Direct3D:
    Version:  Direct3D 11.0 [level 11.1]
    Renderer: NVIDIA GeForce RTX 4060 Laptop GPU (ID=0x28e0)
    Vendor:   NVIDIA
    VRAM:     7957 MB
    Driver:   32.0.15.7283
Initialize mono
Mono path[0] = 'D:/unt/2022.3.55f1c1/Editor/Data/Managed'
Mono path[1] = 'D:/unt/2022.3.55f1c1/Editor/Data/MonoBleedingEdge/lib/mono/unityjit-win32'
Mono config path = 'D:/unt/2022.3.55f1c1/Editor/Data/MonoBleedingEdge/etc'
Using monoOptions --debugger-agent=transport=dt_socket,embedding=1,server=y,suspend=n,address=127.0.0.1:56060
Begin MonoManager ReloadAssembly
Registering precompiled unity dll's ...
Register platform support module: D:/unt/2022.3.55f1c1/Editor/Data/PlaybackEngines/WebGLSupport/UnityEditor.WebGL.Extensions.dll
Register platform support module: D:/unt/2022.3.55f1c1/Editor/Data/PlaybackEngines/AndroidPlayer/UnityEditor.Android.Extensions.dll
Register platform support module: D:/unt/2022.3.55f1c1/Editor/Data/PlaybackEngines/iOSSupport/UnityEditor.iOS.Extensions.dll
Register platform support module: D:/unt/2022.3.55f1c1/Editor/Data/PlaybackEngines/WindowsStandaloneSupport/UnityEditor.WindowsStandalone.Extensions.dll
Registered in 0.024887 seconds.
- Loaded All Assemblies, in  0.504 seconds
Native extension for WindowsStandalone target not found
[usbmuxd] Start listen thread
[usbmuxd] Listen thread started
Native extension for iOS target not found
Native extension for Android target not found
Native extension for WebGL target not found
Mono: successfully reloaded assembly
- Finished resetting the current domain, in  0.348 seconds
Domain Reload Profiling: 842ms
	BeginReloadAssembly (149ms)
		ExecutionOrderSort (0ms)
		DisableScriptedObjects (0ms)
		BackupInstance (0ms)
		ReleaseScriptingObjects (0ms)
		CreateAndSetChildDomain (1ms)
	RebuildCommonClasses (38ms)
	RebuildNativeTypeToScriptingClass (12ms)
	initialDomainReloadingComplete (113ms)
	LoadAllAssembliesAndSetupDomain (182ms)
		LoadAssemblies (147ms)
		RebuildTransferFunctionScriptingTraits (0ms)
		AnalyzeDomain (178ms)
			TypeCache.Refresh (176ms)
				TypeCache.ScanAssembly (161ms)
			ScanForSourceGeneratedMonoScriptInfo (0ms)
			ResolveRequiredComponents (1ms)
	FinalizeReload (348ms)
		ReleaseScriptCaches (0ms)
		RebuildScriptCaches (0ms)
		SetupLoadedEditorAssemblies (295ms)
			LogAssemblyErrors (0ms)
			InitializePlatformSupportModulesInManaged (81ms)
			SetLoadedEditorAssemblies (5ms)
			RefreshPlugins (0ms)
			BeforeProcessingInitializeOnLoad (2ms)
			ProcessInitializeOnLoadAttributes (144ms)
			ProcessInitializeOnLoadMethodAttributes (63ms)
			AfterProcessingInitializeOnLoad (0ms)
			EditorAssembliesLoaded (0ms)
		ExecutionOrderSort2 (0ms)
		AwakeInstancesAfterBackupRestoration (0ms)
========================================================================
Worker process is ready to serve import requests
Caller must complete domain reload
Begin MonoManager ReloadAssembly
- Loaded All Assemblies, in  0.904 seconds
Native extension for WindowsStandalone target not found
Native extension for iOS target not found
Native extension for Android target not found
Native extension for WebGL target not found
Mono: successfully reloaded assembly
- Finished resetting the current domain, in  0.783 seconds
Domain Reload Profiling: 1676ms
	BeginReloadAssembly (211ms)
		ExecutionOrderSort (0ms)
		DisableScriptedObjects (6ms)
		BackupInstance (0ms)
		ReleaseScriptingObjects (0ms)
		CreateAndSetChildDomain (31ms)
	RebuildCommonClasses (38ms)
	RebuildNativeTypeToScriptingClass (18ms)
	initialDomainReloadingComplete (65ms)
	LoadAllAssembliesAndSetupDomain (561ms)
		LoadAssemblies (486ms)
		RebuildTransferFunctionScriptingTraits (0ms)
		AnalyzeDomain (207ms)
			TypeCache.Refresh (181ms)
				TypeCache.ScanAssembly (163ms)
			ScanForSourceGeneratedMonoScriptInfo (17ms)
			ResolveRequiredComponents (7ms)
	FinalizeReload (783ms)
		ReleaseScriptCaches (0ms)
		RebuildScriptCaches (0ms)
		SetupLoadedEditorAssemblies (606ms)
			LogAssemblyErrors (0ms)
			InitializePlatformSupportModulesInManaged (39ms)
			SetLoadedEditorAssemblies (8ms)
			RefreshPlugins (0ms)
			BeforeProcessingInitializeOnLoad (114ms)
			ProcessInitializeOnLoadAttributes (397ms)
			ProcessInitializeOnLoadMethodAttributes (29ms)
			AfterProcessingInitializeOnLoad (19ms)
			EditorAssembliesLoaded (0ms)
		ExecutionOrderSort2 (0ms)
		AwakeInstancesAfterBackupRestoration (15ms)
Launched and connected shader compiler UnityShaderCompiler.exe after 0.26 seconds
Refreshing native plugins compatible for Editor in 15.69 ms, found 3 plugins.
Preloading 0 native plugins for Editor in 0.00 ms.
Unloading 3131 Unused Serialized files (Serialized files now loaded: 0)
Unloading 19 unused Assets / (55.0 KB). Loaded Objects now: 3629.
Memory consumption went from 143.1 MB to 143.1 MB.
Total: 4.004700 ms (FindLiveObjects: 0.695900 ms CreateObjectMapping: 0.283500 ms MarkObjects: 2.895300 ms  DeleteObjects: 0.128700 ms)

AssetImportParameters requested are different than current active one (requested -> active):
  custom:container-demuxer-ogg: 62fdf1f143b41e24485cea50d1cbac27 -> 
  custom:scripting/monoscript/fileName/DataSpawn.cs: a565763f8d07ffbd6e59b4c9d60f3ac6 -> 
  custom:scripting/monoscript/fileName/WaterSample.cs: b7b1246dbee007ce86fe9dd92884507e -> 
  custom:video-codec-MediaFoundation-h265: 746d11721c4dcdbdad8f713fa42b33f4 -> 
  custom:video-decoder-ogg-theora: a1e56fd34408186e4bbccfd4996cb3dc -> 
  custom:framework-win-MediaFoundation: 216162199b28c13a410421893ffa2e32 -> 
  custom:scripting/monoscript/fileName/DayNightEditor.cs: 4a28545b3fee7650bf9a3f6ead73131b -> 
  custom:scripting/monoscript/fileName/DayNight.cs: eb1bb1ed9672239e117138d38ca5c1e5 -> 
  custom:scripting/monoscript/fileName/TFShiftHand.cs: 09b595d983316e2d865c159f589d7243 -> 
  custom:CustomObjectIndexerAttribute: 9a22284fe3817be447336de3de66b15e -> 
  custom:container-demuxer-webm: 4f35f7cbe854078d1ac9338744f61a02 -> 
  custom:scripting/monoscript/fileName/FCityGenerator.cs: 3927c4569b14106444b04866ed0eb5ee -> 
  custom:scripting/monoscript/fileName/TrafficLight.cs: 29bae59745cbc247ca2b8b6e626c6eaf -> 
  custom:scripting/monoscript/fileName/CharacterControl.cs: a4c06e8e0fdcc281e6253ecc26a15743 -> 
  custom:scripting/monoscript/fileName/TrafficLights2.cs: aa6b88c6bd7df9cd6d9d0e2d53f465c0 -> 
  custom:scripting/monoscript/fileName/FPSDisplay.cs: 4de2b1268e0d108618b876b31a439b05 -> 
  custom:scripting/monoscript/fileName/FCGWaypointsContainer.cs: f1aa8b423032ac773bb442d6e30c6108 -> 
  custom:container-muxer-webm: aa71ff27fc2769a1b78a27578f13a17b -> 
  custom:video-decoder-webm-vp8: 9c59270c3fd7afecdb556c50c9e8de78 -> 
  custom:SearchIndexIgnoredProperties: e643bd26f0fe6173181afceb89e7c659 -> 
  custom:AudioImporter_EditorPlatform: d09bf68614088b80899f8185d706f6e7 -> 
  custom:scripting/monoscript/fileName/IconManager.cs: b17f7eb2a8b7b008ed03deff11b16b6b -> 
  custom:scripting/monoscript/fileName/FCGWPEditor.cs: 4d1272238ab6e4c7351069b0255523f4 -> 
  custom:scripting/monoscript/fileName/MobileControl.cs: 17b03000c09b01ce0ce5f0d6351435f9 -> 
  custom:scripting/monoscript/fileName/TFShiftHand2.cs: cab6824db3f629445a5159ae4f2fb59e -> 
  custom:scripting/monoscript/fileName/Mesh_CombineUtility.cs: bc5693d72d01f5849b38ad6129367987 -> 
  custom:scripting/monoscript/fileName/TrafficLights.cs: d8382041047660a71e759ce83dcd5292 -> 
  custom:scripting/monoscript/fileName/RunTimeSample.cs: 3588caa621dd2f9cc8eaa9b0aaca1301 -> 
  custom:video-encoder-webm-vp8: eb34c28f22e8b96e1ab97ce403110664 -> 
  custom:scripting/monoscript/fileName/ShiftAtRuntime.cs: 584eb13d96dd3e52f581d42f4d4e7ed1 -> 
  custom:audio-decoder-ogg-vorbis: bf7c407c2cedff20999df2af8eb42d56 -> 
  custom:scripting/monoscript/fileName/TrafficSystem.cs: b605b9c05ae9094e698059a55e564961 -> 
  custom:scripting/monoscript/fileName/FreeCamera.cs: fc10c696f65d6a2ebb3784b56fef3653 -> 
  custom:scripting/monoscript/fileName/TrafficCar.cs: aeb5782be4b595f6598bbef58650bfa0 -> 
  custom:audio-encoder-webm-vorbis: bf7c407c2cedff20999df2af8eb42d56 -> 
  custom:scripting/monoscript/fileName/TCarEditor.cs: 474d2942467536eb9be4e93849f614a2 -> 
  custom:scripting/monoscript/fileName/CityGenerator.cs: f32a907649e0ebba7a7c57dc6010ae19 -> 
========================================================================
Received Prepare
Caller must complete domain reload
Begin MonoManager ReloadAssembly
- Loaded All Assemblies, in  0.617 seconds
Native extension for WindowsStandalone target not found
Native extension for iOS target not found
Native extension for Android target not found
Native extension for WebGL target not found
Mono: successfully reloaded assembly
- Finished resetting the current domain, in  1.468 seconds
Domain Reload Profiling: 2079ms
	BeginReloadAssembly (208ms)
		ExecutionOrderSort (0ms)
		DisableScriptedObjects (5ms)
		BackupInstance (0ms)
		ReleaseScriptingObjects (0ms)
		CreateAndSetChildDomain (36ms)
	RebuildCommonClasses (38ms)
	RebuildNativeTypeToScriptingClass (14ms)
	initialDomainReloadingComplete (44ms)
	LoadAllAssembliesAndSetupDomain (306ms)
		LoadAssemblies (423ms)
		RebuildTransferFunctionScriptingTraits (0ms)
		AnalyzeDomain (13ms)
			TypeCache.Refresh (5ms)
				TypeCache.ScanAssembly (0ms)
			ScanForSourceGeneratedMonoScriptInfo (0ms)
			ResolveRequiredComponents (5ms)
	FinalizeReload (1469ms)
		ReleaseScriptCaches (0ms)
		RebuildScriptCaches (0ms)
		SetupLoadedEditorAssemblies (513ms)
			LogAssemblyErrors (0ms)
			InitializePlatformSupportModulesInManaged (53ms)
			SetLoadedEditorAssemblies (5ms)
			RefreshPlugins (0ms)
			BeforeProcessingInitializeOnLoad (91ms)
			ProcessInitializeOnLoadAttributes (321ms)
			ProcessInitializeOnLoadMethodAttributes (24ms)
			AfterProcessingInitializeOnLoad (18ms)
			EditorAssembliesLoaded (0ms)
		ExecutionOrderSort2 (0ms)
		AwakeInstancesAfterBackupRestoration (21ms)
Refreshing native plugins compatible for Editor in 11.05 ms, found 3 plugins.
Preloading 0 native plugins for Editor in 0.00 ms.
Unloading 3124 Unused Serialized files (Serialized files now loaded: 0)
Unloading 14 unused Assets / (28.5 KB). Loaded Objects now: 3632.
Memory consumption went from 142.3 MB to 142.3 MB.
Total: 7.015500 ms (FindLiveObjects: 0.770900 ms CreateObjectMapping: 1.161000 ms MarkObjects: 5.008400 ms  DeleteObjects: 0.073600 ms)

Prepare: number of updated asset objects reloaded= 0
AssetImportParameters requested are different than current active one (requested -> active):
  custom:container-demuxer-ogg: 62fdf1f143b41e24485cea50d1cbac27 -> 
  custom:scripting/monoscript/fileName/DataSpawn.cs: a565763f8d07ffbd6e59b4c9d60f3ac6 -> 
  custom:scripting/monoscript/fileName/WaterSample.cs: b7b1246dbee007ce86fe9dd92884507e -> 
  custom:video-codec-MediaFoundation-h265: 746d11721c4dcdbdad8f713fa42b33f4 -> 
  custom:video-decoder-ogg-theora: a1e56fd34408186e4bbccfd4996cb3dc -> 
  custom:framework-win-MediaFoundation: 216162199b28c13a410421893ffa2e32 -> 
  custom:scripting/monoscript/fileName/DayNightEditor.cs: 4a28545b3fee7650bf9a3f6ead73131b -> 
  custom:scripting/monoscript/fileName/DayNight.cs: eb1bb1ed9672239e117138d38ca5c1e5 -> 
  custom:scripting/monoscript/fileName/TFShiftHand.cs: 09b595d983316e2d865c159f589d7243 -> 
  custom:CustomObjectIndexerAttribute: 9a22284fe3817be447336de3de66b15e -> 
  custom:container-demuxer-webm: 4f35f7cbe854078d1ac9338744f61a02 -> 
  custom:scripting/monoscript/fileName/FCityGenerator.cs: 3927c4569b14106444b04866ed0eb5ee -> 
  custom:scripting/monoscript/fileName/TrafficLight.cs: 29bae59745cbc247ca2b8b6e626c6eaf -> 
  custom:scripting/monoscript/fileName/CharacterControl.cs: a4c06e8e0fdcc281e6253ecc26a15743 -> 
  custom:scripting/monoscript/fileName/TrafficLights2.cs: aa6b88c6bd7df9cd6d9d0e2d53f465c0 -> 
  custom:scripting/monoscript/fileName/FPSDisplay.cs: 4de2b1268e0d108618b876b31a439b05 -> 
  custom:scripting/monoscript/fileName/FCGWaypointsContainer.cs: f1aa8b423032ac773bb442d6e30c6108 -> 
  custom:container-muxer-webm: aa71ff27fc2769a1b78a27578f13a17b -> 
  custom:video-decoder-webm-vp8: 9c59270c3fd7afecdb556c50c9e8de78 -> 
  custom:SearchIndexIgnoredProperties: e643bd26f0fe6173181afceb89e7c659 -> 
  custom:AudioImporter_EditorPlatform: d09bf68614088b80899f8185d706f6e7 -> 
  custom:scripting/monoscript/fileName/IconManager.cs: b17f7eb2a8b7b008ed03deff11b16b6b -> 
  custom:scripting/monoscript/fileName/FCGWPEditor.cs: 4d1272238ab6e4c7351069b0255523f4 -> 
  custom:scripting/monoscript/fileName/MobileControl.cs: 17b03000c09b01ce0ce5f0d6351435f9 -> 
  custom:scripting/monoscript/fileName/TFShiftHand2.cs: cab6824db3f629445a5159ae4f2fb59e -> 
  custom:scripting/monoscript/fileName/Mesh_CombineUtility.cs: bc5693d72d01f5849b38ad6129367987 -> 
  custom:scripting/monoscript/fileName/TrafficLights.cs: d8382041047660a71e759ce83dcd5292 -> 
  custom:scripting/monoscript/fileName/RunTimeSample.cs: 3588caa621dd2f9cc8eaa9b0aaca1301 -> 
  custom:video-encoder-webm-vp8: eb34c28f22e8b96e1ab97ce403110664 -> 
  custom:scripting/monoscript/fileName/ShiftAtRuntime.cs: 584eb13d96dd3e52f581d42f4d4e7ed1 -> 
  custom:audio-decoder-ogg-vorbis: bf7c407c2cedff20999df2af8eb42d56 -> 
  custom:scripting/monoscript/fileName/TrafficSystem.cs: b605b9c05ae9094e698059a55e564961 -> 
  custom:scripting/monoscript/fileName/FreeCamera.cs: fc10c696f65d6a2ebb3784b56fef3653 -> 
  custom:scripting/monoscript/fileName/TrafficCar.cs: aeb5782be4b595f6598bbef58650bfa0 -> 
  custom:audio-encoder-webm-vorbis: bf7c407c2cedff20999df2af8eb42d56 -> 
  custom:scripting/monoscript/fileName/TCarEditor.cs: 474d2942467536eb9be4e93849f614a2 -> 
  custom:scripting/monoscript/fileName/CityGenerator.cs: f32a907649e0ebba7a7c57dc6010ae19 -> 
========================================================================
Received Prepare
Caller must complete domain reload
Begin MonoManager ReloadAssembly
- Loaded All Assemblies, in  1.089 seconds
Native extension for WindowsStandalone target not found
Native extension for iOS target not found
Native extension for Android target not found
Native extension for WebGL target not found
Mono: successfully reloaded assembly
- Finished resetting the current domain, in  1.272 seconds
Domain Reload Profiling: 2349ms
	BeginReloadAssembly (346ms)
		ExecutionOrderSort (0ms)
		DisableScriptedObjects (7ms)
		BackupInstance (0ms)
		ReleaseScriptingObjects (0ms)
		CreateAndSetChildDomain (48ms)
	RebuildCommonClasses (60ms)
	RebuildNativeTypeToScriptingClass (16ms)
	initialDomainReloadingComplete (65ms)
	LoadAllAssembliesAndSetupDomain (589ms)
		LoadAssemblies (804ms)
		RebuildTransferFunctionScriptingTraits (0ms)
		AnalyzeDomain (19ms)
			TypeCache.Refresh (7ms)
				TypeCache.ScanAssembly (0ms)
			ScanForSourceGeneratedMonoScriptInfo (6ms)
			ResolveRequiredComponents (4ms)
	FinalizeReload (1273ms)
		ReleaseScriptCaches (0ms)
		RebuildScriptCaches (0ms)
		SetupLoadedEditorAssemblies (427ms)
			LogAssemblyErrors (0ms)
			InitializePlatformSupportModulesInManaged (42ms)
			SetLoadedEditorAssemblies (4ms)
			RefreshPlugins (0ms)
			BeforeProcessingInitializeOnLoad (76ms)
			ProcessInitializeOnLoadAttributes (266ms)
			ProcessInitializeOnLoadMethodAttributes (21ms)
			AfterProcessingInitializeOnLoad (17ms)
			EditorAssembliesLoaded (0ms)
		ExecutionOrderSort2 (0ms)
		AwakeInstancesAfterBackupRestoration (16ms)
Refreshing native plugins compatible for Editor in 10.55 ms, found 3 plugins.
Preloading 0 native plugins for Editor in 0.00 ms.
Unloading 3124 Unused Serialized files (Serialized files now loaded: 0)
Unloading 14 unused Assets / (28.5 KB). Loaded Objects now: 3635.
Memory consumption went from 142.3 MB to 142.3 MB.
Total: 5.842500 ms (FindLiveObjects: 0.493300 ms CreateObjectMapping: 0.212900 ms MarkObjects: 5.078400 ms  DeleteObjects: 0.056500 ms)

Prepare: number of updated asset objects reloaded= 0
AssetImportParameters requested are different than current active one (requested -> active):
  custom:container-demuxer-ogg: 62fdf1f143b41e24485cea50d1cbac27 -> 
  custom:scripting/monoscript/fileName/DataSpawn.cs: a565763f8d07ffbd6e59b4c9d60f3ac6 -> 
  custom:scripting/monoscript/fileName/WaterSample.cs: b7b1246dbee007ce86fe9dd92884507e -> 
  custom:video-codec-MediaFoundation-h265: 746d11721c4dcdbdad8f713fa42b33f4 -> 
  custom:video-decoder-ogg-theora: a1e56fd34408186e4bbccfd4996cb3dc -> 
  custom:framework-win-MediaFoundation: 216162199b28c13a410421893ffa2e32 -> 
  custom:scripting/monoscript/fileName/DayNightEditor.cs: 4a28545b3fee7650bf9a3f6ead73131b -> 
  custom:scripting/monoscript/fileName/DayNight.cs: eb1bb1ed9672239e117138d38ca5c1e5 -> 
  custom:scripting/monoscript/fileName/TFShiftHand.cs: 09b595d983316e2d865c159f589d7243 -> 
  custom:CustomObjectIndexerAttribute: 9a22284fe3817be447336de3de66b15e -> 
  custom:container-demuxer-webm: 4f35f7cbe854078d1ac9338744f61a02 -> 
  custom:scripting/monoscript/fileName/FCityGenerator.cs: 3927c4569b14106444b04866ed0eb5ee -> 
  custom:scripting/monoscript/fileName/TrafficLight.cs: 29bae59745cbc247ca2b8b6e626c6eaf -> 
  custom:scripting/monoscript/fileName/CharacterControl.cs: a4c06e8e0fdcc281e6253ecc26a15743 -> 
  custom:scripting/monoscript/fileName/TrafficLights2.cs: aa6b88c6bd7df9cd6d9d0e2d53f465c0 -> 
  custom:scripting/monoscript/fileName/FPSDisplay.cs: 4de2b1268e0d108618b876b31a439b05 -> 
  custom:scripting/monoscript/fileName/FCGWaypointsContainer.cs: f1aa8b423032ac773bb442d6e30c6108 -> 
  custom:container-muxer-webm: aa71ff27fc2769a1b78a27578f13a17b -> 
  custom:video-decoder-webm-vp8: 9c59270c3fd7afecdb556c50c9e8de78 -> 
  custom:SearchIndexIgnoredProperties: e643bd26f0fe6173181afceb89e7c659 -> 
  custom:AudioImporter_EditorPlatform: d09bf68614088b80899f8185d706f6e7 -> 
  custom:scripting/monoscript/fileName/IconManager.cs: b17f7eb2a8b7b008ed03deff11b16b6b -> 
  custom:scripting/monoscript/fileName/FCGWPEditor.cs: 4d1272238ab6e4c7351069b0255523f4 -> 
  custom:scripting/monoscript/fileName/MobileControl.cs: 17b03000c09b01ce0ce5f0d6351435f9 -> 
  custom:scripting/monoscript/fileName/TFShiftHand2.cs: cab6824db3f629445a5159ae4f2fb59e -> 
  custom:scripting/monoscript/fileName/Mesh_CombineUtility.cs: bc5693d72d01f5849b38ad6129367987 -> 
  custom:scripting/monoscript/fileName/TrafficLights.cs: d8382041047660a71e759ce83dcd5292 -> 
  custom:scripting/monoscript/fileName/RunTimeSample.cs: 3588caa621dd2f9cc8eaa9b0aaca1301 -> 
  custom:video-encoder-webm-vp8: eb34c28f22e8b96e1ab97ce403110664 -> 
  custom:scripting/monoscript/fileName/ShiftAtRuntime.cs: 584eb13d96dd3e52f581d42f4d4e7ed1 -> 
  custom:audio-decoder-ogg-vorbis: bf7c407c2cedff20999df2af8eb42d56 -> 
  custom:scripting/monoscript/fileName/TrafficSystem.cs: b605b9c05ae9094e698059a55e564961 -> 
  custom:scripting/monoscript/fileName/FreeCamera.cs: fc10c696f65d6a2ebb3784b56fef3653 -> 
  custom:scripting/monoscript/fileName/TrafficCar.cs: aeb5782be4b595f6598bbef58650bfa0 -> 
  custom:audio-encoder-webm-vorbis: bf7c407c2cedff20999df2af8eb42d56 -> 
  custom:scripting/monoscript/fileName/TCarEditor.cs: 474d2942467536eb9be4e93849f614a2 -> 
  custom:scripting/monoscript/fileName/CityGenerator.cs: f32a907649e0ebba7a7c57dc6010ae19 -> 
  custom:scripting/precompiled-assembly-types:Assembly-CSharp: 7db86819915d6ebc252d7bc093edc0d6 -> 776feee1919e8dacc2cce1416c6c097f
========================================================================
Received Prepare
Caller must complete domain reload
Begin MonoManager ReloadAssembly
- Loaded All Assemblies, in  0.605 seconds
Native extension for WindowsStandalone target not found
Native extension for iOS target not found
Native extension for Android target not found
Native extension for WebGL target not found
Mono: successfully reloaded assembly
- Finished resetting the current domain, in  1.464 seconds
Domain Reload Profiling: 2060ms
	BeginReloadAssembly (196ms)
		ExecutionOrderSort (0ms)
		DisableScriptedObjects (5ms)
		BackupInstance (0ms)
		ReleaseScriptingObjects (0ms)
		CreateAndSetChildDomain (34ms)
	RebuildCommonClasses (38ms)
	RebuildNativeTypeToScriptingClass (10ms)
	initialDomainReloadingComplete (41ms)
	LoadAllAssembliesAndSetupDomain (311ms)
		LoadAssemblies (416ms)
		RebuildTransferFunctionScriptingTraits (0ms)
		AnalyzeDomain (12ms)
			TypeCache.Refresh (6ms)
				TypeCache.ScanAssembly (0ms)
			ScanForSourceGeneratedMonoScriptInfo (0ms)
			ResolveRequiredComponents (5ms)
	FinalizeReload (1465ms)
		ReleaseScriptCaches (0ms)
		RebuildScriptCaches (0ms)
		SetupLoadedEditorAssemblies (529ms)
			LogAssemblyErrors (0ms)
			InitializePlatformSupportModulesInManaged (53ms)
			SetLoadedEditorAssemblies (6ms)
			RefreshPlugins (0ms)
			BeforeProcessingInitializeOnLoad (92ms)
			ProcessInitializeOnLoadAttributes (335ms)
			ProcessInitializeOnLoadMethodAttributes (27ms)
			AfterProcessingInitializeOnLoad (16ms)
			EditorAssembliesLoaded (0ms)
		ExecutionOrderSort2 (0ms)
		AwakeInstancesAfterBackupRestoration (16ms)
Refreshing native plugins compatible for Editor in 13.72 ms, found 3 plugins.
Preloading 0 native plugins for Editor in 0.00 ms.
Unloading 3124 Unused Serialized files (Serialized files now loaded: 0)
Unloading 14 unused Assets / (28.5 KB). Loaded Objects now: 3638.
Memory consumption went from 142.3 MB to 142.3 MB.
Total: 6.272200 ms (FindLiveObjects: 0.529300 ms CreateObjectMapping: 0.175000 ms MarkObjects: 5.500400 ms  DeleteObjects: 0.066300 ms)

Prepare: number of updated asset objects reloaded= 0
AssetImportParameters requested are different than current active one (requested -> active):
  custom:container-demuxer-ogg: 62fdf1f143b41e24485cea50d1cbac27 -> 
  custom:scripting/monoscript/fileName/DataSpawn.cs: a565763f8d07ffbd6e59b4c9d60f3ac6 -> 
  custom:scripting/monoscript/fileName/WaterSample.cs: b7b1246dbee007ce86fe9dd92884507e -> 
  custom:video-codec-MediaFoundation-h265: 746d11721c4dcdbdad8f713fa42b33f4 -> 
  custom:video-decoder-ogg-theora: a1e56fd34408186e4bbccfd4996cb3dc -> 
  custom:framework-win-MediaFoundation: 216162199b28c13a410421893ffa2e32 -> 
  custom:scripting/monoscript/fileName/DayNightEditor.cs: 4a28545b3fee7650bf9a3f6ead73131b -> 
  custom:scripting/monoscript/fileName/DayNight.cs: eb1bb1ed9672239e117138d38ca5c1e5 -> 
  custom:scripting/monoscript/fileName/TFShiftHand.cs: 09b595d983316e2d865c159f589d7243 -> 
  custom:CustomObjectIndexerAttribute: 9a22284fe3817be447336de3de66b15e -> 
  custom:container-demuxer-webm: 4f35f7cbe854078d1ac9338744f61a02 -> 
  custom:scripting/monoscript/fileName/FCityGenerator.cs: 3927c4569b14106444b04866ed0eb5ee -> 
  custom:scripting/monoscript/fileName/TrafficLight.cs: 29bae59745cbc247ca2b8b6e626c6eaf -> 
  custom:scripting/monoscript/fileName/CharacterControl.cs: a4c06e8e0fdcc281e6253ecc26a15743 -> 
  custom:scripting/monoscript/fileName/TrafficLights2.cs: aa6b88c6bd7df9cd6d9d0e2d53f465c0 -> 
  custom:scripting/monoscript/fileName/FPSDisplay.cs: 4de2b1268e0d108618b876b31a439b05 -> 
  custom:scripting/monoscript/fileName/FCGWaypointsContainer.cs: f1aa8b423032ac773bb442d6e30c6108 -> 
  custom:container-muxer-webm: aa71ff27fc2769a1b78a27578f13a17b -> 
  custom:video-decoder-webm-vp8: 9c59270c3fd7afecdb556c50c9e8de78 -> 
  custom:SearchIndexIgnoredProperties: e643bd26f0fe6173181afceb89e7c659 -> 
  custom:AudioImporter_EditorPlatform: d09bf68614088b80899f8185d706f6e7 -> 
  custom:scripting/monoscript/fileName/IconManager.cs: b17f7eb2a8b7b008ed03deff11b16b6b -> 
  custom:scripting/monoscript/fileName/FCGWPEditor.cs: 4d1272238ab6e4c7351069b0255523f4 -> 
  custom:scripting/monoscript/fileName/MobileControl.cs: 17b03000c09b01ce0ce5f0d6351435f9 -> 
  custom:scripting/monoscript/fileName/TFShiftHand2.cs: cab6824db3f629445a5159ae4f2fb59e -> 
  custom:scripting/monoscript/fileName/Mesh_CombineUtility.cs: bc5693d72d01f5849b38ad6129367987 -> 
  custom:scripting/monoscript/fileName/TrafficLights.cs: d8382041047660a71e759ce83dcd5292 -> 
  custom:scripting/monoscript/fileName/RunTimeSample.cs: 3588caa621dd2f9cc8eaa9b0aaca1301 -> 
  custom:video-encoder-webm-vp8: eb34c28f22e8b96e1ab97ce403110664 -> 
  custom:scripting/monoscript/fileName/ShiftAtRuntime.cs: 584eb13d96dd3e52f581d42f4d4e7ed1 -> 
  custom:audio-decoder-ogg-vorbis: bf7c407c2cedff20999df2af8eb42d56 -> 
  custom:scripting/monoscript/fileName/TrafficSystem.cs: b605b9c05ae9094e698059a55e564961 -> 
  custom:scripting/monoscript/fileName/FreeCamera.cs: fc10c696f65d6a2ebb3784b56fef3653 -> 
  custom:scripting/monoscript/fileName/TrafficCar.cs: aeb5782be4b595f6598bbef58650bfa0 -> 
  custom:audio-encoder-webm-vorbis: bf7c407c2cedff20999df2af8eb42d56 -> 
  custom:scripting/monoscript/fileName/TCarEditor.cs: 474d2942467536eb9be4e93849f614a2 -> 
  custom:scripting/monoscript/fileName/CityGenerator.cs: f32a907649e0ebba7a7c57dc6010ae19 -> 
  custom:scripting/precompiled-assembly-types:Assembly-CSharp: 7db86819915d6ebc252d7bc093edc0d6 -> 776feee1919e8dacc2cce1416c6c097f
========================================================================
Received Prepare
Caller must complete domain reload
Begin MonoManager ReloadAssembly
- Loaded All Assemblies, in  0.597 seconds
Native extension for WindowsStandalone target not found
Native extension for iOS target not found
Native extension for Android target not found
Native extension for WebGL target not found
Mono: successfully reloaded assembly
- Finished resetting the current domain, in  1.569 seconds
Domain Reload Profiling: 2159ms
	BeginReloadAssembly (203ms)
		ExecutionOrderSort (0ms)
		DisableScriptedObjects (4ms)
		BackupInstance (0ms)
		ReleaseScriptingObjects (0ms)
		CreateAndSetChildDomain (30ms)
	RebuildCommonClasses (41ms)
	RebuildNativeTypeToScriptingClass (12ms)
	initialDomainReloadingComplete (49ms)
	LoadAllAssembliesAndSetupDomain (283ms)
		LoadAssemblies (403ms)
		RebuildTransferFunctionScriptingTraits (0ms)
		AnalyzeDomain (13ms)
			TypeCache.Refresh (5ms)
				TypeCache.ScanAssembly (0ms)
			ScanForSourceGeneratedMonoScriptInfo (0ms)
			ResolveRequiredComponents (6ms)
	FinalizeReload (1569ms)
		ReleaseScriptCaches (0ms)
		RebuildScriptCaches (0ms)
		SetupLoadedEditorAssemblies (584ms)
			LogAssemblyErrors (0ms)
			InitializePlatformSupportModulesInManaged (51ms)
			SetLoadedEditorAssemblies (5ms)
			RefreshPlugins (0ms)
			BeforeProcessingInitializeOnLoad (99ms)
			ProcessInitializeOnLoadAttributes (382ms)
			ProcessInitializeOnLoadMethodAttributes (27ms)
			AfterProcessingInitializeOnLoad (19ms)
			EditorAssembliesLoaded (0ms)
		ExecutionOrderSort2 (0ms)
		AwakeInstancesAfterBackupRestoration (20ms)
Refreshing native plugins compatible for Editor in 14.60 ms, found 3 plugins.
Preloading 0 native plugins for Editor in 0.00 ms.
Unloading 3124 Unused Serialized files (Serialized files now loaded: 0)
Unloading 14 unused Assets / (28.5 KB). Loaded Objects now: 3641.
Memory consumption went from 142.3 MB to 142.3 MB.
Total: 7.063800 ms (FindLiveObjects: 0.788500 ms CreateObjectMapping: 0.892600 ms MarkObjects: 5.307900 ms  DeleteObjects: 0.073500 ms)

Prepare: number of updated asset objects reloaded= 0
AssetImportParameters requested are different than current active one (requested -> active):
  custom:container-demuxer-ogg: 62fdf1f143b41e24485cea50d1cbac27 -> 
  custom:scripting/monoscript/fileName/DataSpawn.cs: a565763f8d07ffbd6e59b4c9d60f3ac6 -> 
  custom:scripting/monoscript/fileName/WaterSample.cs: b7b1246dbee007ce86fe9dd92884507e -> 
  custom:video-codec-MediaFoundation-h265: 746d11721c4dcdbdad8f713fa42b33f4 -> 
  custom:video-decoder-ogg-theora: a1e56fd34408186e4bbccfd4996cb3dc -> 
  custom:framework-win-MediaFoundation: 216162199b28c13a410421893ffa2e32 -> 
  custom:scripting/monoscript/fileName/DayNightEditor.cs: 4a28545b3fee7650bf9a3f6ead73131b -> 
  custom:scripting/monoscript/fileName/DayNight.cs: eb1bb1ed9672239e117138d38ca5c1e5 -> 
  custom:scripting/monoscript/fileName/TFShiftHand.cs: 09b595d983316e2d865c159f589d7243 -> 
  custom:CustomObjectIndexerAttribute: 9a22284fe3817be447336de3de66b15e -> 
  custom:container-demuxer-webm: 4f35f7cbe854078d1ac9338744f61a02 -> 
  custom:scripting/monoscript/fileName/FCityGenerator.cs: 3927c4569b14106444b04866ed0eb5ee -> 
  custom:scripting/monoscript/fileName/TrafficLight.cs: 29bae59745cbc247ca2b8b6e626c6eaf -> 
  custom:scripting/monoscript/fileName/CharacterControl.cs: a4c06e8e0fdcc281e6253ecc26a15743 -> 
  custom:scripting/monoscript/fileName/TrafficLights2.cs: aa6b88c6bd7df9cd6d9d0e2d53f465c0 -> 
  custom:scripting/monoscript/fileName/FPSDisplay.cs: 4de2b1268e0d108618b876b31a439b05 -> 
  custom:scripting/monoscript/fileName/FCGWaypointsContainer.cs: f1aa8b423032ac773bb442d6e30c6108 -> 
  custom:container-muxer-webm: aa71ff27fc2769a1b78a27578f13a17b -> 
  custom:video-decoder-webm-vp8: 9c59270c3fd7afecdb556c50c9e8de78 -> 
  custom:SearchIndexIgnoredProperties: e643bd26f0fe6173181afceb89e7c659 -> 
  custom:AudioImporter_EditorPlatform: d09bf68614088b80899f8185d706f6e7 -> 
  custom:scripting/monoscript/fileName/IconManager.cs: b17f7eb2a8b7b008ed03deff11b16b6b -> 
  custom:scripting/monoscript/fileName/FCGWPEditor.cs: 4d1272238ab6e4c7351069b0255523f4 -> 
  custom:scripting/monoscript/fileName/MobileControl.cs: 17b03000c09b01ce0ce5f0d6351435f9 -> 
  custom:scripting/monoscript/fileName/TFShiftHand2.cs: cab6824db3f629445a5159ae4f2fb59e -> 
  custom:scripting/monoscript/fileName/Mesh_CombineUtility.cs: bc5693d72d01f5849b38ad6129367987 -> 
  custom:scripting/monoscript/fileName/TrafficLights.cs: d8382041047660a71e759ce83dcd5292 -> 
  custom:scripting/monoscript/fileName/RunTimeSample.cs: 3588caa621dd2f9cc8eaa9b0aaca1301 -> 
  custom:video-encoder-webm-vp8: eb34c28f22e8b96e1ab97ce403110664 -> 
  custom:scripting/monoscript/fileName/ShiftAtRuntime.cs: 584eb13d96dd3e52f581d42f4d4e7ed1 -> 
  custom:audio-decoder-ogg-vorbis: bf7c407c2cedff20999df2af8eb42d56 -> 
  custom:scripting/monoscript/fileName/TrafficSystem.cs: b605b9c05ae9094e698059a55e564961 -> 
  custom:scripting/monoscript/fileName/FreeCamera.cs: fc10c696f65d6a2ebb3784b56fef3653 -> 
  custom:scripting/monoscript/fileName/TrafficCar.cs: aeb5782be4b595f6598bbef58650bfa0 -> 
  custom:audio-encoder-webm-vorbis: bf7c407c2cedff20999df2af8eb42d56 -> 
  custom:scripting/monoscript/fileName/TCarEditor.cs: 474d2942467536eb9be4e93849f614a2 -> 
  custom:scripting/monoscript/fileName/CityGenerator.cs: f32a907649e0ebba7a7c57dc6010ae19 -> 
  custom:scripting/precompiled-assembly-types:Assembly-CSharp: 7db86819915d6ebc252d7bc093edc0d6 -> 776feee1919e8dacc2cce1416c6c097f
========================================================================
Received Prepare
Caller must complete domain reload
Begin MonoManager ReloadAssembly
- Loaded All Assemblies, in  0.617 seconds
Native extension for WindowsStandalone target not found
Native extension for iOS target not found
Native extension for Android target not found
Native extension for WebGL target not found
Mono: successfully reloaded assembly
- Finished resetting the current domain, in  1.410 seconds
Domain Reload Profiling: 2015ms
	BeginReloadAssembly (205ms)
		ExecutionOrderSort (0ms)
		DisableScriptedObjects (7ms)
		BackupInstance (0ms)
		ReleaseScriptingObjects (0ms)
		CreateAndSetChildDomain (36ms)
	RebuildCommonClasses (36ms)
	RebuildNativeTypeToScriptingClass (11ms)
	initialDomainReloadingComplete (46ms)
	LoadAllAssembliesAndSetupDomain (307ms)
		LoadAssemblies (415ms)
		RebuildTransferFunctionScriptingTraits (0ms)
		AnalyzeDomain (13ms)
			TypeCache.Refresh (6ms)
				TypeCache.ScanAssembly (0ms)
			ScanForSourceGeneratedMonoScriptInfo (0ms)
			ResolveRequiredComponents (4ms)
	FinalizeReload (1410ms)
		ReleaseScriptCaches (0ms)
		RebuildScriptCaches (0ms)
		SetupLoadedEditorAssemblies (540ms)
			LogAssemblyErrors (0ms)
			InitializePlatformSupportModulesInManaged (51ms)
			SetLoadedEditorAssemblies (6ms)
			RefreshPlugins (0ms)
			BeforeProcessingInitializeOnLoad (98ms)
			ProcessInitializeOnLoadAttributes (340ms)
			ProcessInitializeOnLoadMethodAttributes (26ms)
			AfterProcessingInitializeOnLoad (19ms)
			EditorAssembliesLoaded (0ms)
		ExecutionOrderSort2 (0ms)
		AwakeInstancesAfterBackupRestoration (19ms)
Refreshing native plugins compatible for Editor in 15.59 ms, found 3 plugins.
Preloading 0 native plugins for Editor in 0.00 ms.
Unloading 3124 Unused Serialized files (Serialized files now loaded: 0)
Unloading 14 unused Assets / (28.5 KB). Loaded Objects now: 3644.
Memory consumption went from 142.3 MB to 142.3 MB.
Total: 7.918800 ms (FindLiveObjects: 0.840800 ms CreateObjectMapping: 0.314800 ms MarkObjects: 6.686700 ms  DeleteObjects: 0.075000 ms)

Prepare: number of updated asset objects reloaded= 0
AssetImportParameters requested are different than current active one (requested -> active):
  custom:container-demuxer-ogg: 62fdf1f143b41e24485cea50d1cbac27 -> 
  custom:scripting/monoscript/fileName/DataSpawn.cs: a565763f8d07ffbd6e59b4c9d60f3ac6 -> 
  custom:scripting/monoscript/fileName/WaterSample.cs: b7b1246dbee007ce86fe9dd92884507e -> 
  custom:video-codec-MediaFoundation-h265: 746d11721c4dcdbdad8f713fa42b33f4 -> 
  custom:video-decoder-ogg-theora: a1e56fd34408186e4bbccfd4996cb3dc -> 
  custom:framework-win-MediaFoundation: 216162199b28c13a410421893ffa2e32 -> 
  custom:scripting/monoscript/fileName/DayNightEditor.cs: 4a28545b3fee7650bf9a3f6ead73131b -> 
  custom:scripting/monoscript/fileName/DayNight.cs: eb1bb1ed9672239e117138d38ca5c1e5 -> 
  custom:scripting/monoscript/fileName/TFShiftHand.cs: 09b595d983316e2d865c159f589d7243 -> 
  custom:CustomObjectIndexerAttribute: 9a22284fe3817be447336de3de66b15e -> 
  custom:container-demuxer-webm: 4f35f7cbe854078d1ac9338744f61a02 -> 
  custom:scripting/monoscript/fileName/FCityGenerator.cs: 3927c4569b14106444b04866ed0eb5ee -> 
  custom:scripting/monoscript/fileName/TrafficLight.cs: 29bae59745cbc247ca2b8b6e626c6eaf -> 
  custom:scripting/monoscript/fileName/CharacterControl.cs: a4c06e8e0fdcc281e6253ecc26a15743 -> 
  custom:scripting/monoscript/fileName/TrafficLights2.cs: aa6b88c6bd7df9cd6d9d0e2d53f465c0 -> 
  custom:scripting/monoscript/fileName/FPSDisplay.cs: 4de2b1268e0d108618b876b31a439b05 -> 
  custom:scripting/monoscript/fileName/FCGWaypointsContainer.cs: f1aa8b423032ac773bb442d6e30c6108 -> 
  custom:container-muxer-webm: aa71ff27fc2769a1b78a27578f13a17b -> 
  custom:video-decoder-webm-vp8: 9c59270c3fd7afecdb556c50c9e8de78 -> 
  custom:SearchIndexIgnoredProperties: e643bd26f0fe6173181afceb89e7c659 -> 
  custom:AudioImporter_EditorPlatform: d09bf68614088b80899f8185d706f6e7 -> 
  custom:scripting/monoscript/fileName/IconManager.cs: b17f7eb2a8b7b008ed03deff11b16b6b -> 
  custom:scripting/monoscript/fileName/FCGWPEditor.cs: 4d1272238ab6e4c7351069b0255523f4 -> 
  custom:scripting/monoscript/fileName/MobileControl.cs: 17b03000c09b01ce0ce5f0d6351435f9 -> 
  custom:scripting/monoscript/fileName/TFShiftHand2.cs: cab6824db3f629445a5159ae4f2fb59e -> 
  custom:scripting/monoscript/fileName/Mesh_CombineUtility.cs: bc5693d72d01f5849b38ad6129367987 -> 
  custom:scripting/monoscript/fileName/TrafficLights.cs: d8382041047660a71e759ce83dcd5292 -> 
  custom:scripting/monoscript/fileName/RunTimeSample.cs: 3588caa621dd2f9cc8eaa9b0aaca1301 -> 
  custom:video-encoder-webm-vp8: eb34c28f22e8b96e1ab97ce403110664 -> 
  custom:scripting/monoscript/fileName/ShiftAtRuntime.cs: 584eb13d96dd3e52f581d42f4d4e7ed1 -> 
  custom:audio-decoder-ogg-vorbis: bf7c407c2cedff20999df2af8eb42d56 -> 
  custom:scripting/monoscript/fileName/TrafficSystem.cs: b605b9c05ae9094e698059a55e564961 -> 
  custom:scripting/monoscript/fileName/FreeCamera.cs: fc10c696f65d6a2ebb3784b56fef3653 -> 
  custom:scripting/monoscript/fileName/TrafficCar.cs: aeb5782be4b595f6598bbef58650bfa0 -> 
  custom:audio-encoder-webm-vorbis: bf7c407c2cedff20999df2af8eb42d56 -> 
  custom:scripting/monoscript/fileName/TCarEditor.cs: 474d2942467536eb9be4e93849f614a2 -> 
  custom:scripting/monoscript/fileName/CityGenerator.cs: f32a907649e0ebba7a7c57dc6010ae19 -> 
  custom:scripting/precompiled-assembly-types:Assembly-CSharp: 7db86819915d6ebc252d7bc093edc0d6 -> 776feee1919e8dacc2cce1416c6c097f
========================================================================
Received Prepare
Caller must complete domain reload
Begin MonoManager ReloadAssembly
- Loaded All Assemblies, in  0.615 seconds
Native extension for WindowsStandalone target not found
Native extension for iOS target not found
Native extension for Android target not found
Native extension for WebGL target not found
Mono: successfully reloaded assembly
- Finished resetting the current domain, in  1.544 seconds
Domain Reload Profiling: 2149ms
	BeginReloadAssembly (209ms)
		ExecutionOrderSort (0ms)
		DisableScriptedObjects (6ms)
		BackupInstance (0ms)
		ReleaseScriptingObjects (0ms)
		CreateAndSetChildDomain (36ms)
	RebuildCommonClasses (32ms)
	RebuildNativeTypeToScriptingClass (10ms)
	initialDomainReloadingComplete (49ms)
	LoadAllAssembliesAndSetupDomain (305ms)
		LoadAssemblies (423ms)
		RebuildTransferFunctionScriptingTraits (0ms)
		AnalyzeDomain (11ms)
			TypeCache.Refresh (5ms)
				TypeCache.ScanAssembly (0ms)
			ScanForSourceGeneratedMonoScriptInfo (0ms)
			ResolveRequiredComponents (5ms)
	FinalizeReload (1545ms)
		ReleaseScriptCaches (0ms)
		RebuildScriptCaches (0ms)
		SetupLoadedEditorAssemblies (570ms)
			LogAssemblyErrors (0ms)
			InitializePlatformSupportModulesInManaged (58ms)
			SetLoadedEditorAssemblies (8ms)
			RefreshPlugins (0ms)
			BeforeProcessingInitializeOnLoad (117ms)
			ProcessInitializeOnLoadAttributes (345ms)
			ProcessInitializeOnLoadMethodAttributes (23ms)
			AfterProcessingInitializeOnLoad (18ms)
			EditorAssembliesLoaded (0ms)
		ExecutionOrderSort2 (0ms)
		AwakeInstancesAfterBackupRestoration (21ms)
Refreshing native plugins compatible for Editor in 15.56 ms, found 3 plugins.
Preloading 0 native plugins for Editor in 0.00 ms.
Unloading 3124 Unused Serialized files (Serialized files now loaded: 0)
Unloading 14 unused Assets / (28.4 KB). Loaded Objects now: 3647.
Memory consumption went from 142.3 MB to 142.3 MB.
Total: 3.537700 ms (FindLiveObjects: 0.497000 ms CreateObjectMapping: 0.217200 ms MarkObjects: 2.778600 ms  DeleteObjects: 0.043800 ms)

Prepare: number of updated asset objects reloaded= 0
AssetImportParameters requested are different than current active one (requested -> active):
  custom:container-demuxer-ogg: 62fdf1f143b41e24485cea50d1cbac27 -> 
  custom:scripting/monoscript/fileName/DataSpawn.cs: a565763f8d07ffbd6e59b4c9d60f3ac6 -> 
  custom:scripting/monoscript/fileName/WaterSample.cs: b7b1246dbee007ce86fe9dd92884507e -> 
  custom:video-codec-MediaFoundation-h265: 746d11721c4dcdbdad8f713fa42b33f4 -> 
  custom:video-decoder-ogg-theora: a1e56fd34408186e4bbccfd4996cb3dc -> 
  custom:framework-win-MediaFoundation: 216162199b28c13a410421893ffa2e32 -> 
  custom:scripting/monoscript/fileName/DayNightEditor.cs: 4a28545b3fee7650bf9a3f6ead73131b -> 
  custom:scripting/monoscript/fileName/DayNight.cs: eb1bb1ed9672239e117138d38ca5c1e5 -> 
  custom:scripting/monoscript/fileName/TFShiftHand.cs: 09b595d983316e2d865c159f589d7243 -> 
  custom:CustomObjectIndexerAttribute: 9a22284fe3817be447336de3de66b15e -> 
  custom:container-demuxer-webm: 4f35f7cbe854078d1ac9338744f61a02 -> 
  custom:scripting/monoscript/fileName/FCityGenerator.cs: 3927c4569b14106444b04866ed0eb5ee -> 
  custom:scripting/monoscript/fileName/TrafficLight.cs: 29bae59745cbc247ca2b8b6e626c6eaf -> 
  custom:scripting/monoscript/fileName/CharacterControl.cs: a4c06e8e0fdcc281e6253ecc26a15743 -> 
  custom:scripting/monoscript/fileName/TrafficLights2.cs: aa6b88c6bd7df9cd6d9d0e2d53f465c0 -> 
  custom:scripting/monoscript/fileName/FPSDisplay.cs: 4de2b1268e0d108618b876b31a439b05 -> 
  custom:scripting/monoscript/fileName/FCGWaypointsContainer.cs: f1aa8b423032ac773bb442d6e30c6108 -> 
  custom:container-muxer-webm: aa71ff27fc2769a1b78a27578f13a17b -> 
  custom:video-decoder-webm-vp8: 9c59270c3fd7afecdb556c50c9e8de78 -> 
  custom:SearchIndexIgnoredProperties: e643bd26f0fe6173181afceb89e7c659 -> 
  custom:AudioImporter_EditorPlatform: d09bf68614088b80899f8185d706f6e7 -> 
  custom:scripting/monoscript/fileName/IconManager.cs: b17f7eb2a8b7b008ed03deff11b16b6b -> 
  custom:scripting/monoscript/fileName/FCGWPEditor.cs: 4d1272238ab6e4c7351069b0255523f4 -> 
  custom:scripting/monoscript/fileName/MobileControl.cs: 17b03000c09b01ce0ce5f0d6351435f9 -> 
  custom:scripting/monoscript/fileName/TFShiftHand2.cs: cab6824db3f629445a5159ae4f2fb59e -> 
  custom:scripting/monoscript/fileName/Mesh_CombineUtility.cs: bc5693d72d01f5849b38ad6129367987 -> 
  custom:scripting/monoscript/fileName/TrafficLights.cs: d8382041047660a71e759ce83dcd5292 -> 
  custom:scripting/monoscript/fileName/RunTimeSample.cs: 3588caa621dd2f9cc8eaa9b0aaca1301 -> 
  custom:video-encoder-webm-vp8: eb34c28f22e8b96e1ab97ce403110664 -> 
  custom:scripting/monoscript/fileName/ShiftAtRuntime.cs: 584eb13d96dd3e52f581d42f4d4e7ed1 -> 
  custom:audio-decoder-ogg-vorbis: bf7c407c2cedff20999df2af8eb42d56 -> 
  custom:scripting/monoscript/fileName/TrafficSystem.cs: b605b9c05ae9094e698059a55e564961 -> 
  custom:scripting/monoscript/fileName/FreeCamera.cs: fc10c696f65d6a2ebb3784b56fef3653 -> 
  custom:scripting/monoscript/fileName/TrafficCar.cs: aeb5782be4b595f6598bbef58650bfa0 -> 
  custom:audio-encoder-webm-vorbis: bf7c407c2cedff20999df2af8eb42d56 -> 
  custom:scripting/monoscript/fileName/TCarEditor.cs: 474d2942467536eb9be4e93849f614a2 -> 
  custom:scripting/monoscript/fileName/CityGenerator.cs: f32a907649e0ebba7a7c57dc6010ae19 -> 
  custom:scripting/precompiled-assembly-types:Assembly-CSharp: 7db86819915d6ebc252d7bc093edc0d6 -> 776feee1919e8dacc2cce1416c6c097f
========================================================================
Received Prepare
Caller must complete domain reload
Begin MonoManager ReloadAssembly
- Loaded All Assemblies, in  0.624 seconds
Native extension for WindowsStandalone target not found
Native extension for iOS target not found
Native extension for Android target not found
Native extension for WebGL target not found
Mono: successfully reloaded assembly
- Finished resetting the current domain, in  1.515 seconds
Domain Reload Profiling: 2126ms
	BeginReloadAssembly (194ms)
		ExecutionOrderSort (0ms)
		DisableScriptedObjects (7ms)
		BackupInstance (0ms)
		ReleaseScriptingObjects (0ms)
		CreateAndSetChildDomain (29ms)
	RebuildCommonClasses (31ms)
	RebuildNativeTypeToScriptingClass (10ms)
	initialDomainReloadingComplete (57ms)
	LoadAllAssembliesAndSetupDomain (317ms)
		LoadAssemblies (423ms)
		RebuildTransferFunctionScriptingTraits (0ms)
		AnalyzeDomain (13ms)
			TypeCache.Refresh (5ms)
				TypeCache.ScanAssembly (0ms)
			ScanForSourceGeneratedMonoScriptInfo (0ms)
			ResolveRequiredComponents (6ms)
	FinalizeReload (1516ms)
		ReleaseScriptCaches (0ms)
		RebuildScriptCaches (0ms)
		SetupLoadedEditorAssemblies (500ms)
			LogAssemblyErrors (0ms)
			InitializePlatformSupportModulesInManaged (47ms)
			SetLoadedEditorAssemblies (5ms)
			RefreshPlugins (0ms)
			BeforeProcessingInitializeOnLoad (90ms)
			ProcessInitializeOnLoadAttributes (315ms)
			ProcessInitializeOnLoadMethodAttributes (24ms)
			AfterProcessingInitializeOnLoad (17ms)
			EditorAssembliesLoaded (0ms)
		ExecutionOrderSort2 (0ms)
		AwakeInstancesAfterBackupRestoration (20ms)
Refreshing native plugins compatible for Editor in 14.58 ms, found 3 plugins.
Preloading 0 native plugins for Editor in 0.00 ms.
Unloading 3124 Unused Serialized files (Serialized files now loaded: 0)
Unloading 14 unused Assets / (28.5 KB). Loaded Objects now: 3650.
Memory consumption went from 142.3 MB to 142.3 MB.
Total: 4.706100 ms (FindLiveObjects: 0.344900 ms CreateObjectMapping: 0.151500 ms MarkObjects: 4.150600 ms  DeleteObjects: 0.058100 ms)

Prepare: number of updated asset objects reloaded= 0
AssetImportParameters requested are different than current active one (requested -> active):
  custom:container-demuxer-ogg: 62fdf1f143b41e24485cea50d1cbac27 -> 
  custom:scripting/monoscript/fileName/DataSpawn.cs: a565763f8d07ffbd6e59b4c9d60f3ac6 -> 
  custom:scripting/monoscript/fileName/WaterSample.cs: b7b1246dbee007ce86fe9dd92884507e -> 
  custom:video-codec-MediaFoundation-h265: 746d11721c4dcdbdad8f713fa42b33f4 -> 
  custom:video-decoder-ogg-theora: a1e56fd34408186e4bbccfd4996cb3dc -> 
  custom:framework-win-MediaFoundation: 216162199b28c13a410421893ffa2e32 -> 
  custom:scripting/monoscript/fileName/DayNightEditor.cs: 4a28545b3fee7650bf9a3f6ead73131b -> 
  custom:scripting/monoscript/fileName/DayNight.cs: eb1bb1ed9672239e117138d38ca5c1e5 -> 
  custom:scripting/monoscript/fileName/TFShiftHand.cs: 09b595d983316e2d865c159f589d7243 -> 
  custom:CustomObjectIndexerAttribute: 9a22284fe3817be447336de3de66b15e -> 
  custom:container-demuxer-webm: 4f35f7cbe854078d1ac9338744f61a02 -> 
  custom:scripting/monoscript/fileName/FCityGenerator.cs: 3927c4569b14106444b04866ed0eb5ee -> 
  custom:scripting/monoscript/fileName/TrafficLight.cs: 29bae59745cbc247ca2b8b6e626c6eaf -> 
  custom:scripting/monoscript/fileName/CharacterControl.cs: a4c06e8e0fdcc281e6253ecc26a15743 -> 
  custom:scripting/monoscript/fileName/TrafficLights2.cs: aa6b88c6bd7df9cd6d9d0e2d53f465c0 -> 
  custom:scripting/monoscript/fileName/FPSDisplay.cs: 4de2b1268e0d108618b876b31a439b05 -> 
  custom:scripting/monoscript/fileName/FCGWaypointsContainer.cs: f1aa8b423032ac773bb442d6e30c6108 -> 
  custom:container-muxer-webm: aa71ff27fc2769a1b78a27578f13a17b -> 
  custom:video-decoder-webm-vp8: 9c59270c3fd7afecdb556c50c9e8de78 -> 
  custom:SearchIndexIgnoredProperties: e643bd26f0fe6173181afceb89e7c659 -> 
  custom:AudioImporter_EditorPlatform: d09bf68614088b80899f8185d706f6e7 -> 
  custom:scripting/monoscript/fileName/IconManager.cs: b17f7eb2a8b7b008ed03deff11b16b6b -> 
  custom:scripting/monoscript/fileName/FCGWPEditor.cs: 4d1272238ab6e4c7351069b0255523f4 -> 
  custom:scripting/monoscript/fileName/MobileControl.cs: 17b03000c09b01ce0ce5f0d6351435f9 -> 
  custom:scripting/monoscript/fileName/TFShiftHand2.cs: cab6824db3f629445a5159ae4f2fb59e -> 
  custom:scripting/monoscript/fileName/Mesh_CombineUtility.cs: bc5693d72d01f5849b38ad6129367987 -> 
  custom:scripting/monoscript/fileName/TrafficLights.cs: d8382041047660a71e759ce83dcd5292 -> 
  custom:scripting/monoscript/fileName/RunTimeSample.cs: 3588caa621dd2f9cc8eaa9b0aaca1301 -> 
  custom:video-encoder-webm-vp8: eb34c28f22e8b96e1ab97ce403110664 -> 
  custom:scripting/monoscript/fileName/ShiftAtRuntime.cs: 584eb13d96dd3e52f581d42f4d4e7ed1 -> 
  custom:audio-decoder-ogg-vorbis: bf7c407c2cedff20999df2af8eb42d56 -> 
  custom:scripting/monoscript/fileName/TrafficSystem.cs: b605b9c05ae9094e698059a55e564961 -> 
  custom:scripting/monoscript/fileName/FreeCamera.cs: fc10c696f65d6a2ebb3784b56fef3653 -> 
  custom:scripting/monoscript/fileName/TrafficCar.cs: aeb5782be4b595f6598bbef58650bfa0 -> 
  custom:audio-encoder-webm-vorbis: bf7c407c2cedff20999df2af8eb42d56 -> 
  custom:scripting/monoscript/fileName/TCarEditor.cs: 474d2942467536eb9be4e93849f614a2 -> 
  custom:scripting/monoscript/fileName/CityGenerator.cs: f32a907649e0ebba7a7c57dc6010ae19 -> 
  custom:scripting/precompiled-assembly-types:Assembly-CSharp: 7db86819915d6ebc252d7bc093edc0d6 -> 776feee1919e8dacc2cce1416c6c097f
========================================================================
Received Prepare
Caller must complete domain reload
Begin MonoManager ReloadAssembly
- Loaded All Assemblies, in  1.021 seconds
Native extension for WindowsStandalone target not found
Native extension for iOS target not found
Native extension for Android target not found
Native extension for WebGL target not found
Mono: successfully reloaded assembly
- Finished resetting the current domain, in  1.305 seconds
Domain Reload Profiling: 2305ms
	BeginReloadAssembly (363ms)
		ExecutionOrderSort (0ms)
		DisableScriptedObjects (13ms)
		BackupInstance (0ms)
		ReleaseScriptingObjects (0ms)
		CreateAndSetChildDomain (51ms)
	RebuildCommonClasses (63ms)
	RebuildNativeTypeToScriptingClass (24ms)
	initialDomainReloadingComplete (76ms)
	LoadAllAssembliesAndSetupDomain (474ms)
		LoadAssemblies (684ms)
		RebuildTransferFunctionScriptingTraits (0ms)
		AnalyzeDomain (30ms)
			TypeCache.Refresh (15ms)
				TypeCache.ScanAssembly (1ms)
			ScanForSourceGeneratedMonoScriptInfo (7ms)
			ResolveRequiredComponents (6ms)
	FinalizeReload (1306ms)
		ReleaseScriptCaches (0ms)
		RebuildScriptCaches (0ms)
		SetupLoadedEditorAssemblies (460ms)
			LogAssemblyErrors (0ms)
			InitializePlatformSupportModulesInManaged (42ms)
			SetLoadedEditorAssemblies (3ms)
			RefreshPlugins (0ms)
			BeforeProcessingInitializeOnLoad (85ms)
			ProcessInitializeOnLoadAttributes (278ms)
			ProcessInitializeOnLoadMethodAttributes (25ms)
			AfterProcessingInitializeOnLoad (27ms)
			EditorAssembliesLoaded (0ms)
		ExecutionOrderSort2 (0ms)
		AwakeInstancesAfterBackupRestoration (16ms)
Refreshing native plugins compatible for Editor in 12.90 ms, found 3 plugins.
Preloading 0 native plugins for Editor in 0.00 ms.
Unloading 3124 Unused Serialized files (Serialized files now loaded: 0)
Unloading 14 unused Assets / (28.5 KB). Loaded Objects now: 3653.
Memory consumption went from 142.3 MB to 142.3 MB.
Total: 5.779000 ms (FindLiveObjects: 0.512000 ms CreateObjectMapping: 0.204300 ms MarkObjects: 5.000300 ms  DeleteObjects: 0.061000 ms)

Prepare: number of updated asset objects reloaded= 0
AssetImportParameters requested are different than current active one (requested -> active):
  custom:container-demuxer-ogg: 62fdf1f143b41e24485cea50d1cbac27 -> 
  custom:scripting/monoscript/fileName/DataSpawn.cs: a565763f8d07ffbd6e59b4c9d60f3ac6 -> 
  custom:scripting/monoscript/fileName/WaterSample.cs: b7b1246dbee007ce86fe9dd92884507e -> 
  custom:video-codec-MediaFoundation-h265: 746d11721c4dcdbdad8f713fa42b33f4 -> 
  custom:video-decoder-ogg-theora: a1e56fd34408186e4bbccfd4996cb3dc -> 
  custom:framework-win-MediaFoundation: 216162199b28c13a410421893ffa2e32 -> 
  custom:scripting/monoscript/fileName/DayNightEditor.cs: 4a28545b3fee7650bf9a3f6ead73131b -> 
  custom:scripting/monoscript/fileName/DayNight.cs: eb1bb1ed9672239e117138d38ca5c1e5 -> 
  custom:scripting/monoscript/fileName/TFShiftHand.cs: 09b595d983316e2d865c159f589d7243 -> 
  custom:CustomObjectIndexerAttribute: 9a22284fe3817be447336de3de66b15e -> 
  custom:container-demuxer-webm: 4f35f7cbe854078d1ac9338744f61a02 -> 
  custom:scripting/monoscript/fileName/FCityGenerator.cs: 3927c4569b14106444b04866ed0eb5ee -> 
  custom:scripting/monoscript/fileName/TrafficLight.cs: 29bae59745cbc247ca2b8b6e626c6eaf -> 
  custom:scripting/monoscript/fileName/CharacterControl.cs: a4c06e8e0fdcc281e6253ecc26a15743 -> 
  custom:scripting/monoscript/fileName/TrafficLights2.cs: aa6b88c6bd7df9cd6d9d0e2d53f465c0 -> 
  custom:scripting/monoscript/fileName/FPSDisplay.cs: 4de2b1268e0d108618b876b31a439b05 -> 
  custom:scripting/monoscript/fileName/FCGWaypointsContainer.cs: f1aa8b423032ac773bb442d6e30c6108 -> 
  custom:container-muxer-webm: aa71ff27fc2769a1b78a27578f13a17b -> 
  custom:video-decoder-webm-vp8: 9c59270c3fd7afecdb556c50c9e8de78 -> 
  custom:SearchIndexIgnoredProperties: e643bd26f0fe6173181afceb89e7c659 -> 
  custom:AudioImporter_EditorPlatform: d09bf68614088b80899f8185d706f6e7 -> 
  custom:scripting/monoscript/fileName/IconManager.cs: b17f7eb2a8b7b008ed03deff11b16b6b -> 
  custom:scripting/monoscript/fileName/FCGWPEditor.cs: 4d1272238ab6e4c7351069b0255523f4 -> 
  custom:scripting/monoscript/fileName/MobileControl.cs: 17b03000c09b01ce0ce5f0d6351435f9 -> 
  custom:scripting/monoscript/fileName/TFShiftHand2.cs: cab6824db3f629445a5159ae4f2fb59e -> 
  custom:scripting/monoscript/fileName/Mesh_CombineUtility.cs: bc5693d72d01f5849b38ad6129367987 -> 
  custom:scripting/monoscript/fileName/TrafficLights.cs: d8382041047660a71e759ce83dcd5292 -> 
  custom:scripting/monoscript/fileName/RunTimeSample.cs: 3588caa621dd2f9cc8eaa9b0aaca1301 -> 
  custom:video-encoder-webm-vp8: eb34c28f22e8b96e1ab97ce403110664 -> 
  custom:scripting/monoscript/fileName/ShiftAtRuntime.cs: 584eb13d96dd3e52f581d42f4d4e7ed1 -> 
  custom:audio-decoder-ogg-vorbis: bf7c407c2cedff20999df2af8eb42d56 -> 
  custom:scripting/monoscript/fileName/TrafficSystem.cs: b605b9c05ae9094e698059a55e564961 -> 
  custom:scripting/monoscript/fileName/FreeCamera.cs: fc10c696f65d6a2ebb3784b56fef3653 -> 
  custom:scripting/monoscript/fileName/TrafficCar.cs: aeb5782be4b595f6598bbef58650bfa0 -> 
  custom:audio-encoder-webm-vorbis: bf7c407c2cedff20999df2af8eb42d56 -> 
  custom:scripting/monoscript/fileName/TCarEditor.cs: 474d2942467536eb9be4e93849f614a2 -> 
  custom:scripting/monoscript/fileName/CityGenerator.cs: f32a907649e0ebba7a7c57dc6010ae19 -> 
  custom:scripting/precompiled-assembly-types:Assembly-CSharp: dc61e766404ca823856fd7f11c1bb790 -> 776feee1919e8dacc2cce1416c6c097f
========================================================================
Received Prepare
Caller must complete domain reload
Begin MonoManager ReloadAssembly
- Loaded All Assemblies, in  0.627 seconds
Native extension for WindowsStandalone target not found
Native extension for iOS target not found
Native extension for Android target not found
Native extension for WebGL target not found
Mono: successfully reloaded assembly
- Finished resetting the current domain, in  1.508 seconds
Domain Reload Profiling: 2127ms
	BeginReloadAssembly (199ms)
		ExecutionOrderSort (0ms)
		DisableScriptedObjects (6ms)
		BackupInstance (0ms)
		ReleaseScriptingObjects (0ms)
		CreateAndSetChildDomain (31ms)
	RebuildCommonClasses (33ms)
	RebuildNativeTypeToScriptingClass (12ms)
	initialDomainReloadingComplete (52ms)
	LoadAllAssembliesAndSetupDomain (324ms)
		LoadAssemblies (432ms)
		RebuildTransferFunctionScriptingTraits (0ms)
		AnalyzeDomain (16ms)
			TypeCache.Refresh (6ms)
				TypeCache.ScanAssembly (0ms)
			ScanForSourceGeneratedMonoScriptInfo (0ms)
			ResolveRequiredComponents (7ms)
	FinalizeReload (1508ms)
		ReleaseScriptCaches (0ms)
		RebuildScriptCaches (0ms)
		SetupLoadedEditorAssemblies (495ms)
			LogAssemblyErrors (0ms)
			InitializePlatformSupportModulesInManaged (52ms)
			SetLoadedEditorAssemblies (3ms)
			RefreshPlugins (0ms)
			BeforeProcessingInitializeOnLoad (89ms)
			ProcessInitializeOnLoadAttributes (307ms)
			ProcessInitializeOnLoadMethodAttributes (24ms)
			AfterProcessingInitializeOnLoad (18ms)
			EditorAssembliesLoaded (0ms)
		ExecutionOrderSort2 (0ms)
		AwakeInstancesAfterBackupRestoration (19ms)
Refreshing native plugins compatible for Editor in 15.11 ms, found 3 plugins.
Preloading 0 native plugins for Editor in 0.00 ms.
Unloading 3124 Unused Serialized files (Serialized files now loaded: 0)
Unloading 14 unused Assets / (28.5 KB). Loaded Objects now: 3656.
Memory consumption went from 142.3 MB to 142.3 MB.
Total: 3.280400 ms (FindLiveObjects: 0.321200 ms CreateObjectMapping: 0.151900 ms MarkObjects: 2.748700 ms  DeleteObjects: 0.057500 ms)

Prepare: number of updated asset objects reloaded= 0
AssetImportParameters requested are different than current active one (requested -> active):
  custom:container-demuxer-ogg: 62fdf1f143b41e24485cea50d1cbac27 -> 
  custom:scripting/monoscript/fileName/DataSpawn.cs: a565763f8d07ffbd6e59b4c9d60f3ac6 -> 
  custom:scripting/monoscript/fileName/WaterSample.cs: b7b1246dbee007ce86fe9dd92884507e -> 
  custom:video-codec-MediaFoundation-h265: 746d11721c4dcdbdad8f713fa42b33f4 -> 
  custom:video-decoder-ogg-theora: a1e56fd34408186e4bbccfd4996cb3dc -> 
  custom:framework-win-MediaFoundation: 216162199b28c13a410421893ffa2e32 -> 
  custom:scripting/monoscript/fileName/DayNightEditor.cs: 4a28545b3fee7650bf9a3f6ead73131b -> 
  custom:scripting/monoscript/fileName/DayNight.cs: eb1bb1ed9672239e117138d38ca5c1e5 -> 
  custom:scripting/monoscript/fileName/TFShiftHand.cs: 09b595d983316e2d865c159f589d7243 -> 
  custom:CustomObjectIndexerAttribute: 9a22284fe3817be447336de3de66b15e -> 
  custom:container-demuxer-webm: 4f35f7cbe854078d1ac9338744f61a02 -> 
  custom:scripting/monoscript/fileName/FCityGenerator.cs: 3927c4569b14106444b04866ed0eb5ee -> 
  custom:scripting/monoscript/fileName/TrafficLight.cs: 29bae59745cbc247ca2b8b6e626c6eaf -> 
  custom:scripting/monoscript/fileName/CharacterControl.cs: a4c06e8e0fdcc281e6253ecc26a15743 -> 
  custom:scripting/monoscript/fileName/TrafficLights2.cs: aa6b88c6bd7df9cd6d9d0e2d53f465c0 -> 
  custom:scripting/monoscript/fileName/FPSDisplay.cs: 4de2b1268e0d108618b876b31a439b05 -> 
  custom:scripting/monoscript/fileName/FCGWaypointsContainer.cs: f1aa8b423032ac773bb442d6e30c6108 -> 
  custom:container-muxer-webm: aa71ff27fc2769a1b78a27578f13a17b -> 
  custom:video-decoder-webm-vp8: 9c59270c3fd7afecdb556c50c9e8de78 -> 
  custom:SearchIndexIgnoredProperties: e643bd26f0fe6173181afceb89e7c659 -> 
  custom:AudioImporter_EditorPlatform: d09bf68614088b80899f8185d706f6e7 -> 
  custom:scripting/monoscript/fileName/IconManager.cs: b17f7eb2a8b7b008ed03deff11b16b6b -> 
  custom:scripting/monoscript/fileName/FCGWPEditor.cs: 4d1272238ab6e4c7351069b0255523f4 -> 
  custom:scripting/monoscript/fileName/MobileControl.cs: 17b03000c09b01ce0ce5f0d6351435f9 -> 
  custom:scripting/monoscript/fileName/TFShiftHand2.cs: cab6824db3f629445a5159ae4f2fb59e -> 
  custom:scripting/monoscript/fileName/Mesh_CombineUtility.cs: bc5693d72d01f5849b38ad6129367987 -> 
  custom:scripting/monoscript/fileName/TrafficLights.cs: d8382041047660a71e759ce83dcd5292 -> 
  custom:scripting/monoscript/fileName/RunTimeSample.cs: 3588caa621dd2f9cc8eaa9b0aaca1301 -> 
  custom:video-encoder-webm-vp8: eb34c28f22e8b96e1ab97ce403110664 -> 
  custom:scripting/monoscript/fileName/ShiftAtRuntime.cs: 584eb13d96dd3e52f581d42f4d4e7ed1 -> 
  custom:audio-decoder-ogg-vorbis: bf7c407c2cedff20999df2af8eb42d56 -> 
  custom:scripting/monoscript/fileName/TrafficSystem.cs: b605b9c05ae9094e698059a55e564961 -> 
  custom:scripting/monoscript/fileName/FreeCamera.cs: fc10c696f65d6a2ebb3784b56fef3653 -> 
  custom:scripting/monoscript/fileName/TrafficCar.cs: aeb5782be4b595f6598bbef58650bfa0 -> 
  custom:audio-encoder-webm-vorbis: bf7c407c2cedff20999df2af8eb42d56 -> 
  custom:scripting/monoscript/fileName/TCarEditor.cs: 474d2942467536eb9be4e93849f614a2 -> 
  custom:scripting/monoscript/fileName/CityGenerator.cs: f32a907649e0ebba7a7c57dc6010ae19 -> 
  custom:scripting/precompiled-assembly-types:Assembly-CSharp: dc61e766404ca823856fd7f11c1bb790 -> 776feee1919e8dacc2cce1416c6c097f
========================================================================
Received Prepare
Caller must complete domain reload
Begin MonoManager ReloadAssembly
- Loaded All Assemblies, in  1.035 seconds
Native extension for WindowsStandalone target not found
Native extension for iOS target not found
Native extension for Android target not found
Native extension for WebGL target not found
Mono: successfully reloaded assembly
- Finished resetting the current domain, in  2.453 seconds
Domain Reload Profiling: 3478ms
	BeginReloadAssembly (355ms)
		ExecutionOrderSort (0ms)
		DisableScriptedObjects (7ms)
		BackupInstance (0ms)
		ReleaseScriptingObjects (0ms)
		CreateAndSetChildDomain (100ms)
	RebuildCommonClasses (34ms)
	RebuildNativeTypeToScriptingClass (11ms)
	initialDomainReloadingComplete (51ms)
	LoadAllAssembliesAndSetupDomain (575ms)
		LoadAssemblies (732ms)
		RebuildTransferFunctionScriptingTraits (0ms)
		AnalyzeDomain (33ms)
			TypeCache.Refresh (16ms)
				TypeCache.ScanAssembly (1ms)
			ScanForSourceGeneratedMonoScriptInfo (9ms)
			ResolveRequiredComponents (6ms)
	FinalizeReload (2453ms)
		ReleaseScriptCaches (0ms)
		RebuildScriptCaches (0ms)
		SetupLoadedEditorAssemblies (472ms)
			LogAssemblyErrors (0ms)
			InitializePlatformSupportModulesInManaged (47ms)
			SetLoadedEditorAssemblies (4ms)
			RefreshPlugins (0ms)
			BeforeProcessingInitializeOnLoad (85ms)
			ProcessInitializeOnLoadAttributes (296ms)
			ProcessInitializeOnLoadMethodAttributes (23ms)
			AfterProcessingInitializeOnLoad (18ms)
			EditorAssembliesLoaded (0ms)
		ExecutionOrderSort2 (0ms)
		AwakeInstancesAfterBackupRestoration (19ms)
Refreshing native plugins compatible for Editor in 12.19 ms, found 3 plugins.
Preloading 0 native plugins for Editor in 0.00 ms.
Unloading 3124 Unused Serialized files (Serialized files now loaded: 0)
Unloading 14 unused Assets / (28.5 KB). Loaded Objects now: 3659.
Memory consumption went from 142.3 MB to 142.3 MB.
Total: 4.318800 ms (FindLiveObjects: 0.319000 ms CreateObjectMapping: 0.154900 ms MarkObjects: 3.768200 ms  DeleteObjects: 0.075600 ms)

Prepare: number of updated asset objects reloaded= 0
AssetImportParameters requested are different than current active one (requested -> active):
  custom:container-demuxer-ogg: 62fdf1f143b41e24485cea50d1cbac27 -> 
  custom:scripting/monoscript/fileName/DataSpawn.cs: a565763f8d07ffbd6e59b4c9d60f3ac6 -> 
  custom:scripting/monoscript/fileName/WaterSample.cs: b7b1246dbee007ce86fe9dd92884507e -> 
  custom:video-codec-MediaFoundation-h265: 746d11721c4dcdbdad8f713fa42b33f4 -> 
  custom:video-decoder-ogg-theora: a1e56fd34408186e4bbccfd4996cb3dc -> 
  custom:framework-win-MediaFoundation: 216162199b28c13a410421893ffa2e32 -> 
  custom:scripting/monoscript/fileName/DayNightEditor.cs: 4a28545b3fee7650bf9a3f6ead73131b -> 
  custom:scripting/monoscript/fileName/DayNight.cs: eb1bb1ed9672239e117138d38ca5c1e5 -> 
  custom:scripting/monoscript/fileName/TFShiftHand.cs: 09b595d983316e2d865c159f589d7243 -> 
  custom:CustomObjectIndexerAttribute: 9a22284fe3817be447336de3de66b15e -> 
  custom:container-demuxer-webm: 4f35f7cbe854078d1ac9338744f61a02 -> 
  custom:scripting/monoscript/fileName/FCityGenerator.cs: 3927c4569b14106444b04866ed0eb5ee -> 
  custom:scripting/monoscript/fileName/TrafficLight.cs: 29bae59745cbc247ca2b8b6e626c6eaf -> 
  custom:scripting/monoscript/fileName/CharacterControl.cs: a4c06e8e0fdcc281e6253ecc26a15743 -> 
  custom:scripting/monoscript/fileName/TrafficLights2.cs: aa6b88c6bd7df9cd6d9d0e2d53f465c0 -> 
  custom:scripting/monoscript/fileName/FPSDisplay.cs: 4de2b1268e0d108618b876b31a439b05 -> 
  custom:scripting/monoscript/fileName/FCGWaypointsContainer.cs: f1aa8b423032ac773bb442d6e30c6108 -> 
  custom:container-muxer-webm: aa71ff27fc2769a1b78a27578f13a17b -> 
  custom:video-decoder-webm-vp8: 9c59270c3fd7afecdb556c50c9e8de78 -> 
  custom:SearchIndexIgnoredProperties: e643bd26f0fe6173181afceb89e7c659 -> 
  custom:AudioImporter_EditorPlatform: d09bf68614088b80899f8185d706f6e7 -> 
  custom:scripting/monoscript/fileName/IconManager.cs: b17f7eb2a8b7b008ed03deff11b16b6b -> 
  custom:scripting/monoscript/fileName/FCGWPEditor.cs: 4d1272238ab6e4c7351069b0255523f4 -> 
  custom:scripting/monoscript/fileName/MobileControl.cs: 17b03000c09b01ce0ce5f0d6351435f9 -> 
  custom:scripting/monoscript/fileName/TFShiftHand2.cs: cab6824db3f629445a5159ae4f2fb59e -> 
  custom:scripting/monoscript/fileName/Mesh_CombineUtility.cs: bc5693d72d01f5849b38ad6129367987 -> 
  custom:scripting/monoscript/fileName/TrafficLights.cs: d8382041047660a71e759ce83dcd5292 -> 
  custom:scripting/monoscript/fileName/RunTimeSample.cs: 3588caa621dd2f9cc8eaa9b0aaca1301 -> 
  custom:video-encoder-webm-vp8: eb34c28f22e8b96e1ab97ce403110664 -> 
  custom:scripting/monoscript/fileName/ShiftAtRuntime.cs: 584eb13d96dd3e52f581d42f4d4e7ed1 -> 
  custom:audio-decoder-ogg-vorbis: bf7c407c2cedff20999df2af8eb42d56 -> 
  custom:scripting/monoscript/fileName/TrafficSystem.cs: b605b9c05ae9094e698059a55e564961 -> 
  custom:scripting/monoscript/fileName/FreeCamera.cs: fc10c696f65d6a2ebb3784b56fef3653 -> 
  custom:scripting/monoscript/fileName/TrafficCar.cs: aeb5782be4b595f6598bbef58650bfa0 -> 
  custom:audio-encoder-webm-vorbis: bf7c407c2cedff20999df2af8eb42d56 -> 
  custom:scripting/monoscript/fileName/TCarEditor.cs: 474d2942467536eb9be4e93849f614a2 -> 
  custom:scripting/monoscript/fileName/CityGenerator.cs: f32a907649e0ebba7a7c57dc6010ae19 -> 
  custom:scripting/precompiled-assembly-types:Assembly-CSharp: dc61e766404ca823856fd7f11c1bb790 -> 776feee1919e8dacc2cce1416c6c097f
========================================================================
Received Prepare
Caller must complete domain reload
Begin MonoManager ReloadAssembly
- Loaded All Assemblies, in  0.751 seconds
Native extension for WindowsStandalone target not found
Native extension for iOS target not found
Native extension for Android target not found
Native extension for WebGL target not found
Mono: successfully reloaded assembly
- Finished resetting the current domain, in  1.443 seconds
Domain Reload Profiling: 2184ms
	BeginReloadAssembly (259ms)
		ExecutionOrderSort (0ms)
		DisableScriptedObjects (6ms)
		BackupInstance (0ms)
		ReleaseScriptingObjects (0ms)
		CreateAndSetChildDomain (44ms)
	RebuildCommonClasses (43ms)
	RebuildNativeTypeToScriptingClass (14ms)
	initialDomainReloadingComplete (53ms)
	LoadAllAssembliesAndSetupDomain (371ms)
		LoadAssemblies (519ms)
		RebuildTransferFunctionScriptingTraits (0ms)
		AnalyzeDomain (16ms)
			TypeCache.Refresh (6ms)
				TypeCache.ScanAssembly (0ms)
			ScanForSourceGeneratedMonoScriptInfo (0ms)
			ResolveRequiredComponents (8ms)
	FinalizeReload (1444ms)
		ReleaseScriptCaches (0ms)
		RebuildScriptCaches (0ms)
		SetupLoadedEditorAssemblies (518ms)
			LogAssemblyErrors (0ms)
			InitializePlatformSupportModulesInManaged (50ms)
			SetLoadedEditorAssemblies (5ms)
			RefreshPlugins (0ms)
			BeforeProcessingInitializeOnLoad (95ms)
			ProcessInitializeOnLoadAttributes (320ms)
			ProcessInitializeOnLoadMethodAttributes (27ms)
			AfterProcessingInitializeOnLoad (21ms)
			EditorAssembliesLoaded (0ms)
		ExecutionOrderSort2 (0ms)
		AwakeInstancesAfterBackupRestoration (19ms)
Refreshing native plugins compatible for Editor in 11.76 ms, found 3 plugins.
Preloading 0 native plugins for Editor in 0.00 ms.
Unloading 3124 Unused Serialized files (Serialized files now loaded: 0)
Unloading 14 unused Assets / (28.5 KB). Loaded Objects now: 3662.
Memory consumption went from 142.3 MB to 142.3 MB.
Total: 10.026100 ms (FindLiveObjects: 0.837900 ms CreateObjectMapping: 0.296700 ms MarkObjects: 8.806400 ms  DeleteObjects: 0.083700 ms)

Prepare: number of updated asset objects reloaded= 0
AssetImportParameters requested are different than current active one (requested -> active):
  custom:container-demuxer-ogg: 62fdf1f143b41e24485cea50d1cbac27 -> 
  custom:scripting/monoscript/fileName/DataSpawn.cs: a565763f8d07ffbd6e59b4c9d60f3ac6 -> 
  custom:scripting/monoscript/fileName/WaterSample.cs: b7b1246dbee007ce86fe9dd92884507e -> 
  custom:video-codec-MediaFoundation-h265: 746d11721c4dcdbdad8f713fa42b33f4 -> 
  custom:video-decoder-ogg-theora: a1e56fd34408186e4bbccfd4996cb3dc -> 
  custom:framework-win-MediaFoundation: 216162199b28c13a410421893ffa2e32 -> 
  custom:scripting/monoscript/fileName/DayNightEditor.cs: 4a28545b3fee7650bf9a3f6ead73131b -> 
  custom:scripting/monoscript/fileName/DayNight.cs: eb1bb1ed9672239e117138d38ca5c1e5 -> 
  custom:scripting/monoscript/fileName/TFShiftHand.cs: 09b595d983316e2d865c159f589d7243 -> 
  custom:CustomObjectIndexerAttribute: 9a22284fe3817be447336de3de66b15e -> 
  custom:container-demuxer-webm: 4f35f7cbe854078d1ac9338744f61a02 -> 
  custom:scripting/monoscript/fileName/FCityGenerator.cs: 3927c4569b14106444b04866ed0eb5ee -> 
  custom:scripting/monoscript/fileName/TrafficLight.cs: 29bae59745cbc247ca2b8b6e626c6eaf -> 
  custom:scripting/monoscript/fileName/CharacterControl.cs: a4c06e8e0fdcc281e6253ecc26a15743 -> 
  custom:scripting/monoscript/fileName/TrafficLights2.cs: aa6b88c6bd7df9cd6d9d0e2d53f465c0 -> 
  custom:scripting/monoscript/fileName/FPSDisplay.cs: 4de2b1268e0d108618b876b31a439b05 -> 
  custom:scripting/monoscript/fileName/FCGWaypointsContainer.cs: f1aa8b423032ac773bb442d6e30c6108 -> 
  custom:container-muxer-webm: aa71ff27fc2769a1b78a27578f13a17b -> 
  custom:video-decoder-webm-vp8: 9c59270c3fd7afecdb556c50c9e8de78 -> 
  custom:SearchIndexIgnoredProperties: e643bd26f0fe6173181afceb89e7c659 -> 
  custom:AudioImporter_EditorPlatform: d09bf68614088b80899f8185d706f6e7 -> 
  custom:scripting/monoscript/fileName/IconManager.cs: b17f7eb2a8b7b008ed03deff11b16b6b -> 
  custom:scripting/monoscript/fileName/FCGWPEditor.cs: 4d1272238ab6e4c7351069b0255523f4 -> 
  custom:scripting/monoscript/fileName/MobileControl.cs: 17b03000c09b01ce0ce5f0d6351435f9 -> 
  custom:scripting/monoscript/fileName/TFShiftHand2.cs: cab6824db3f629445a5159ae4f2fb59e -> 
  custom:scripting/monoscript/fileName/Mesh_CombineUtility.cs: bc5693d72d01f5849b38ad6129367987 -> 
  custom:scripting/monoscript/fileName/TrafficLights.cs: d8382041047660a71e759ce83dcd5292 -> 
  custom:scripting/monoscript/fileName/RunTimeSample.cs: 3588caa621dd2f9cc8eaa9b0aaca1301 -> 
  custom:video-encoder-webm-vp8: eb34c28f22e8b96e1ab97ce403110664 -> 
  custom:scripting/monoscript/fileName/ShiftAtRuntime.cs: 584eb13d96dd3e52f581d42f4d4e7ed1 -> 
  custom:audio-decoder-ogg-vorbis: bf7c407c2cedff20999df2af8eb42d56 -> 
  custom:scripting/monoscript/fileName/TrafficSystem.cs: b605b9c05ae9094e698059a55e564961 -> 
  custom:scripting/monoscript/fileName/FreeCamera.cs: fc10c696f65d6a2ebb3784b56fef3653 -> 
  custom:scripting/monoscript/fileName/TrafficCar.cs: aeb5782be4b595f6598bbef58650bfa0 -> 
  custom:audio-encoder-webm-vorbis: bf7c407c2cedff20999df2af8eb42d56 -> 
  custom:scripting/monoscript/fileName/TCarEditor.cs: 474d2942467536eb9be4e93849f614a2 -> 
  custom:scripting/monoscript/fileName/CityGenerator.cs: f32a907649e0ebba7a7c57dc6010ae19 -> 
  custom:scripting/precompiled-assembly-types:Assembly-CSharp: dc61e766404ca823856fd7f11c1bb790 -> 776feee1919e8dacc2cce1416c6c097f
========================================================================
Received Prepare
Caller must complete domain reload
Begin MonoManager ReloadAssembly
- Loaded All Assemblies, in  0.589 seconds
Native extension for WindowsStandalone target not found
Native extension for iOS target not found
Native extension for Android target not found
Native extension for WebGL target not found
Mono: successfully reloaded assembly
- Finished resetting the current domain, in  1.399 seconds
Domain Reload Profiling: 1979ms
	BeginReloadAssembly (196ms)
		ExecutionOrderSort (0ms)
		DisableScriptedObjects (5ms)
		BackupInstance (0ms)
		ReleaseScriptingObjects (0ms)
		CreateAndSetChildDomain (32ms)
	RebuildCommonClasses (38ms)
	RebuildNativeTypeToScriptingClass (10ms)
	initialDomainReloadingComplete (42ms)
	LoadAllAssembliesAndSetupDomain (293ms)
		LoadAssemblies (401ms)
		RebuildTransferFunctionScriptingTraits (0ms)
		AnalyzeDomain (12ms)
			TypeCache.Refresh (4ms)
				TypeCache.ScanAssembly (0ms)
			ScanForSourceGeneratedMonoScriptInfo (0ms)
			ResolveRequiredComponents (6ms)
	FinalizeReload (1400ms)
		ReleaseScriptCaches (0ms)
		RebuildScriptCaches (0ms)
		SetupLoadedEditorAssemblies (528ms)
			LogAssemblyErrors (0ms)
			InitializePlatformSupportModulesInManaged (58ms)
			SetLoadedEditorAssemblies (4ms)
			RefreshPlugins (0ms)
			BeforeProcessingInitializeOnLoad (95ms)
			ProcessInitializeOnLoadAttributes (324ms)
			ProcessInitializeOnLoadMethodAttributes (26ms)
			AfterProcessingInitializeOnLoad (21ms)
			EditorAssembliesLoaded (0ms)
		ExecutionOrderSort2 (0ms)
		AwakeInstancesAfterBackupRestoration (19ms)
Refreshing native plugins compatible for Editor in 19.00 ms, found 3 plugins.
Preloading 0 native plugins for Editor in 0.00 ms.
Unloading 3124 Unused Serialized files (Serialized files now loaded: 0)
Unloading 14 unused Assets / (28.5 KB). Loaded Objects now: 3665.
Memory consumption went from 142.3 MB to 142.3 MB.
Total: 5.404800 ms (FindLiveObjects: 0.504100 ms CreateObjectMapping: 0.415200 ms MarkObjects: 4.391400 ms  DeleteObjects: 0.092600 ms)

Prepare: number of updated asset objects reloaded= 0
AssetImportParameters requested are different than current active one (requested -> active):
  custom:container-demuxer-ogg: 62fdf1f143b41e24485cea50d1cbac27 -> 
  custom:scripting/monoscript/fileName/DataSpawn.cs: a565763f8d07ffbd6e59b4c9d60f3ac6 -> 
  custom:scripting/monoscript/fileName/WaterSample.cs: b7b1246dbee007ce86fe9dd92884507e -> 
  custom:video-codec-MediaFoundation-h265: 746d11721c4dcdbdad8f713fa42b33f4 -> 
  custom:video-decoder-ogg-theora: a1e56fd34408186e4bbccfd4996cb3dc -> 
  custom:framework-win-MediaFoundation: 216162199b28c13a410421893ffa2e32 -> 
  custom:scripting/monoscript/fileName/DayNightEditor.cs: 4a28545b3fee7650bf9a3f6ead73131b -> 
  custom:scripting/monoscript/fileName/DayNight.cs: eb1bb1ed9672239e117138d38ca5c1e5 -> 
  custom:scripting/monoscript/fileName/TFShiftHand.cs: 09b595d983316e2d865c159f589d7243 -> 
  custom:CustomObjectIndexerAttribute: 9a22284fe3817be447336de3de66b15e -> 
  custom:container-demuxer-webm: 4f35f7cbe854078d1ac9338744f61a02 -> 
  custom:scripting/monoscript/fileName/FCityGenerator.cs: 3927c4569b14106444b04866ed0eb5ee -> 
  custom:scripting/monoscript/fileName/TrafficLight.cs: 29bae59745cbc247ca2b8b6e626c6eaf -> 
  custom:scripting/monoscript/fileName/CharacterControl.cs: a4c06e8e0fdcc281e6253ecc26a15743 -> 
  custom:scripting/monoscript/fileName/TrafficLights2.cs: aa6b88c6bd7df9cd6d9d0e2d53f465c0 -> 
  custom:scripting/monoscript/fileName/FPSDisplay.cs: 4de2b1268e0d108618b876b31a439b05 -> 
  custom:scripting/monoscript/fileName/FCGWaypointsContainer.cs: f1aa8b423032ac773bb442d6e30c6108 -> 
  custom:container-muxer-webm: aa71ff27fc2769a1b78a27578f13a17b -> 
  custom:video-decoder-webm-vp8: 9c59270c3fd7afecdb556c50c9e8de78 -> 
  custom:SearchIndexIgnoredProperties: e643bd26f0fe6173181afceb89e7c659 -> 
  custom:AudioImporter_EditorPlatform: d09bf68614088b80899f8185d706f6e7 -> 
  custom:scripting/monoscript/fileName/IconManager.cs: b17f7eb2a8b7b008ed03deff11b16b6b -> 
  custom:scripting/monoscript/fileName/FCGWPEditor.cs: 4d1272238ab6e4c7351069b0255523f4 -> 
  custom:scripting/monoscript/fileName/MobileControl.cs: 17b03000c09b01ce0ce5f0d6351435f9 -> 
  custom:scripting/monoscript/fileName/TFShiftHand2.cs: cab6824db3f629445a5159ae4f2fb59e -> 
  custom:scripting/monoscript/fileName/Mesh_CombineUtility.cs: bc5693d72d01f5849b38ad6129367987 -> 
  custom:scripting/monoscript/fileName/TrafficLights.cs: d8382041047660a71e759ce83dcd5292 -> 
  custom:scripting/monoscript/fileName/RunTimeSample.cs: 3588caa621dd2f9cc8eaa9b0aaca1301 -> 
  custom:video-encoder-webm-vp8: eb34c28f22e8b96e1ab97ce403110664 -> 
  custom:scripting/monoscript/fileName/ShiftAtRuntime.cs: 584eb13d96dd3e52f581d42f4d4e7ed1 -> 
  custom:audio-decoder-ogg-vorbis: bf7c407c2cedff20999df2af8eb42d56 -> 
  custom:scripting/monoscript/fileName/TrafficSystem.cs: b605b9c05ae9094e698059a55e564961 -> 
  custom:scripting/monoscript/fileName/FreeCamera.cs: fc10c696f65d6a2ebb3784b56fef3653 -> 
  custom:scripting/monoscript/fileName/TrafficCar.cs: aeb5782be4b595f6598bbef58650bfa0 -> 
  custom:audio-encoder-webm-vorbis: bf7c407c2cedff20999df2af8eb42d56 -> 
  custom:scripting/monoscript/fileName/TCarEditor.cs: 474d2942467536eb9be4e93849f614a2 -> 
  custom:scripting/monoscript/fileName/CityGenerator.cs: f32a907649e0ebba7a7c57dc6010ae19 -> 
  custom:scripting/precompiled-assembly-types:Assembly-CSharp: dc61e766404ca823856fd7f11c1bb790 -> 776feee1919e8dacc2cce1416c6c097f
========================================================================
Received Prepare
Caller must complete domain reload
Begin MonoManager ReloadAssembly
- Loaded All Assemblies, in  0.643 seconds
Native extension for WindowsStandalone target not found
Native extension for iOS target not found
Native extension for Android target not found
Native extension for WebGL target not found
Mono: successfully reloaded assembly
- Finished resetting the current domain, in  1.421 seconds
Domain Reload Profiling: 2055ms
	BeginReloadAssembly (227ms)
		ExecutionOrderSort (0ms)
		DisableScriptedObjects (6ms)
		BackupInstance (0ms)
		ReleaseScriptingObjects (0ms)
		CreateAndSetChildDomain (37ms)
	RebuildCommonClasses (38ms)
	RebuildNativeTypeToScriptingClass (10ms)
	initialDomainReloadingComplete (41ms)
	LoadAllAssembliesAndSetupDomain (317ms)
		LoadAssemblies (448ms)
		RebuildTransferFunctionScriptingTraits (0ms)
		AnalyzeDomain (15ms)
			TypeCache.Refresh (5ms)
				TypeCache.ScanAssembly (0ms)
			ScanForSourceGeneratedMonoScriptInfo (0ms)
			ResolveRequiredComponents (7ms)
	FinalizeReload (1422ms)
		ReleaseScriptCaches (0ms)
		RebuildScriptCaches (0ms)
		SetupLoadedEditorAssemblies (501ms)
			LogAssemblyErrors (0ms)
			InitializePlatformSupportModulesInManaged (50ms)
			SetLoadedEditorAssemblies (3ms)
			RefreshPlugins (0ms)
			BeforeProcessingInitializeOnLoad (92ms)
			ProcessInitializeOnLoadAttributes (310ms)
			ProcessInitializeOnLoadMethodAttributes (25ms)
			AfterProcessingInitializeOnLoad (21ms)
			EditorAssembliesLoaded (0ms)
		ExecutionOrderSort2 (0ms)
		AwakeInstancesAfterBackupRestoration (18ms)
Refreshing native plugins compatible for Editor in 12.00 ms, found 3 plugins.
Preloading 0 native plugins for Editor in 0.00 ms.
Unloading 3124 Unused Serialized files (Serialized files now loaded: 0)
Unloading 14 unused Assets / (28.5 KB). Loaded Objects now: 3668.
Memory consumption went from 142.3 MB to 142.3 MB.
Total: 7.312600 ms (FindLiveObjects: 0.822200 ms CreateObjectMapping: 0.328400 ms MarkObjects: 6.073000 ms  DeleteObjects: 0.087300 ms)

Prepare: number of updated asset objects reloaded= 0
AssetImportParameters requested are different than current active one (requested -> active):
  custom:container-demuxer-ogg: 62fdf1f143b41e24485cea50d1cbac27 -> 
  custom:scripting/monoscript/fileName/DataSpawn.cs: a565763f8d07ffbd6e59b4c9d60f3ac6 -> 
  custom:scripting/monoscript/fileName/WaterSample.cs: b7b1246dbee007ce86fe9dd92884507e -> 
  custom:video-codec-MediaFoundation-h265: 746d11721c4dcdbdad8f713fa42b33f4 -> 
  custom:video-decoder-ogg-theora: a1e56fd34408186e4bbccfd4996cb3dc -> 
  custom:framework-win-MediaFoundation: 216162199b28c13a410421893ffa2e32 -> 
  custom:scripting/monoscript/fileName/DayNightEditor.cs: 4a28545b3fee7650bf9a3f6ead73131b -> 
  custom:scripting/monoscript/fileName/DayNight.cs: eb1bb1ed9672239e117138d38ca5c1e5 -> 
  custom:scripting/monoscript/fileName/TFShiftHand.cs: 09b595d983316e2d865c159f589d7243 -> 
  custom:CustomObjectIndexerAttribute: 9a22284fe3817be447336de3de66b15e -> 
  custom:container-demuxer-webm: 4f35f7cbe854078d1ac9338744f61a02 -> 
  custom:scripting/monoscript/fileName/FCityGenerator.cs: 3927c4569b14106444b04866ed0eb5ee -> 
  custom:scripting/monoscript/fileName/TrafficLight.cs: 29bae59745cbc247ca2b8b6e626c6eaf -> 
  custom:scripting/monoscript/fileName/CharacterControl.cs: a4c06e8e0fdcc281e6253ecc26a15743 -> 
  custom:scripting/monoscript/fileName/TrafficLights2.cs: aa6b88c6bd7df9cd6d9d0e2d53f465c0 -> 
  custom:scripting/monoscript/fileName/FPSDisplay.cs: 4de2b1268e0d108618b876b31a439b05 -> 
  custom:scripting/monoscript/fileName/FCGWaypointsContainer.cs: f1aa8b423032ac773bb442d6e30c6108 -> 
  custom:container-muxer-webm: aa71ff27fc2769a1b78a27578f13a17b -> 
  custom:video-decoder-webm-vp8: 9c59270c3fd7afecdb556c50c9e8de78 -> 
  custom:SearchIndexIgnoredProperties: e643bd26f0fe6173181afceb89e7c659 -> 
  custom:AudioImporter_EditorPlatform: d09bf68614088b80899f8185d706f6e7 -> 
  custom:scripting/monoscript/fileName/IconManager.cs: b17f7eb2a8b7b008ed03deff11b16b6b -> 
  custom:scripting/monoscript/fileName/FCGWPEditor.cs: 4d1272238ab6e4c7351069b0255523f4 -> 
  custom:scripting/monoscript/fileName/MobileControl.cs: 17b03000c09b01ce0ce5f0d6351435f9 -> 
  custom:scripting/monoscript/fileName/TFShiftHand2.cs: cab6824db3f629445a5159ae4f2fb59e -> 
  custom:scripting/monoscript/fileName/Mesh_CombineUtility.cs: bc5693d72d01f5849b38ad6129367987 -> 
  custom:scripting/monoscript/fileName/TrafficLights.cs: d8382041047660a71e759ce83dcd5292 -> 
  custom:scripting/monoscript/fileName/RunTimeSample.cs: 3588caa621dd2f9cc8eaa9b0aaca1301 -> 
  custom:video-encoder-webm-vp8: eb34c28f22e8b96e1ab97ce403110664 -> 
  custom:scripting/monoscript/fileName/ShiftAtRuntime.cs: 584eb13d96dd3e52f581d42f4d4e7ed1 -> 
  custom:audio-decoder-ogg-vorbis: bf7c407c2cedff20999df2af8eb42d56 -> 
  custom:scripting/monoscript/fileName/TrafficSystem.cs: b605b9c05ae9094e698059a55e564961 -> 
  custom:scripting/monoscript/fileName/FreeCamera.cs: fc10c696f65d6a2ebb3784b56fef3653 -> 
  custom:scripting/monoscript/fileName/TrafficCar.cs: aeb5782be4b595f6598bbef58650bfa0 -> 
  custom:audio-encoder-webm-vorbis: bf7c407c2cedff20999df2af8eb42d56 -> 
  custom:scripting/monoscript/fileName/TCarEditor.cs: 474d2942467536eb9be4e93849f614a2 -> 
  custom:scripting/monoscript/fileName/CityGenerator.cs: f32a907649e0ebba7a7c57dc6010ae19 -> 
  custom:scripting/precompiled-assembly-types:Assembly-CSharp: dc61e766404ca823856fd7f11c1bb790 -> 776feee1919e8dacc2cce1416c6c097f
========================================================================
Received Prepare
Caller must complete domain reload
Begin MonoManager ReloadAssembly
- Loaded All Assemblies, in  0.855 seconds
Native extension for WindowsStandalone target not found
Native extension for iOS target not found
Native extension for Android target not found
Native extension for WebGL target not found
Mono: successfully reloaded assembly
- Finished resetting the current domain, in  1.527 seconds
Domain Reload Profiling: 2376ms
	BeginReloadAssembly (298ms)
		ExecutionOrderSort (0ms)
		DisableScriptedObjects (8ms)
		BackupInstance (0ms)
		ReleaseScriptingObjects (0ms)
		CreateAndSetChildDomain (86ms)
	RebuildCommonClasses (45ms)
	RebuildNativeTypeToScriptingClass (13ms)
	initialDomainReloadingComplete (52ms)
	LoadAllAssembliesAndSetupDomain (441ms)
		LoadAssemblies (563ms)
		RebuildTransferFunctionScriptingTraits (0ms)
		AnalyzeDomain (21ms)
			TypeCache.Refresh (8ms)
				TypeCache.ScanAssembly (0ms)
			ScanForSourceGeneratedMonoScriptInfo (0ms)
			ResolveRequiredComponents (10ms)
	FinalizeReload (1528ms)
		ReleaseScriptCaches (0ms)
		RebuildScriptCaches (0ms)
		SetupLoadedEditorAssemblies (559ms)
			LogAssemblyErrors (0ms)
			InitializePlatformSupportModulesInManaged (53ms)
			SetLoadedEditorAssemblies (5ms)
			RefreshPlugins (0ms)
			BeforeProcessingInitializeOnLoad (91ms)
			ProcessInitializeOnLoadAttributes (364ms)
			ProcessInitializeOnLoadMethodAttributes (27ms)
			AfterProcessingInitializeOnLoad (18ms)
			EditorAssembliesLoaded (0ms)
		ExecutionOrderSort2 (0ms)
		AwakeInstancesAfterBackupRestoration (20ms)
Refreshing native plugins compatible for Editor in 10.23 ms, found 3 plugins.
Preloading 0 native plugins for Editor in 0.00 ms.
Unloading 3124 Unused Serialized files (Serialized files now loaded: 0)
Unloading 14 unused Assets / (28.5 KB). Loaded Objects now: 3671.
Memory consumption went from 142.3 MB to 142.3 MB.
Total: 4.314100 ms (FindLiveObjects: 0.283200 ms CreateObjectMapping: 0.240300 ms MarkObjects: 3.660500 ms  DeleteObjects: 0.128700 ms)

Prepare: number of updated asset objects reloaded= 0
AssetImportParameters requested are different than current active one (requested -> active):
  custom:container-demuxer-ogg: 62fdf1f143b41e24485cea50d1cbac27 -> 
  custom:scripting/monoscript/fileName/DataSpawn.cs: a565763f8d07ffbd6e59b4c9d60f3ac6 -> 
  custom:scripting/monoscript/fileName/WaterSample.cs: b7b1246dbee007ce86fe9dd92884507e -> 
  custom:video-codec-MediaFoundation-h265: 746d11721c4dcdbdad8f713fa42b33f4 -> 
  custom:video-decoder-ogg-theora: a1e56fd34408186e4bbccfd4996cb3dc -> 
  custom:framework-win-MediaFoundation: 216162199b28c13a410421893ffa2e32 -> 
  custom:scripting/monoscript/fileName/DayNightEditor.cs: 4a28545b3fee7650bf9a3f6ead73131b -> 
  custom:scripting/monoscript/fileName/DayNight.cs: eb1bb1ed9672239e117138d38ca5c1e5 -> 
  custom:scripting/monoscript/fileName/TFShiftHand.cs: 09b595d983316e2d865c159f589d7243 -> 
  custom:CustomObjectIndexerAttribute: 9a22284fe3817be447336de3de66b15e -> 
  custom:container-demuxer-webm: 4f35f7cbe854078d1ac9338744f61a02 -> 
  custom:scripting/monoscript/fileName/FCityGenerator.cs: 3927c4569b14106444b04866ed0eb5ee -> 
  custom:scripting/monoscript/fileName/TrafficLight.cs: 29bae59745cbc247ca2b8b6e626c6eaf -> 
  custom:scripting/monoscript/fileName/CharacterControl.cs: a4c06e8e0fdcc281e6253ecc26a15743 -> 
  custom:scripting/monoscript/fileName/TrafficLights2.cs: aa6b88c6bd7df9cd6d9d0e2d53f465c0 -> 
  custom:scripting/monoscript/fileName/FPSDisplay.cs: 4de2b1268e0d108618b876b31a439b05 -> 
  custom:scripting/monoscript/fileName/FCGWaypointsContainer.cs: f1aa8b423032ac773bb442d6e30c6108 -> 
  custom:container-muxer-webm: aa71ff27fc2769a1b78a27578f13a17b -> 
  custom:video-decoder-webm-vp8: 9c59270c3fd7afecdb556c50c9e8de78 -> 
  custom:SearchIndexIgnoredProperties: e643bd26f0fe6173181afceb89e7c659 -> 
  custom:AudioImporter_EditorPlatform: d09bf68614088b80899f8185d706f6e7 -> 
  custom:scripting/monoscript/fileName/IconManager.cs: b17f7eb2a8b7b008ed03deff11b16b6b -> 
  custom:scripting/monoscript/fileName/FCGWPEditor.cs: 4d1272238ab6e4c7351069b0255523f4 -> 
  custom:scripting/monoscript/fileName/MobileControl.cs: 17b03000c09b01ce0ce5f0d6351435f9 -> 
  custom:scripting/monoscript/fileName/TFShiftHand2.cs: cab6824db3f629445a5159ae4f2fb59e -> 
  custom:scripting/monoscript/fileName/Mesh_CombineUtility.cs: bc5693d72d01f5849b38ad6129367987 -> 
  custom:scripting/monoscript/fileName/TrafficLights.cs: d8382041047660a71e759ce83dcd5292 -> 
  custom:scripting/monoscript/fileName/RunTimeSample.cs: 3588caa621dd2f9cc8eaa9b0aaca1301 -> 
  custom:video-encoder-webm-vp8: eb34c28f22e8b96e1ab97ce403110664 -> 
  custom:scripting/monoscript/fileName/ShiftAtRuntime.cs: 584eb13d96dd3e52f581d42f4d4e7ed1 -> 
  custom:audio-decoder-ogg-vorbis: bf7c407c2cedff20999df2af8eb42d56 -> 
  custom:scripting/monoscript/fileName/TrafficSystem.cs: b605b9c05ae9094e698059a55e564961 -> 
  custom:scripting/monoscript/fileName/FreeCamera.cs: fc10c696f65d6a2ebb3784b56fef3653 -> 
  custom:scripting/monoscript/fileName/TrafficCar.cs: aeb5782be4b595f6598bbef58650bfa0 -> 
  custom:audio-encoder-webm-vorbis: bf7c407c2cedff20999df2af8eb42d56 -> 
  custom:scripting/monoscript/fileName/TCarEditor.cs: 474d2942467536eb9be4e93849f614a2 -> 
  custom:scripting/monoscript/fileName/CityGenerator.cs: f32a907649e0ebba7a7c57dc6010ae19 -> 
  custom:scripting/precompiled-assembly-types:Assembly-CSharp: dc61e766404ca823856fd7f11c1bb790 -> 776feee1919e8dacc2cce1416c6c097f
========================================================================
Received Import Request.
  Time since last request: 19050.802320 seconds.
  path: Assets/CartoonTown-LowPolyAssets/Models/Props/Shells/Shell_Purple.fbx
  artifactKey: Guid(f41ffb3198ee54521a0f4cf59692aeb9) Importer(815301076,1909f56bfc062723c751e8b465ee728b)
Start importing Assets/CartoonTown-LowPolyAssets/Models/Props/Shells/Shell_Purple.fbx using Guid(f41ffb3198ee54521a0f4cf59692aeb9) Importer(815301076,1909f56bfc062723c751e8b465ee728b) [PhysX] Initialized MultithreadedTaskDispatcher with 16 workers.
[PhysX] Initialized MultithreadedTaskDispatcher with 16 workers.
[PhysX] Initialized MultithreadedTaskDispatcher with 16 workers.
 -> (artifact id: '31edf9c9ad1122a77f83fce0b0aca904') in 0.205775 seconds
Number of updated asset objects reloaded before import = 0
Number of asset objects unloaded after import = 10
========================================================================
Received Import Request.
  Time since last request: 45.633126 seconds.
  path: Assets/CartoonTown-LowPolyAssets/Models/Props/Gifts/Gift_Pink.fbx
  artifactKey: Guid(02ace1cac7ffd4995af77a48fe74a8a3) Importer(815301076,1909f56bfc062723c751e8b465ee728b)
Start importing Assets/CartoonTown-LowPolyAssets/Models/Props/Gifts/Gift_Pink.fbx using Guid(02ace1cac7ffd4995af77a48fe74a8a3) Importer(815301076,1909f56bfc062723c751e8b465ee728b) [PhysX] Initialized MultithreadedTaskDispatcher with 16 workers.
[PhysX] Initialized MultithreadedTaskDispatcher with 16 workers.
[PhysX] Initialized MultithreadedTaskDispatcher with 16 workers.
 -> (artifact id: '3b6028e491482decdfb8aa0c48cad2a1') in 0.019061 seconds
Number of updated asset objects reloaded before import = 0
Number of asset objects unloaded after import = 9
========================================================================
Received Import Request.
  Time since last request: 0.024283 seconds.
  path: Assets/CartoonTown-LowPolyAssets/Models/Props/Gifts/Gift_Purple.fbx
  artifactKey: Guid(f05d16ecc561746578d639e59c6beec3) Importer(815301076,1909f56bfc062723c751e8b465ee728b)
Start importing Assets/CartoonTown-LowPolyAssets/Models/Props/Gifts/Gift_Purple.fbx using Guid(f05d16ecc561746578d639e59c6beec3) Importer(815301076,1909f56bfc062723c751e8b465ee728b) [PhysX] Initialized MultithreadedTaskDispatcher with 16 workers.
[PhysX] Initialized MultithreadedTaskDispatcher with 16 workers.
[PhysX] Initialized MultithreadedTaskDispatcher with 16 workers.
 -> (artifact id: 'dc98a33f2d00669fdcb37263185eddb8') in 0.031282 seconds
Number of updated asset objects reloaded before import = 0
Number of asset objects unloaded after import = 9
========================================================================
Received Import Request.
  Time since last request: 0.000028 seconds.
  path: Assets/CartoonTown-LowPolyAssets/Models/Props/Gifts/Gift_Yellow.fbx
  artifactKey: Guid(fd419e35705fb4cdca480d650303489a) Importer(815301076,1909f56bfc062723c751e8b465ee728b)
Start importing Assets/CartoonTown-LowPolyAssets/Models/Props/Gifts/Gift_Yellow.fbx using Guid(fd419e35705fb4cdca480d650303489a) Importer(815301076,1909f56bfc062723c751e8b465ee728b) [PhysX] Initialized MultithreadedTaskDispatcher with 16 workers.
[PhysX] Initialized MultithreadedTaskDispatcher with 16 workers.
[PhysX] Initialized MultithreadedTaskDispatcher with 16 workers.
 -> (artifact id: '4f343c46695ed72e446eb332bc119dd1') in 0.015159 seconds
Number of updated asset objects reloaded before import = 0
Number of asset objects unloaded after import = 9
========================================================================
Received Import Request.
  Time since last request: 0.524403 seconds.
  path: Assets/CartoonTown-LowPolyAssets/Models/Props/GarbageCan/GarbageCan_Red.fbx
  artifactKey: Guid(b93710dac7bb948d09882353def2cda8) Importer(815301076,1909f56bfc062723c751e8b465ee728b)
Start importing Assets/CartoonTown-LowPolyAssets/Models/Props/GarbageCan/GarbageCan_Red.fbx using Guid(b93710dac7bb948d09882353def2cda8) Importer(815301076,1909f56bfc062723c751e8b465ee728b) [PhysX] Initialized MultithreadedTaskDispatcher with 16 workers.
[PhysX] Initialized MultithreadedTaskDispatcher with 16 workers.
[PhysX] Initialized MultithreadedTaskDispatcher with 16 workers.
 -> (artifact id: '0a7e190c91492b77711fa42ec8601fef') in 0.026325 seconds
Number of updated asset objects reloaded before import = 0
Number of asset objects unloaded after import = 10
Editor requested this worker to shutdown with reason: Scaling down because of idle timeout
TcpMessagingSession - receive error: operation aborted. errorcode: 995, details:  I/O 
AssetImportWorker is now disconnected from the server
Process exiting
Exiting without the bug reporter. Application will terminate with return code 0