Using pre-set license
Built from '2022.3/china_unity/release' branch; Version is '2022.3.55f1c1 (06b99830297d) revision 440728'; Using compiler version '192829333'; Build Type 'Release'
OS: 'Windows 11  (10.0.26100) 64bit CoreCountrySpecific' Language: 'zh' Physical Memory: 15556 MB
BatchMode: 1, IsHumanControllingUs: 0, StartBugReporterOnCrash: 0, Is64bit: 1, IsPro: 1

COMMAND LINE ARGUMENTS:
D:\unt\2022.3.55f1c1\Editor\Unity.exe
-adb2
-batchMode
-noUpm
-name
AssetImportWorker1
-projectPath
D:/myunt/unity_navigator/My_project
-logFile
Logs/AssetImportWorker1.log
-srvPort
9801
Successfully changed project path to: D:/myunt/unity_navigator/My_project
D:/myunt/unity_navigator/My_project
[UnityMemory] Configuration Parameters - Can be set up in boot.config
    "memorysetup-bucket-allocator-granularity=16"
    "memorysetup-bucket-allocator-bucket-count=8"
    "memorysetup-bucket-allocator-block-size=33554432"
    "memorysetup-bucket-allocator-block-count=8"
    "memorysetup-main-allocator-block-size=16777216"
    "memorysetup-thread-allocator-block-size=16777216"
    "memorysetup-gfx-main-allocator-block-size=16777216"
    "memorysetup-gfx-thread-allocator-block-size=16777216"
    "memorysetup-cache-allocator-block-size=4194304"
    "memorysetup-typetree-allocator-block-size=2097152"
    "memorysetup-profiler-bucket-allocator-granularity=16"
    "memorysetup-profiler-bucket-allocator-bucket-count=8"
    "memorysetup-profiler-bucket-allocator-block-size=33554432"
    "memorysetup-profiler-bucket-allocator-block-count=8"
    "memorysetup-profiler-allocator-block-size=16777216"
    "memorysetup-profiler-editor-allocator-block-size=1048576"
    "memorysetup-temp-allocator-size-main=16777216"
    "memorysetup-job-temp-allocator-block-size=2097152"
    "memorysetup-job-temp-allocator-block-size-background=1048576"
    "memorysetup-job-temp-allocator-reduction-small-platforms=262144"
    "memorysetup-allocator-temp-initial-block-size-main=262144"
    "memorysetup-allocator-temp-initial-block-size-worker=262144"
    "memorysetup-temp-allocator-size-background-worker=32768"
    "memorysetup-temp-allocator-size-job-worker=262144"
    "memorysetup-temp-allocator-size-preload-manager=33554432"
    "memorysetup-temp-allocator-size-nav-mesh-worker=65536"
    "memorysetup-temp-allocator-size-audio-worker=65536"
    "memorysetup-temp-allocator-size-cloud-worker=32768"
    "memorysetup-temp-allocator-size-gi-baking-worker=262144"
    "memorysetup-temp-allocator-size-gfx=262144"
Player connection [43176]  Target information:

Player connection [43176]  * "[IP] 125.216.248.103 [Port] 0 [Flags] 2 [Guid] 2128801256 [EditorId] 2128801256 [Version] 1048832 [Id] WindowsEditor(7,LAPTOP-PA7KPLPC) [Debug] 1 [PackageName] WindowsEditor [ProjectName] Editor" 

Player connection [43176]  * "[IP] 192.168.129.1 [Port] 0 [Flags] 2 [Guid] 2128801256 [EditorId] 2128801256 [Version] 1048832 [Id] WindowsEditor(7,LAPTOP-PA7KPLPC) [Debug] 1 [PackageName] WindowsEditor [ProjectName] Editor" 

Player connection [43176]  * "[IP] 192.168.175.1 [Port] 0 [Flags] 2 [Guid] 2128801256 [EditorId] 2128801256 [Version] 1048832 [Id] WindowsEditor(7,LAPTOP-PA7KPLPC) [Debug] 1 [PackageName] WindowsEditor [ProjectName] Editor" 

Player connection [43176] Host joined multi-casting on [225.0.0.222:54997]...
Player connection [43176] Host joined alternative multi-casting on [225.0.0.222:34997]...
[PhysX] Initialized MultithreadedTaskDispatcher with 16 workers.
Refreshing native plugins compatible for Editor in 19.90 ms, found 3 plugins.
Preloading 0 native plugins for Editor in 0.00 ms.
Initialize engine version: 2022.3.55f1c1 (06b99830297d)
[Subsystems] Discovering subsystems at path D:/unt/2022.3.55f1c1/Editor/Data/Resources/UnitySubsystems
[Subsystems] Discovering subsystems at path D:/myunt/unity_navigator/My_project/Assets
GfxDevice: creating device client; threaded=0; jobified=0
Direct3D:
    Version:  Direct3D 11.0 [level 11.1]
    Renderer: NVIDIA GeForce RTX 4060 Laptop GPU (ID=0x28e0)
    Vendor:   NVIDIA
    VRAM:     7957 MB
    Driver:   32.0.15.7283
Initialize mono
Mono path[0] = 'D:/unt/2022.3.55f1c1/Editor/Data/Managed'
Mono path[1] = 'D:/unt/2022.3.55f1c1/Editor/Data/MonoBleedingEdge/lib/mono/unityjit-win32'
Mono config path = 'D:/unt/2022.3.55f1c1/Editor/Data/MonoBleedingEdge/etc'
Using monoOptions --debugger-agent=transport=dt_socket,embedding=1,server=y,suspend=n,address=127.0.0.1:56164
Begin MonoManager ReloadAssembly
Registering precompiled unity dll's ...
Register platform support module: D:/unt/2022.3.55f1c1/Editor/Data/PlaybackEngines/WebGLSupport/UnityEditor.WebGL.Extensions.dll
Register platform support module: D:/unt/2022.3.55f1c1/Editor/Data/PlaybackEngines/AndroidPlayer/UnityEditor.Android.Extensions.dll
Register platform support module: D:/unt/2022.3.55f1c1/Editor/Data/PlaybackEngines/iOSSupport/UnityEditor.iOS.Extensions.dll
Register platform support module: D:/unt/2022.3.55f1c1/Editor/Data/PlaybackEngines/WindowsStandaloneSupport/UnityEditor.WindowsStandalone.Extensions.dll
Registered in 0.027320 seconds.
- Loaded All Assemblies, in  0.462 seconds
Native extension for WindowsStandalone target not found
[usbmuxd] Start listen thread
[usbmuxd] Listen thread started
Native extension for iOS target not found
Native extension for Android target not found
Native extension for WebGL target not found
Mono: successfully reloaded assembly
- Finished resetting the current domain, in  0.360 seconds
Domain Reload Profiling: 817ms
	BeginReloadAssembly (132ms)
		ExecutionOrderSort (0ms)
		DisableScriptedObjects (0ms)
		BackupInstance (0ms)
		ReleaseScriptingObjects (0ms)
		CreateAndSetChildDomain (1ms)
	RebuildCommonClasses (34ms)
	RebuildNativeTypeToScriptingClass (12ms)
	initialDomainReloadingComplete (91ms)
	LoadAllAssembliesAndSetupDomain (189ms)
		LoadAssemblies (128ms)
		RebuildTransferFunctionScriptingTraits (0ms)
		AnalyzeDomain (185ms)
			TypeCache.Refresh (184ms)
				TypeCache.ScanAssembly (170ms)
			ScanForSourceGeneratedMonoScriptInfo (1ms)
			ResolveRequiredComponents (0ms)
	FinalizeReload (360ms)
		ReleaseScriptCaches (0ms)
		RebuildScriptCaches (0ms)
		SetupLoadedEditorAssemblies (311ms)
			LogAssemblyErrors (0ms)
			InitializePlatformSupportModulesInManaged (89ms)
			SetLoadedEditorAssemblies (5ms)
			RefreshPlugins (0ms)
			BeforeProcessingInitializeOnLoad (3ms)
			ProcessInitializeOnLoadAttributes (133ms)
			ProcessInitializeOnLoadMethodAttributes (82ms)
			AfterProcessingInitializeOnLoad (0ms)
			EditorAssembliesLoaded (0ms)
		ExecutionOrderSort2 (0ms)
		AwakeInstancesAfterBackupRestoration (0ms)
========================================================================
Worker process is ready to serve import requests
Caller must complete domain reload
Begin MonoManager ReloadAssembly
- Loaded All Assemblies, in  0.828 seconds
Native extension for WindowsStandalone target not found
Native extension for iOS target not found
Native extension for Android target not found
Native extension for WebGL target not found
Mono: successfully reloaded assembly
- Finished resetting the current domain, in  0.632 seconds
Domain Reload Profiling: 1453ms
	BeginReloadAssembly (213ms)
		ExecutionOrderSort (0ms)
		DisableScriptedObjects (6ms)
		BackupInstance (0ms)
		ReleaseScriptingObjects (0ms)
		CreateAndSetChildDomain (29ms)
	RebuildCommonClasses (38ms)
	RebuildNativeTypeToScriptingClass (15ms)
	initialDomainReloadingComplete (52ms)
	LoadAllAssembliesAndSetupDomain (501ms)
		LoadAssemblies (421ms)
		RebuildTransferFunctionScriptingTraits (0ms)
		AnalyzeDomain (211ms)
			TypeCache.Refresh (187ms)
				TypeCache.ScanAssembly (169ms)
			ScanForSourceGeneratedMonoScriptInfo (16ms)
			ResolveRequiredComponents (6ms)
	FinalizeReload (633ms)
		ReleaseScriptCaches (0ms)
		RebuildScriptCaches (0ms)
		SetupLoadedEditorAssemblies (479ms)
			LogAssemblyErrors (0ms)
			InitializePlatformSupportModulesInManaged (48ms)
			SetLoadedEditorAssemblies (5ms)
			RefreshPlugins (0ms)
			BeforeProcessingInitializeOnLoad (78ms)
			ProcessInitializeOnLoadAttributes (314ms)
			ProcessInitializeOnLoadMethodAttributes (18ms)
			AfterProcessingInitializeOnLoad (15ms)
			EditorAssembliesLoaded (0ms)
		ExecutionOrderSort2 (0ms)
		AwakeInstancesAfterBackupRestoration (16ms)
Launched and connected shader compiler UnityShaderCompiler.exe after 0.18 seconds
Refreshing native plugins compatible for Editor in 9.94 ms, found 3 plugins.
Preloading 0 native plugins for Editor in 0.00 ms.
Unloading 3131 Unused Serialized files (Serialized files now loaded: 0)
Unloading 19 unused Assets / (54.9 KB). Loaded Objects now: 3628.
Memory consumption went from 143.0 MB to 143.0 MB.
Total: 5.386400 ms (FindLiveObjects: 0.470000 ms CreateObjectMapping: 0.230800 ms MarkObjects: 4.537300 ms  DeleteObjects: 0.147100 ms)

AssetImportParameters requested are different than current active one (requested -> active):
  custom:container-demuxer-ogg: 62fdf1f143b41e24485cea50d1cbac27 -> 
  custom:video-codec-MediaFoundation-h265: 746d11721c4dcdbdad8f713fa42b33f4 -> 
  custom:video-decoder-ogg-theora: a1e56fd34408186e4bbccfd4996cb3dc -> 
  custom:framework-win-MediaFoundation: 216162199b28c13a410421893ffa2e32 -> 
  custom:CustomObjectIndexerAttribute: 9a22284fe3817be447336de3de66b15e -> 
  custom:container-demuxer-webm: 4f35f7cbe854078d1ac9338744f61a02 -> 
  custom:container-muxer-webm: aa71ff27fc2769a1b78a27578f13a17b -> 
  custom:video-decoder-webm-vp8: 9c59270c3fd7afecdb556c50c9e8de78 -> 
  custom:SearchIndexIgnoredProperties: e643bd26f0fe6173181afceb89e7c659 -> 
  custom:AudioImporter_EditorPlatform: d09bf68614088b80899f8185d706f6e7 -> 
  custom:video-encoder-webm-vp8: eb34c28f22e8b96e1ab97ce403110664 -> 
  custom:audio-decoder-ogg-vorbis: bf7c407c2cedff20999df2af8eb42d56 -> 
  custom:audio-encoder-webm-vorbis: bf7c407c2cedff20999df2af8eb42d56 -> 
========================================================================
Received Prepare
Caller must complete domain reload
Begin MonoManager ReloadAssembly
- Loaded All Assemblies, in  0.722 seconds
Native extension for WindowsStandalone target not found
Native extension for iOS target not found
Native extension for Android target not found
Native extension for WebGL target not found
Mono: successfully reloaded assembly
- Finished resetting the current domain, in  1.565 seconds
Domain Reload Profiling: 2262ms
	BeginReloadAssembly (212ms)
		ExecutionOrderSort (0ms)
		DisableScriptedObjects (6ms)
		BackupInstance (0ms)
		ReleaseScriptingObjects (0ms)
		CreateAndSetChildDomain (38ms)
	RebuildCommonClasses (34ms)
	RebuildNativeTypeToScriptingClass (12ms)
	initialDomainReloadingComplete (57ms)
	LoadAllAssembliesAndSetupDomain (382ms)
		LoadAssemblies (477ms)
		RebuildTransferFunctionScriptingTraits (0ms)
		AnalyzeDomain (30ms)
			TypeCache.Refresh (11ms)
				TypeCache.ScanAssembly (1ms)
			ScanForSourceGeneratedMonoScriptInfo (9ms)
			ResolveRequiredComponents (7ms)
	FinalizeReload (1565ms)
		ReleaseScriptCaches (0ms)
		RebuildScriptCaches (0ms)
		SetupLoadedEditorAssemblies (501ms)
			LogAssemblyErrors (0ms)
			InitializePlatformSupportModulesInManaged (49ms)
			SetLoadedEditorAssemblies (4ms)
			RefreshPlugins (0ms)
			BeforeProcessingInitializeOnLoad (80ms)
			ProcessInitializeOnLoadAttributes (323ms)
			ProcessInitializeOnLoadMethodAttributes (19ms)
			AfterProcessingInitializeOnLoad (26ms)
			EditorAssembliesLoaded (0ms)
		ExecutionOrderSort2 (0ms)
		AwakeInstancesAfterBackupRestoration (16ms)
Refreshing native plugins compatible for Editor in 15.83 ms, found 3 plugins.
Preloading 0 native plugins for Editor in 0.00 ms.
Unloading 3153 Unused Serialized files (Serialized files now loaded: 0)
Unloading 19 unused Assets / (0.8 MB). Loaded Objects now: 3655.
Memory consumption went from 146.2 MB to 145.4 MB.
Total: 5.406000 ms (FindLiveObjects: 0.475700 ms CreateObjectMapping: 0.257300 ms MarkObjects: 4.164900 ms  DeleteObjects: 0.506000 ms)

Prepare: number of updated asset objects reloaded= 0
AssetImportParameters requested are different than current active one (requested -> active):
  custom:container-demuxer-ogg: 62fdf1f143b41e24485cea50d1cbac27 -> 
  custom:scripting/monoscript/fileName/DataSpawn.cs: a565763f8d07ffbd6e59b4c9d60f3ac6 -> 
  custom:scripting/monoscript/fileName/WaterSample.cs: b7b1246dbee007ce86fe9dd92884507e -> 
  custom:video-codec-MediaFoundation-h265: 746d11721c4dcdbdad8f713fa42b33f4 -> 
  custom:video-decoder-ogg-theora: a1e56fd34408186e4bbccfd4996cb3dc -> 
  custom:framework-win-MediaFoundation: 216162199b28c13a410421893ffa2e32 -> 
  custom:scripting/monoscript/fileName/DayNightEditor.cs: 4a28545b3fee7650bf9a3f6ead73131b -> 
  custom:scripting/monoscript/fileName/DayNight.cs: eb1bb1ed9672239e117138d38ca5c1e5 -> 
  custom:scripting/monoscript/fileName/TFShiftHand.cs: 09b595d983316e2d865c159f589d7243 -> 
  custom:CustomObjectIndexerAttribute: 9a22284fe3817be447336de3de66b15e -> 
  custom:container-demuxer-webm: 4f35f7cbe854078d1ac9338744f61a02 -> 
  custom:scripting/monoscript/fileName/FCityGenerator.cs: 3927c4569b14106444b04866ed0eb5ee -> 
  custom:scripting/monoscript/fileName/TrafficLight.cs: 29bae59745cbc247ca2b8b6e626c6eaf -> 
  custom:scripting/monoscript/fileName/CharacterControl.cs: a4c06e8e0fdcc281e6253ecc26a15743 -> 
  custom:scripting/monoscript/fileName/TrafficLights2.cs: aa6b88c6bd7df9cd6d9d0e2d53f465c0 -> 
  custom:scripting/monoscript/fileName/FPSDisplay.cs: 4de2b1268e0d108618b876b31a439b05 -> 
  custom:scripting/monoscript/fileName/FCGWaypointsContainer.cs: f1aa8b423032ac773bb442d6e30c6108 -> 
  custom:container-muxer-webm: aa71ff27fc2769a1b78a27578f13a17b -> 
  custom:video-decoder-webm-vp8: 9c59270c3fd7afecdb556c50c9e8de78 -> 
  custom:SearchIndexIgnoredProperties: e643bd26f0fe6173181afceb89e7c659 -> 
  custom:AudioImporter_EditorPlatform: d09bf68614088b80899f8185d706f6e7 -> 
  custom:scripting/monoscript/fileName/IconManager.cs: b17f7eb2a8b7b008ed03deff11b16b6b -> 
  custom:scripting/monoscript/fileName/FCGWPEditor.cs: 4d1272238ab6e4c7351069b0255523f4 -> 
  custom:scripting/monoscript/fileName/MobileControl.cs: 17b03000c09b01ce0ce5f0d6351435f9 -> 
  custom:scripting/monoscript/fileName/TFShiftHand2.cs: cab6824db3f629445a5159ae4f2fb59e -> 
  custom:scripting/monoscript/fileName/Mesh_CombineUtility.cs: bc5693d72d01f5849b38ad6129367987 -> 
  custom:scripting/monoscript/fileName/TrafficLights.cs: d8382041047660a71e759ce83dcd5292 -> 
  custom:scripting/monoscript/fileName/RunTimeSample.cs: 3588caa621dd2f9cc8eaa9b0aaca1301 -> 
  custom:video-encoder-webm-vp8: eb34c28f22e8b96e1ab97ce403110664 -> 
  custom:scripting/monoscript/fileName/ShiftAtRuntime.cs: 584eb13d96dd3e52f581d42f4d4e7ed1 -> 
  custom:audio-decoder-ogg-vorbis: bf7c407c2cedff20999df2af8eb42d56 -> 
  custom:scripting/monoscript/fileName/TrafficSystem.cs: b605b9c05ae9094e698059a55e564961 -> 
  custom:scripting/monoscript/fileName/FreeCamera.cs: fc10c696f65d6a2ebb3784b56fef3653 -> 
  custom:scripting/monoscript/fileName/TrafficCar.cs: aeb5782be4b595f6598bbef58650bfa0 -> 
  custom:audio-encoder-webm-vorbis: bf7c407c2cedff20999df2af8eb42d56 -> 
  custom:scripting/monoscript/fileName/TCarEditor.cs: 474d2942467536eb9be4e93849f614a2 -> 
  custom:scripting/precompiled-assembly-types:Assembly-CSharp-Editor: b292163f9750aea219b42374ccecb48d -> 
  custom:scripting/monoscript/fileName/CityGenerator.cs: f32a907649e0ebba7a7c57dc6010ae19 -> 
  custom:scripting/precompiled-assembly-types:Assembly-CSharp: 3d5f4d4103fdc93ea272c2999b9a2100 -> 8055e5e3f4ac05f325d07ec3a2020431
========================================================================
Received Import Request.
  Time since last request: 8175.312763 seconds.
  path: Assets/Fantastic City Generator/BackGrounds/Materials/Back-01.png
  artifactKey: Guid(96d328d5d3f1f794897febc92af1a5cc) Importer(815301076,1909f56bfc062723c751e8b465ee728b)
Start importing Assets/Fantastic City Generator/BackGrounds/Materials/Back-01.png using Guid(96d328d5d3f1f794897febc92af1a5cc) Importer(815301076,1909f56bfc062723c751e8b465ee728b) [PhysX] Initialized MultithreadedTaskDispatcher with 16 workers.
[PhysX] Initialized MultithreadedTaskDispatcher with 16 workers.
 -> (artifact id: '7581fd3a3177a588f4987aadd8af44c6') in 0.081263 seconds
Number of updated asset objects reloaded before import = 0
Number of asset objects unloaded after import = 2
========================================================================
Received Import Request.
  Time since last request: 6.542896 seconds.
  path: Assets/Fantastic City Generator/HighWay/FBX/HW-F-100-01.fbx
  artifactKey: Guid(94bacaee0c980924eb0b4d824db35d8b) Importer(815301076,1909f56bfc062723c751e8b465ee728b)
Start importing Assets/Fantastic City Generator/HighWay/FBX/HW-F-100-01.fbx using Guid(94bacaee0c980924eb0b4d824db35d8b) Importer(815301076,1909f56bfc062723c751e8b465ee728b) [PhysX] Initialized MultithreadedTaskDispatcher with 16 workers.
[PhysX] Initialized MultithreadedTaskDispatcher with 16 workers.
[PhysX] Initialized MultithreadedTaskDispatcher with 16 workers.
[PhysX] Initialized MultithreadedTaskDispatcher with 16 workers.
[PhysX] Initialized MultithreadedTaskDispatcher with 16 workers.
[PhysX] Initialized MultithreadedTaskDispatcher with 16 workers.
[PhysX] Initialized MultithreadedTaskDispatcher with 16 workers.
[PhysX] Initialized MultithreadedTaskDispatcher with 16 workers.
[PhysX] Initialized MultithreadedTaskDispatcher with 16 workers.
[PhysX] Initialized MultithreadedTaskDispatcher with 16 workers.
[PhysX] Initialized MultithreadedTaskDispatcher with 16 workers.
 -> (artifact id: '5708aa0e81a59f669f513198f33d0039') in 0.165111 seconds
Number of updated asset objects reloaded before import = 0
Number of asset objects unloaded after import = 34
========================================================================
Received Import Request.
  Time since last request: 0.000040 seconds.
  path: Assets/Fantastic City Generator/HighWay/FBX/HW-F-300-03.fbx
  artifactKey: Guid(d66dda62b1ff6014198517fb5f85ef4d) Importer(815301076,1909f56bfc062723c751e8b465ee728b)
Start importing Assets/Fantastic City Generator/HighWay/FBX/HW-F-300-03.fbx using Guid(d66dda62b1ff6014198517fb5f85ef4d) Importer(815301076,1909f56bfc062723c751e8b465ee728b) [PhysX] Initialized MultithreadedTaskDispatcher with 16 workers.
[PhysX] Initialized MultithreadedTaskDispatcher with 16 workers.
[PhysX] Initialized MultithreadedTaskDispatcher with 16 workers.
[PhysX] Initialized MultithreadedTaskDispatcher with 16 workers.
[PhysX] Initialized MultithreadedTaskDispatcher with 16 workers.
[PhysX] Initialized MultithreadedTaskDispatcher with 16 workers.
[PhysX] Initialized MultithreadedTaskDispatcher with 16 workers.
[PhysX] Initialized MultithreadedTaskDispatcher with 16 workers.
[PhysX] Initialized MultithreadedTaskDispatcher with 16 workers.
[PhysX] Initialized MultithreadedTaskDispatcher with 16 workers.
[PhysX] Initialized MultithreadedTaskDispatcher with 16 workers.
 -> (artifact id: '0428d548e6387b4b9b440c003d41d3af') in 0.057216 seconds
Number of updated asset objects reloaded before import = 0
Number of asset objects unloaded after import = 34
========================================================================
Received Import Request.
  Time since last request: 0.000045 seconds.
  path: Assets/Fantastic City Generator/HighWay/FBX/HW-F-400-02.fbx
  artifactKey: Guid(32993b460854f3f4f8382eeb0a6ffe17) Importer(815301076,1909f56bfc062723c751e8b465ee728b)
Start importing Assets/Fantastic City Generator/HighWay/FBX/HW-F-400-02.fbx using Guid(32993b460854f3f4f8382eeb0a6ffe17) Importer(815301076,1909f56bfc062723c751e8b465ee728b) [PhysX] Initialized MultithreadedTaskDispatcher with 16 workers.
[PhysX] Initialized MultithreadedTaskDispatcher with 16 workers.
[PhysX] Initialized MultithreadedTaskDispatcher with 16 workers.
[PhysX] Initialized MultithreadedTaskDispatcher with 16 workers.
[PhysX] Initialized MultithreadedTaskDispatcher with 16 workers.
[PhysX] Initialized MultithreadedTaskDispatcher with 16 workers.
[PhysX] Initialized MultithreadedTaskDispatcher with 16 workers.
[PhysX] Initialized MultithreadedTaskDispatcher with 16 workers.
[PhysX] Initialized MultithreadedTaskDispatcher with 16 workers.
[PhysX] Initialized MultithreadedTaskDispatcher with 16 workers.
[PhysX] Initialized MultithreadedTaskDispatcher with 16 workers.
 -> (artifact id: '4a25d7e27c28cc3d57fbfd7a73fd9bf0') in 0.060152 seconds
Number of updated asset objects reloaded before import = 0
Number of asset objects unloaded after import = 34
========================================================================
Received Import Request.
  Time since last request: 0.000022 seconds.
  path: Assets/Fantastic City Generator/HighWay/FBX/HW-FL-400-03.fbx
  artifactKey: Guid(f0b93ee6bd32de14983493af53a845ff) Importer(815301076,1909f56bfc062723c751e8b465ee728b)
Start importing Assets/Fantastic City Generator/HighWay/FBX/HW-FL-400-03.fbx using Guid(f0b93ee6bd32de14983493af53a845ff) Importer(815301076,1909f56bfc062723c751e8b465ee728b) [PhysX] Initialized MultithreadedTaskDispatcher with 16 workers.
[PhysX] Initialized MultithreadedTaskDispatcher with 16 workers.
[PhysX] Initialized MultithreadedTaskDispatcher with 16 workers.
[PhysX] Initialized MultithreadedTaskDispatcher with 16 workers.
[PhysX] Initialized MultithreadedTaskDispatcher with 16 workers.
[PhysX] Initialized MultithreadedTaskDispatcher with 16 workers.
[PhysX] Initialized MultithreadedTaskDispatcher with 16 workers.
[PhysX] Initialized MultithreadedTaskDispatcher with 16 workers.
[PhysX] Initialized MultithreadedTaskDispatcher with 16 workers.
[PhysX] Initialized MultithreadedTaskDispatcher with 16 workers.
[PhysX] Initialized MultithreadedTaskDispatcher with 16 workers.
 -> (artifact id: 'aebbf4017e933ee5273d74509d49dd6f') in 0.051220 seconds
Number of updated asset objects reloaded before import = 0
Number of asset objects unloaded after import = 34
========================================================================
Received Import Request.
  Time since last request: 0.000023 seconds.
  path: Assets/Fantastic City Generator/HighWay/FBX/HW-F-400-04.fbx
  artifactKey: Guid(01773ac734f22a8499e98ce775ab6df5) Importer(815301076,1909f56bfc062723c751e8b465ee728b)
Start importing Assets/Fantastic City Generator/HighWay/FBX/HW-F-400-04.fbx using Guid(01773ac734f22a8499e98ce775ab6df5) Importer(815301076,1909f56bfc062723c751e8b465ee728b) [PhysX] Initialized MultithreadedTaskDispatcher with 16 workers.
[PhysX] Initialized MultithreadedTaskDispatcher with 16 workers.
[PhysX] Initialized MultithreadedTaskDispatcher with 16 workers.
[PhysX] Initialized MultithreadedTaskDispatcher with 16 workers.
[PhysX] Initialized MultithreadedTaskDispatcher with 16 workers.
[PhysX] Initialized MultithreadedTaskDispatcher with 16 workers.
[PhysX] Initialized MultithreadedTaskDispatcher with 16 workers.
[PhysX] Initialized MultithreadedTaskDispatcher with 16 workers.
[PhysX] Initialized MultithreadedTaskDispatcher with 16 workers.
[PhysX] Initialized MultithreadedTaskDispatcher with 16 workers.
[PhysX] Initialized MultithreadedTaskDispatcher with 16 workers.
 -> (artifact id: 'cc89a1f263d92704aa81be9da831e595') in 0.053100 seconds
Number of updated asset objects reloaded before import = 0
Number of asset objects unloaded after import = 34
========================================================================
Received Import Request.
  Time since last request: 0.306260 seconds.
  path: Assets/Fantastic City Generator/HighWay/Prefab/HW-F-100-01.prefab
  artifactKey: Guid(58156f884f07c5643b23cdc6b8cdcbc0) Importer(815301076,1909f56bfc062723c751e8b465ee728b)
Start importing Assets/Fantastic City Generator/HighWay/Prefab/HW-F-100-01.prefab using Guid(58156f884f07c5643b23cdc6b8cdcbc0) Importer(815301076,1909f56bfc062723c751e8b465ee728b) [PhysX] Initialized MultithreadedTaskDispatcher with 16 workers.
[PhysX] Initialized MultithreadedTaskDispatcher with 16 workers.
 -> (artifact id: '49486e07183763fa73ec032f53fc5887') in 0.036126 seconds
Number of updated asset objects reloaded before import = 0
Number of asset objects unloaded after import = 104
========================================================================
Received Import Request.
  Time since last request: 0.000038 seconds.
  path: Assets/Fantastic City Generator/HighWay/Prefab/HW-F-400-03.prefab
  artifactKey: Guid(c819fde88b72bfd45829ef8d13b6e7fb) Importer(815301076,1909f56bfc062723c751e8b465ee728b)
Start importing Assets/Fantastic City Generator/HighWay/Prefab/HW-F-400-03.prefab using Guid(c819fde88b72bfd45829ef8d13b6e7fb) Importer(815301076,1909f56bfc062723c751e8b465ee728b) [PhysX] Initialized MultithreadedTaskDispatcher with 16 workers.
[PhysX] Initialized MultithreadedTaskDispatcher with 16 workers.
 -> (artifact id: '720c674cace5c637b4d4dc3ee6bb95df') in 0.033622 seconds
Number of updated asset objects reloaded before import = 0
Number of asset objects unloaded after import = 216
========================================================================
Received Import Request.
  Time since last request: 0.000036 seconds.
  path: Assets/Fantastic City Generator/HighWay/Prefab/HW-F-300-01.prefab
  artifactKey: Guid(8a8fbf74426199f438549535f347d45f) Importer(815301076,1909f56bfc062723c751e8b465ee728b)
Start importing Assets/Fantastic City Generator/HighWay/Prefab/HW-F-300-01.prefab using Guid(8a8fbf74426199f438549535f347d45f) Importer(815301076,1909f56bfc062723c751e8b465ee728b) [PhysX] Initialized MultithreadedTaskDispatcher with 16 workers.
[PhysX] Initialized MultithreadedTaskDispatcher with 16 workers.
 -> (artifact id: '10b1629a16dc2938ce123ac185ee6756') in 0.025562 seconds
Number of updated asset objects reloaded before import = 0
Number of asset objects unloaded after import = 137
========================================================================
Received Import Request.
  Time since last request: 0.000033 seconds.
  path: Assets/Fantastic City Generator/HighWay/Prefab/HW-FL-400-02.prefab
  artifactKey: Guid(2067f8fa723ee9247865024d36be02b4) Importer(815301076,1909f56bfc062723c751e8b465ee728b)
Start importing Assets/Fantastic City Generator/HighWay/Prefab/HW-FL-400-02.prefab using Guid(2067f8fa723ee9247865024d36be02b4) Importer(815301076,1909f56bfc062723c751e8b465ee728b) [PhysX] Initialized MultithreadedTaskDispatcher with 16 workers.
[PhysX] Initialized MultithreadedTaskDispatcher with 16 workers.
 -> (artifact id: '07fe6ecdbfab77e2142b174bd84ed82c') in 0.030942 seconds
Number of updated asset objects reloaded before import = 0
Number of asset objects unloaded after import = 274
========================================================================
Received Import Request.
  Time since last request: 0.000038 seconds.
  path: Assets/Fantastic City Generator/HighWay/Prefab/HW-F-300-02.prefab
  artifactKey: Guid(586028a12c8078e4b83439194e63ad0b) Importer(815301076,1909f56bfc062723c751e8b465ee728b)
Start importing Assets/Fantastic City Generator/HighWay/Prefab/HW-F-300-02.prefab using Guid(586028a12c8078e4b83439194e63ad0b) Importer(815301076,1909f56bfc062723c751e8b465ee728b) [PhysX] Initialized MultithreadedTaskDispatcher with 16 workers.
[PhysX] Initialized MultithreadedTaskDispatcher with 16 workers.
 -> (artifact id: '9e4f74d6bcf67066bc516d8e2543ed28') in 0.025896 seconds
Number of updated asset objects reloaded before import = 0
Number of asset objects unloaded after import = 140
========================================================================
Received Import Request.
  Time since last request: 0.000033 seconds.
  path: Assets/Fantastic City Generator/HighWay/Prefab/HW-F-400-04.prefab
  artifactKey: Guid(abbb8629049441849a077b1ba6960b42) Importer(815301076,1909f56bfc062723c751e8b465ee728b)
Start importing Assets/Fantastic City Generator/HighWay/Prefab/HW-F-400-04.prefab using Guid(abbb8629049441849a077b1ba6960b42) Importer(815301076,1909f56bfc062723c751e8b465ee728b) [PhysX] Initialized MultithreadedTaskDispatcher with 16 workers.
[PhysX] Initialized MultithreadedTaskDispatcher with 16 workers.
 -> (artifact id: 'a79a28dd838decc304c325ed2f2ca18f') in 0.026562 seconds
Number of updated asset objects reloaded before import = 0
Number of asset objects unloaded after import = 270
========================================================================
Received Import Request.
  Time since last request: 25.592423 seconds.
  path: Assets/Fantastic City Generator/Player/Player Mobile/IMG/knobBackground2.png
  artifactKey: Guid(65ff0eb8251edcd489acbb5a5ece924a) Importer(815301076,1909f56bfc062723c751e8b465ee728b)
Start importing Assets/Fantastic City Generator/Player/Player Mobile/IMG/knobBackground2.png using Guid(65ff0eb8251edcd489acbb5a5ece924a) Importer(815301076,1909f56bfc062723c751e8b465ee728b) [PhysX] Initialized MultithreadedTaskDispatcher with 16 workers.
[PhysX] Initialized MultithreadedTaskDispatcher with 16 workers.
 -> (artifact id: '3995c60155937c95685d6ca54d249602') in 0.027271 seconds
Number of updated asset objects reloaded before import = 0
Number of asset objects unloaded after import = 3
========================================================================
Received Prepare
Caller must complete domain reload
Begin MonoManager ReloadAssembly
- Loaded All Assemblies, in  0.829 seconds
Native extension for WindowsStandalone target not found
Native extension for iOS target not found
Native extension for Android target not found
Native extension for WebGL target not found
Mono: successfully reloaded assembly
- Finished resetting the current domain, in  1.405 seconds
Domain Reload Profiling: 2222ms
	BeginReloadAssembly (307ms)
		ExecutionOrderSort (0ms)
		DisableScriptedObjects (5ms)
		BackupInstance (0ms)
		ReleaseScriptingObjects (0ms)
		CreateAndSetChildDomain (42ms)
	RebuildCommonClasses (42ms)
	RebuildNativeTypeToScriptingClass (14ms)
	initialDomainReloadingComplete (61ms)
	LoadAllAssembliesAndSetupDomain (392ms)
		LoadAssemblies (581ms)
		RebuildTransferFunctionScriptingTraits (0ms)
		AnalyzeDomain (22ms)
			TypeCache.Refresh (8ms)
				TypeCache.ScanAssembly (1ms)
			ScanForSourceGeneratedMonoScriptInfo (7ms)
			ResolveRequiredComponents (5ms)
	FinalizeReload (1406ms)
		ReleaseScriptCaches (0ms)
		RebuildScriptCaches (0ms)
		SetupLoadedEditorAssemblies (498ms)
			LogAssemblyErrors (0ms)
			InitializePlatformSupportModulesInManaged (50ms)
			SetLoadedEditorAssemblies (4ms)
			RefreshPlugins (0ms)
			BeforeProcessingInitializeOnLoad (96ms)
			ProcessInitializeOnLoadAttributes (300ms)
			ProcessInitializeOnLoadMethodAttributes (26ms)
			AfterProcessingInitializeOnLoad (22ms)
			EditorAssembliesLoaded (0ms)
		ExecutionOrderSort2 (0ms)
		AwakeInstancesAfterBackupRestoration (17ms)
Refreshing native plugins compatible for Editor in 10.54 ms, found 3 plugins.
Preloading 0 native plugins for Editor in 0.00 ms.
Unloading 3151 Unused Serialized files (Serialized files now loaded: 0)
Unloading 20 unused Assets / (0.8 MB). Loaded Objects now: 3672.
Memory consumption went from 150.7 MB to 150.0 MB.
Total: 4.874900 ms (FindLiveObjects: 0.564000 ms CreateObjectMapping: 0.189100 ms MarkObjects: 3.621400 ms  DeleteObjects: 0.499200 ms)

Prepare: number of updated asset objects reloaded= 0
AssetImportParameters requested are different than current active one (requested -> active):
  custom:container-demuxer-ogg: 62fdf1f143b41e24485cea50d1cbac27 -> 
  custom:scripting/monoscript/fileName/DataSpawn.cs: a565763f8d07ffbd6e59b4c9d60f3ac6 -> 
  custom:scripting/monoscript/fileName/WaterSample.cs: b7b1246dbee007ce86fe9dd92884507e -> 
  custom:video-codec-MediaFoundation-h265: 746d11721c4dcdbdad8f713fa42b33f4 -> 
  custom:video-decoder-ogg-theora: a1e56fd34408186e4bbccfd4996cb3dc -> 
  custom:framework-win-MediaFoundation: 216162199b28c13a410421893ffa2e32 -> 
  custom:scripting/monoscript/fileName/DayNightEditor.cs: 4a28545b3fee7650bf9a3f6ead73131b -> 
  custom:scripting/monoscript/fileName/DayNight.cs: eb1bb1ed9672239e117138d38ca5c1e5 -> 
  custom:scripting/monoscript/fileName/TFShiftHand.cs: 09b595d983316e2d865c159f589d7243 -> 
  custom:CustomObjectIndexerAttribute: 9a22284fe3817be447336de3de66b15e -> 
  custom:container-demuxer-webm: 4f35f7cbe854078d1ac9338744f61a02 -> 
  custom:scripting/monoscript/fileName/FCityGenerator.cs: 3927c4569b14106444b04866ed0eb5ee -> 
  custom:scripting/monoscript/fileName/TrafficLight.cs: 29bae59745cbc247ca2b8b6e626c6eaf -> 
  custom:scripting/monoscript/fileName/CharacterControl.cs: a4c06e8e0fdcc281e6253ecc26a15743 -> 
  custom:scripting/monoscript/fileName/TrafficLights2.cs: aa6b88c6bd7df9cd6d9d0e2d53f465c0 -> 
  custom:scripting/monoscript/fileName/FPSDisplay.cs: 4de2b1268e0d108618b876b31a439b05 -> 
  custom:scripting/monoscript/fileName/FCGWaypointsContainer.cs: f1aa8b423032ac773bb442d6e30c6108 -> 
  custom:container-muxer-webm: aa71ff27fc2769a1b78a27578f13a17b -> 
  custom:video-decoder-webm-vp8: 9c59270c3fd7afecdb556c50c9e8de78 -> 
  custom:SearchIndexIgnoredProperties: e643bd26f0fe6173181afceb89e7c659 -> 
  custom:AudioImporter_EditorPlatform: d09bf68614088b80899f8185d706f6e7 -> 
  custom:scripting/monoscript/fileName/IconManager.cs: b17f7eb2a8b7b008ed03deff11b16b6b -> 
  custom:scripting/monoscript/fileName/FCGWPEditor.cs: 4d1272238ab6e4c7351069b0255523f4 -> 
  custom:scripting/monoscript/fileName/MobileControl.cs: 17b03000c09b01ce0ce5f0d6351435f9 -> 
  custom:scripting/monoscript/fileName/TFShiftHand2.cs: cab6824db3f629445a5159ae4f2fb59e -> 
  custom:scripting/monoscript/fileName/Mesh_CombineUtility.cs: bc5693d72d01f5849b38ad6129367987 -> 
  custom:scripting/monoscript/fileName/TrafficLights.cs: d8382041047660a71e759ce83dcd5292 -> 
  custom:scripting/monoscript/fileName/RunTimeSample.cs: 3588caa621dd2f9cc8eaa9b0aaca1301 -> 
  custom:video-encoder-webm-vp8: eb34c28f22e8b96e1ab97ce403110664 -> 
  custom:scripting/monoscript/fileName/ShiftAtRuntime.cs: 584eb13d96dd3e52f581d42f4d4e7ed1 -> 
  custom:audio-decoder-ogg-vorbis: bf7c407c2cedff20999df2af8eb42d56 -> 
  custom:scripting/monoscript/fileName/TrafficSystem.cs: b605b9c05ae9094e698059a55e564961 -> 
  custom:scripting/monoscript/fileName/FreeCamera.cs: fc10c696f65d6a2ebb3784b56fef3653 -> 
  custom:scripting/monoscript/fileName/TrafficCar.cs: aeb5782be4b595f6598bbef58650bfa0 -> 
  custom:audio-encoder-webm-vorbis: bf7c407c2cedff20999df2af8eb42d56 -> 
  custom:scripting/monoscript/fileName/TCarEditor.cs: 474d2942467536eb9be4e93849f614a2 -> 
  custom:scripting/precompiled-assembly-types:Assembly-CSharp-Editor: b292163f9750aea219b42374ccecb48d -> 
  custom:scripting/monoscript/fileName/CityGenerator.cs: f32a907649e0ebba7a7c57dc6010ae19 -> 
  custom:scripting/precompiled-assembly-types:Assembly-CSharp: 1e1ce9a8e65c51a07e916d8a634ca73e -> 8055e5e3f4ac05f325d07ec3a2020431
========================================================================
Received Import Request.
  Time since last request: 26.711711 seconds.
  path: Assets/Fantastic City Generator/Objects/Parkbench/FBX/Parkbench-03.fbx
  artifactKey: Guid(b16f45c4d08476e44be398c681c9d9c3) Importer(815301076,1909f56bfc062723c751e8b465ee728b)
Start importing Assets/Fantastic City Generator/Objects/Parkbench/FBX/Parkbench-03.fbx using Guid(b16f45c4d08476e44be398c681c9d9c3) Importer(815301076,1909f56bfc062723c751e8b465ee728b) [PhysX] Initialized MultithreadedTaskDispatcher with 16 workers.
[PhysX] Initialized MultithreadedTaskDispatcher with 16 workers.
[PhysX] Initialized MultithreadedTaskDispatcher with 16 workers.
 -> (artifact id: '2ab39aa2c3c83ef294d7b3a17858d474') in 0.170465 seconds
Number of updated asset objects reloaded before import = 0
Number of asset objects unloaded after import = 10
========================================================================
Received Import Request.
  Time since last request: 0.808455 seconds.
  path: Assets/Fantastic City Generator/Objects/Parkbench/Prefab/Parkbench-03.prefab
  artifactKey: Guid(a06da9cbd38b7ca428d6bf4fcb82381d) Importer(815301076,1909f56bfc062723c751e8b465ee728b)
Start importing Assets/Fantastic City Generator/Objects/Parkbench/Prefab/Parkbench-03.prefab using Guid(a06da9cbd38b7ca428d6bf4fcb82381d) Importer(815301076,1909f56bfc062723c751e8b465ee728b) [PhysX] Initialized MultithreadedTaskDispatcher with 16 workers.
[PhysX] Initialized MultithreadedTaskDispatcher with 16 workers.
 -> (artifact id: 'f555b00044ca2c11f5c15644e0eeb371') in 0.041834 seconds
Number of updated asset objects reloaded before import = 0
Number of asset objects unloaded after import = 11
========================================================================
Received Import Request.
  Time since last request: 14.690075 seconds.
  path: Assets/Fantastic City Generator/HighWay/Prefab/HW-L-200-01.prefab
  artifactKey: Guid(c37bc121eefabc445856124fcf584450) Importer(815301076,1909f56bfc062723c751e8b465ee728b)
Start importing Assets/Fantastic City Generator/HighWay/Prefab/HW-L-200-01.prefab using Guid(c37bc121eefabc445856124fcf584450) Importer(815301076,1909f56bfc062723c751e8b465ee728b) [PhysX] Initialized MultithreadedTaskDispatcher with 16 workers.
[PhysX] Initialized MultithreadedTaskDispatcher with 16 workers.
 -> (artifact id: '9327e005cc99ce7ab0598940caed918c') in 0.038272 seconds
Number of updated asset objects reloaded before import = 0
Number of asset objects unloaded after import = 274
========================================================================
Received Import Request.
  Time since last request: 0.000036 seconds.
  path: Assets/Fantastic City Generator/HighWay/Prefab/HW-L-300-02.prefab
  artifactKey: Guid(c8d62cdd1469ba943b07dfb452b438cc) Importer(815301076,1909f56bfc062723c751e8b465ee728b)
Start importing Assets/Fantastic City Generator/HighWay/Prefab/HW-L-300-02.prefab using Guid(c8d62cdd1469ba943b07dfb452b438cc) Importer(815301076,1909f56bfc062723c751e8b465ee728b) [PhysX] Initialized MultithreadedTaskDispatcher with 16 workers.
[PhysX] Initialized MultithreadedTaskDispatcher with 16 workers.
 -> (artifact id: '35068d5b87bbaa7b0dde8bb70ab3dfa1') in 0.032474 seconds
Number of updated asset objects reloaded before import = 0
Number of asset objects unloaded after import = 256
========================================================================
Received Import Request.
  Time since last request: 0.000033 seconds.
  path: Assets/Fantastic City Generator/HighWay/Prefab/HW-R-200-01.prefab
  artifactKey: Guid(b111e8f167386054494865d36127162b) Importer(815301076,1909f56bfc062723c751e8b465ee728b)
Start importing Assets/Fantastic City Generator/HighWay/Prefab/HW-R-200-01.prefab using Guid(b111e8f167386054494865d36127162b) Importer(815301076,1909f56bfc062723c751e8b465ee728b) [PhysX] Initialized MultithreadedTaskDispatcher with 16 workers.
[PhysX] Initialized MultithreadedTaskDispatcher with 16 workers.
 -> (artifact id: 'cca59c5ff62b597895ca1b998d940074') in 0.030404 seconds
Number of updated asset objects reloaded before import = 0
Number of asset objects unloaded after import = 238
========================================================================
Received Import Request.
  Time since last request: 103.447610 seconds.
  path: Assets/Fantastic City Generator/Roads/Prefab/Border-Flat-Large-Exit.prefab
  artifactKey: Guid(d73ac98522e3b2d4fa0fb88c182abe3f) Importer(815301076,1909f56bfc062723c751e8b465ee728b)
Start importing Assets/Fantastic City Generator/Roads/Prefab/Border-Flat-Large-Exit.prefab using Guid(d73ac98522e3b2d4fa0fb88c182abe3f) Importer(815301076,1909f56bfc062723c751e8b465ee728b) [PhysX] Initialized MultithreadedTaskDispatcher with 16 workers.
[PhysX] Initialized MultithreadedTaskDispatcher with 16 workers.
 -> (artifact id: 'ef1369297b95b800399ffe4a12045425') in 0.354532 seconds
Number of updated asset objects reloaded before import = 0
Number of asset objects unloaded after import = 7519
========================================================================
Received Import Request.
  Time since last request: 0.000034 seconds.
  path: Assets/Fantastic City Generator/Roads/Prefab/Border-Mini-Flat-2.prefab
  artifactKey: Guid(f15848a1d3842f744a3f4f9e64c6b1c2) Importer(815301076,1909f56bfc062723c751e8b465ee728b)
Start importing Assets/Fantastic City Generator/Roads/Prefab/Border-Mini-Flat-2.prefab using Guid(f15848a1d3842f744a3f4f9e64c6b1c2) Importer(815301076,1909f56bfc062723c751e8b465ee728b) [PhysX] Initialized MultithreadedTaskDispatcher with 16 workers.
[PhysX] Initialized MultithreadedTaskDispatcher with 16 workers.
 -> (artifact id: '3ba1547b9ba03ca5da4ddbec8b6b4190') in 0.342291 seconds
Number of updated asset objects reloaded before import = 0
Number of asset objects unloaded after import = 10299
========================================================================
Received Import Request.
  Time since last request: 0.000152 seconds.
  path: Assets/Fantastic City Generator/Roads/Prefab/Double-Block-02-C.prefab
  artifactKey: Guid(566fbecbbd3a1f641b7182ca1f064cf3) Importer(815301076,1909f56bfc062723c751e8b465ee728b)
Start importing Assets/Fantastic City Generator/Roads/Prefab/Double-Block-02-C.prefab using Guid(566fbecbbd3a1f641b7182ca1f064cf3) Importer(815301076,1909f56bfc062723c751e8b465ee728b) [PhysX] Initialized MultithreadedTaskDispatcher with 16 workers.
[PhysX] Initialized MultithreadedTaskDispatcher with 16 workers.
 -> (artifact id: '7debd246307226edf2e7b8af72349ba0') in 0.422045 seconds
Number of updated asset objects reloaded before import = 0
Number of asset objects unloaded after import = 14439
========================================================================
Received Import Request.
  Time since last request: 0.000040 seconds.
  path: Assets/Fantastic City Generator/Roads/Prefab/Border-Flat-Medium-Exit.prefab
  artifactKey: Guid(ee696b0c5a8c19d4c929303610b70032) Importer(815301076,1909f56bfc062723c751e8b465ee728b)
Start importing Assets/Fantastic City Generator/Roads/Prefab/Border-Flat-Medium-Exit.prefab using Guid(ee696b0c5a8c19d4c929303610b70032) Importer(815301076,1909f56bfc062723c751e8b465ee728b) [PhysX] Initialized MultithreadedTaskDispatcher with 16 workers.
[PhysX] Initialized MultithreadedTaskDispatcher with 16 workers.
 -> (artifact id: '12300609d9abbadd051c90abb4a895a2') in 0.189965 seconds
Number of updated asset objects reloaded before import = 0
Number of asset objects unloaded after import = 5418
========================================================================
Received Import Request.
  Time since last request: 0.000060 seconds.
  path: Assets/Fantastic City Generator/Roads/Prefab/Border-Medium 2.prefab
  artifactKey: Guid(c1aa71553a2743f4ebf00eb7188d99a3) Importer(815301076,1909f56bfc062723c751e8b465ee728b)
Start importing Assets/Fantastic City Generator/Roads/Prefab/Border-Medium 2.prefab using Guid(c1aa71553a2743f4ebf00eb7188d99a3) Importer(815301076,1909f56bfc062723c751e8b465ee728b) [PhysX] Initialized MultithreadedTaskDispatcher with 16 workers.
[PhysX] Initialized MultithreadedTaskDispatcher with 16 workers.
 -> (artifact id: 'b4628ef15114c4ce5dfeb104009ddf0b') in 0.161539 seconds
Number of updated asset objects reloaded before import = 0
Number of asset objects unloaded after import = 2811
========================================================================
Received Import Request.
  Time since last request: 0.000044 seconds.
  path: Assets/Fantastic City Generator/Roads/Prefab/Double-Block-02.prefab
  artifactKey: Guid(53fe4c7f991f0a9418106bb232fa4151) Importer(815301076,1909f56bfc062723c751e8b465ee728b)
Start importing Assets/Fantastic City Generator/Roads/Prefab/Double-Block-02.prefab using Guid(53fe4c7f991f0a9418106bb232fa4151) Importer(815301076,1909f56bfc062723c751e8b465ee728b) [PhysX] Initialized MultithreadedTaskDispatcher with 16 workers.
[PhysX] Initialized MultithreadedTaskDispatcher with 16 workers.
 -> (artifact id: '203c8b644f24d3b91fbf44e3ebd657ca') in 0.402670 seconds
Number of updated asset objects reloaded before import = 0
Number of asset objects unloaded after import = 13829
========================================================================
Received Import Request.
  Time since last request: 0.000053 seconds.
  path: Assets/Fantastic City Generator/Roads/Prefab/Border-Flat-Small.prefab
  artifactKey: Guid(2a9ac5e6cb177c04ba67791704b4a756) Importer(815301076,1909f56bfc062723c751e8b465ee728b)
Start importing Assets/Fantastic City Generator/Roads/Prefab/Border-Flat-Small.prefab using Guid(2a9ac5e6cb177c04ba67791704b4a756) Importer(815301076,1909f56bfc062723c751e8b465ee728b) [PhysX] Initialized MultithreadedTaskDispatcher with 16 workers.
[PhysX] Initialized MultithreadedTaskDispatcher with 16 workers.
 -> (artifact id: '283ecf335cf636763053f5e1fae1da74') in 0.112646 seconds
Number of updated asset objects reloaded before import = 0
Number of asset objects unloaded after import = 1714
========================================================================
Received Import Request.
  Time since last request: 0.000073 seconds.
  path: Assets/Fantastic City Generator/Roads/Prefab/Border-Medium 3.prefab
  artifactKey: Guid(2cf15761b1493c54281e350e1bc7b472) Importer(815301076,1909f56bfc062723c751e8b465ee728b)
Start importing Assets/Fantastic City Generator/Roads/Prefab/Border-Medium 3.prefab using Guid(2cf15761b1493c54281e350e1bc7b472) Importer(815301076,1909f56bfc062723c751e8b465ee728b) [PhysX] Initialized MultithreadedTaskDispatcher with 16 workers.
[PhysX] Initialized MultithreadedTaskDispatcher with 16 workers.
 -> (artifact id: '7b2e09aff23d0b90da69eee8bc477bb9') in 0.229132 seconds
Number of updated asset objects reloaded before import = 0
Number of asset objects unloaded after import = 5268
========================================================================
Received Import Request.
  Time since last request: 0.000064 seconds.
  path: Assets/Fantastic City Generator/Roads/Prefab/Border-Medium.prefab
  artifactKey: Guid(4c811385ec528234688151fcc7f5350d) Importer(815301076,1909f56bfc062723c751e8b465ee728b)
Start importing Assets/Fantastic City Generator/Roads/Prefab/Border-Medium.prefab using Guid(4c811385ec528234688151fcc7f5350d) Importer(815301076,1909f56bfc062723c751e8b465ee728b) [PhysX] Initialized MultithreadedTaskDispatcher with 16 workers.
[PhysX] Initialized MultithreadedTaskDispatcher with 16 workers.
 -> (artifact id: '14ce4fd0ee278eb530541f12355e3ad2') in 0.166574 seconds
Number of updated asset objects reloaded before import = 0
Number of asset objects unloaded after import = 3187
========================================================================
Received Import Request.
  Time since last request: 0.000065 seconds.
  path: Assets/Fantastic City Generator/Roads/Prefab/Double-Block-01.prefab
  artifactKey: Guid(b130648ddc87bbe42b758166380752db) Importer(815301076,1909f56bfc062723c751e8b465ee728b)
Start importing Assets/Fantastic City Generator/Roads/Prefab/Double-Block-01.prefab using Guid(b130648ddc87bbe42b758166380752db) Importer(815301076,1909f56bfc062723c751e8b465ee728b) [PhysX] Initialized MultithreadedTaskDispatcher with 16 workers.
[PhysX] Initialized MultithreadedTaskDispatcher with 16 workers.
 -> (artifact id: '69540cdf0b88f0cda3680b2f8ac00272') in 0.409175 seconds
Number of updated asset objects reloaded before import = 0
Number of asset objects unloaded after import = 16507
========================================================================
Received Import Request.
  Time since last request: 0.000036 seconds.
  path: Assets/Fantastic City Generator/Roads/Prefab/Border-Mini-Flat.prefab
  artifactKey: Guid(9db5d320ead1bb849aa0d4e988b776a1) Importer(815301076,1909f56bfc062723c751e8b465ee728b)
Start importing Assets/Fantastic City Generator/Roads/Prefab/Border-Mini-Flat.prefab using Guid(9db5d320ead1bb849aa0d4e988b776a1) Importer(815301076,1909f56bfc062723c751e8b465ee728b) [PhysX] Initialized MultithreadedTaskDispatcher with 16 workers.
[PhysX] Initialized MultithreadedTaskDispatcher with 16 workers.
 -> (artifact id: '995959793192835ef6e1ef2f2b3c72be') in 0.231042 seconds
Number of updated asset objects reloaded before import = 0
Number of asset objects unloaded after import = 10213
Editor requested this worker to shutdown with reason: Scaling down because of idle timeout
TcpMessagingSession - receive error: operation aborted. errorcode: 995, details: 由于线程退出或应用程序请求，已中止 I/O 操作。
AssetImportWorker is now disconnected from the server
Process exiting
Exiting without the bug reporter. Application will terminate with return code 0