Using pre-set license
Built from '2022.3/china_unity/release' branch; Version is '2022.3.55f1c1 (06b99830297d) revision 440728'; Using compiler version '192829333'; Build Type 'Release'
OS: 'Windows 11  (10.0.26100) 64bit CoreCountrySpecific' Language: 'zh' Physical Memory: 15556 MB
BatchMode: 1, IsHumanControllingUs: 0, StartBugReporterOnCrash: 0, Is64bit: 1, IsPro: 1

COMMAND LINE ARGUMENTS:
D:\unt\2022.3.55f1c1\Editor\Unity.exe
-adb2
-batchMode
-noUpm
-name
AssetImportWorker15
-projectPath
D:/myunt/unity_navigator/My_project
-logFile
Logs/AssetImportWorker15.log
-srvPort
9801
Successfully changed project path to: D:/myunt/unity_navigator/My_project
D:/myunt/unity_navigator/My_project
[UnityMemory] Configuration Parameters - Can be set up in boot.config
    "memorysetup-bucket-allocator-granularity=16"
    "memorysetup-bucket-allocator-bucket-count=8"
    "memorysetup-bucket-allocator-block-size=33554432"
    "memorysetup-bucket-allocator-block-count=8"
    "memorysetup-main-allocator-block-size=16777216"
    "memorysetup-thread-allocator-block-size=16777216"
    "memorysetup-gfx-main-allocator-block-size=16777216"
    "memorysetup-gfx-thread-allocator-block-size=16777216"
    "memorysetup-cache-allocator-block-size=4194304"
    "memorysetup-typetree-allocator-block-size=2097152"
    "memorysetup-profiler-bucket-allocator-granularity=16"
    "memorysetup-profiler-bucket-allocator-bucket-count=8"
    "memorysetup-profiler-bucket-allocator-block-size=33554432"
    "memorysetup-profiler-bucket-allocator-block-count=8"
    "memorysetup-profiler-allocator-block-size=16777216"
    "memorysetup-profiler-editor-allocator-block-size=1048576"
    "memorysetup-temp-allocator-size-main=16777216"
    "memorysetup-job-temp-allocator-block-size=2097152"
    "memorysetup-job-temp-allocator-block-size-background=1048576"
    "memorysetup-job-temp-allocator-reduction-small-platforms=262144"
    "memorysetup-allocator-temp-initial-block-size-main=262144"
    "memorysetup-allocator-temp-initial-block-size-worker=262144"
    "memorysetup-temp-allocator-size-background-worker=32768"
    "memorysetup-temp-allocator-size-job-worker=262144"
    "memorysetup-temp-allocator-size-preload-manager=33554432"
    "memorysetup-temp-allocator-size-nav-mesh-worker=65536"
    "memorysetup-temp-allocator-size-audio-worker=65536"
    "memorysetup-temp-allocator-size-cloud-worker=32768"
    "memorysetup-temp-allocator-size-gi-baking-worker=262144"
    "memorysetup-temp-allocator-size-gfx=262144"
Player connection [72268]  Target information:

Player connection [72268]  * "[IP] 125.216.248.103 [Port] 0 [Flags] 2 [Guid] 1887568013 [EditorId] 1887568013 [Version] 1048832 [Id] WindowsEditor(7,LAPTOP-PA7KPLPC) [Debug] 1 [PackageName] WindowsEditor [ProjectName] Editor" 

Player connection [72268]  * "[IP] 192.168.129.1 [Port] 0 [Flags] 2 [Guid] 1887568013 [EditorId] 1887568013 [Version] 1048832 [Id] WindowsEditor(7,LAPTOP-PA7KPLPC) [Debug] 1 [PackageName] WindowsEditor [ProjectName] Editor" 

Player connection [72268]  * "[IP] 192.168.175.1 [Port] 0 [Flags] 2 [Guid] 1887568013 [EditorId] 1887568013 [Version] 1048832 [Id] WindowsEditor(7,LAPTOP-PA7KPLPC) [Debug] 1 [PackageName] WindowsEditor [ProjectName] Editor" 

Player connection [72268] Host joined multi-casting on [225.0.0.222:54997]...
Player connection [72268] Host joined alternative multi-casting on [225.0.0.222:34997]...
[PhysX] Initialized MultithreadedTaskDispatcher with 16 workers.
Refreshing native plugins compatible for Editor in 18.38 ms, found 3 plugins.
Preloading 0 native plugins for Editor in 0.00 ms.
Initialize engine version: 2022.3.55f1c1 (06b99830297d)
[Subsystems] Discovering subsystems at path D:/unt/2022.3.55f1c1/Editor/Data/Resources/UnitySubsystems
[Subsystems] Discovering subsystems at path D:/myunt/unity_navigator/My_project/Assets
GfxDevice: creating device client; threaded=0; jobified=0
Direct3D:
    Version:  Direct3D 11.0 [level 11.1]
    Renderer: NVIDIA GeForce RTX 4060 Laptop GPU (ID=0x28e0)
    Vendor:   NVIDIA
    VRAM:     7957 MB
    Driver:   32.0.15.7283
Initialize mono
Mono path[0] = 'D:/unt/2022.3.55f1c1/Editor/Data/Managed'
Mono path[1] = 'D:/unt/2022.3.55f1c1/Editor/Data/MonoBleedingEdge/lib/mono/unityjit-win32'
Mono config path = 'D:/unt/2022.3.55f1c1/Editor/Data/MonoBleedingEdge/etc'
Using monoOptions --debugger-agent=transport=dt_socket,embedding=1,server=y,suspend=n,address=127.0.0.1:56712
Begin MonoManager ReloadAssembly
Registering precompiled unity dll's ...
Register platform support module: D:/unt/2022.3.55f1c1/Editor/Data/PlaybackEngines/WebGLSupport/UnityEditor.WebGL.Extensions.dll
Register platform support module: D:/unt/2022.3.55f1c1/Editor/Data/PlaybackEngines/AndroidPlayer/UnityEditor.Android.Extensions.dll
Register platform support module: D:/unt/2022.3.55f1c1/Editor/Data/PlaybackEngines/iOSSupport/UnityEditor.iOS.Extensions.dll
Register platform support module: D:/unt/2022.3.55f1c1/Editor/Data/PlaybackEngines/WindowsStandaloneSupport/UnityEditor.WindowsStandalone.Extensions.dll
Registered in 0.026749 seconds.
- Loaded All Assemblies, in  0.466 seconds
Native extension for WindowsStandalone target not found
[usbmuxd] Start listen thread
[usbmuxd] Listen thread started
Native extension for iOS target not found
Native extension for Android target not found
Native extension for WebGL target not found
Mono: successfully reloaded assembly
- Finished resetting the current domain, in  0.348 seconds
Domain Reload Profiling: 808ms
	BeginReloadAssembly (137ms)
		ExecutionOrderSort (0ms)
		DisableScriptedObjects (0ms)
		BackupInstance (0ms)
		ReleaseScriptingObjects (0ms)
		CreateAndSetChildDomain (1ms)
	RebuildCommonClasses (43ms)
	RebuildNativeTypeToScriptingClass (13ms)
	initialDomainReloadingComplete (87ms)
	LoadAllAssembliesAndSetupDomain (180ms)
		LoadAssemblies (136ms)
		RebuildTransferFunctionScriptingTraits (0ms)
		AnalyzeDomain (173ms)
			TypeCache.Refresh (172ms)
				TypeCache.ScanAssembly (158ms)
			ScanForSourceGeneratedMonoScriptInfo (0ms)
			ResolveRequiredComponents (0ms)
	FinalizeReload (348ms)
		ReleaseScriptCaches (0ms)
		RebuildScriptCaches (0ms)
		SetupLoadedEditorAssemblies (295ms)
			LogAssemblyErrors (0ms)
			InitializePlatformSupportModulesInManaged (93ms)
			SetLoadedEditorAssemblies (5ms)
			RefreshPlugins (0ms)
			BeforeProcessingInitializeOnLoad (3ms)
			ProcessInitializeOnLoadAttributes (133ms)
			ProcessInitializeOnLoadMethodAttributes (61ms)
			AfterProcessingInitializeOnLoad (0ms)
			EditorAssembliesLoaded (0ms)
		ExecutionOrderSort2 (0ms)
		AwakeInstancesAfterBackupRestoration (0ms)
========================================================================
Worker process is ready to serve import requests
Caller must complete domain reload
Begin MonoManager ReloadAssembly
- Loaded All Assemblies, in  0.826 seconds
Native extension for WindowsStandalone target not found
Native extension for iOS target not found
Native extension for Android target not found
Native extension for WebGL target not found
Mono: successfully reloaded assembly
- Finished resetting the current domain, in  0.643 seconds
Domain Reload Profiling: 1461ms
	BeginReloadAssembly (182ms)
		ExecutionOrderSort (0ms)
		DisableScriptedObjects (5ms)
		BackupInstance (0ms)
		ReleaseScriptingObjects (0ms)
		CreateAndSetChildDomain (27ms)
	RebuildCommonClasses (35ms)
	RebuildNativeTypeToScriptingClass (11ms)
	initialDomainReloadingComplete (52ms)
	LoadAllAssembliesAndSetupDomain (537ms)
		LoadAssemblies (470ms)
		RebuildTransferFunctionScriptingTraits (0ms)
		AnalyzeDomain (182ms)
			TypeCache.Refresh (162ms)
				TypeCache.ScanAssembly (146ms)
			ScanForSourceGeneratedMonoScriptInfo (15ms)
			ResolveRequiredComponents (4ms)
	FinalizeReload (644ms)
		ReleaseScriptCaches (0ms)
		RebuildScriptCaches (0ms)
		SetupLoadedEditorAssemblies (483ms)
			LogAssemblyErrors (0ms)
			InitializePlatformSupportModulesInManaged (52ms)
			SetLoadedEditorAssemblies (3ms)
			RefreshPlugins (0ms)
			BeforeProcessingInitializeOnLoad (74ms)
			ProcessInitializeOnLoadAttributes (320ms)
			ProcessInitializeOnLoadMethodAttributes (21ms)
			AfterProcessingInitializeOnLoad (14ms)
			EditorAssembliesLoaded (0ms)
		ExecutionOrderSort2 (0ms)
		AwakeInstancesAfterBackupRestoration (18ms)
Launched and connected shader compiler UnityShaderCompiler.exe after 0.10 seconds
Refreshing native plugins compatible for Editor in 12.53 ms, found 3 plugins.
Preloading 0 native plugins for Editor in 0.00 ms.
Unloading 3131 Unused Serialized files (Serialized files now loaded: 0)
Unloading 19 unused Assets / (54.9 KB). Loaded Objects now: 3629.
Memory consumption went from 143.1 MB to 143.1 MB.
Total: 4.200800 ms (FindLiveObjects: 0.284800 ms CreateObjectMapping: 0.141400 ms MarkObjects: 3.639300 ms  DeleteObjects: 0.134300 ms)

AssetImportParameters requested are different than current active one (requested -> active):
  custom:container-demuxer-ogg: 62fdf1f143b41e24485cea50d1cbac27 -> 
  custom:scripting/monoscript/fileName/DataSpawn.cs: a565763f8d07ffbd6e59b4c9d60f3ac6 -> 
  custom:scripting/monoscript/fileName/WaterSample.cs: b7b1246dbee007ce86fe9dd92884507e -> 
  custom:video-codec-MediaFoundation-h265: 746d11721c4dcdbdad8f713fa42b33f4 -> 
  custom:video-decoder-ogg-theora: a1e56fd34408186e4bbccfd4996cb3dc -> 
  custom:framework-win-MediaFoundation: 216162199b28c13a410421893ffa2e32 -> 
  custom:scripting/monoscript/fileName/DayNightEditor.cs: 4a28545b3fee7650bf9a3f6ead73131b -> 
  custom:scripting/monoscript/fileName/DayNight.cs: eb1bb1ed9672239e117138d38ca5c1e5 -> 
  custom:scripting/monoscript/fileName/TFShiftHand.cs: 09b595d983316e2d865c159f589d7243 -> 
  custom:CustomObjectIndexerAttribute: 9a22284fe3817be447336de3de66b15e -> 
  custom:container-demuxer-webm: 4f35f7cbe854078d1ac9338744f61a02 -> 
  custom:scripting/monoscript/fileName/FCityGenerator.cs: 3927c4569b14106444b04866ed0eb5ee -> 
  custom:scripting/monoscript/fileName/TrafficLight.cs: 29bae59745cbc247ca2b8b6e626c6eaf -> 
  custom:scripting/monoscript/fileName/CharacterControl.cs: a4c06e8e0fdcc281e6253ecc26a15743 -> 
  custom:scripting/monoscript/fileName/TrafficLights2.cs: aa6b88c6bd7df9cd6d9d0e2d53f465c0 -> 
  custom:scripting/monoscript/fileName/FPSDisplay.cs: 4de2b1268e0d108618b876b31a439b05 -> 
  custom:scripting/monoscript/fileName/FCGWaypointsContainer.cs: f1aa8b423032ac773bb442d6e30c6108 -> 
  custom:container-muxer-webm: aa71ff27fc2769a1b78a27578f13a17b -> 
  custom:video-decoder-webm-vp8: 9c59270c3fd7afecdb556c50c9e8de78 -> 
  custom:SearchIndexIgnoredProperties: e643bd26f0fe6173181afceb89e7c659 -> 
  custom:AudioImporter_EditorPlatform: d09bf68614088b80899f8185d706f6e7 -> 
  custom:scripting/monoscript/fileName/IconManager.cs: b17f7eb2a8b7b008ed03deff11b16b6b -> 
  custom:scripting/monoscript/fileName/FCGWPEditor.cs: 4d1272238ab6e4c7351069b0255523f4 -> 
  custom:scripting/monoscript/fileName/MobileControl.cs: 17b03000c09b01ce0ce5f0d6351435f9 -> 
  custom:scripting/monoscript/fileName/TFShiftHand2.cs: cab6824db3f629445a5159ae4f2fb59e -> 
  custom:scripting/monoscript/fileName/Mesh_CombineUtility.cs: bc5693d72d01f5849b38ad6129367987 -> 
  custom:scripting/monoscript/fileName/TrafficLights.cs: d8382041047660a71e759ce83dcd5292 -> 
  custom:scripting/monoscript/fileName/RunTimeSample.cs: 3588caa621dd2f9cc8eaa9b0aaca1301 -> 
  custom:video-encoder-webm-vp8: eb34c28f22e8b96e1ab97ce403110664 -> 
  custom:scripting/monoscript/fileName/ShiftAtRuntime.cs: 584eb13d96dd3e52f581d42f4d4e7ed1 -> 
  custom:audio-decoder-ogg-vorbis: bf7c407c2cedff20999df2af8eb42d56 -> 
  custom:scripting/monoscript/fileName/TrafficSystem.cs: b605b9c05ae9094e698059a55e564961 -> 
  custom:scripting/monoscript/fileName/FreeCamera.cs: fc10c696f65d6a2ebb3784b56fef3653 -> 
  custom:scripting/monoscript/fileName/TrafficCar.cs: aeb5782be4b595f6598bbef58650bfa0 -> 
  custom:audio-encoder-webm-vorbis: bf7c407c2cedff20999df2af8eb42d56 -> 
  custom:scripting/monoscript/fileName/TCarEditor.cs: 474d2942467536eb9be4e93849f614a2 -> 
  custom:scripting/monoscript/fileName/CityGenerator.cs: f32a907649e0ebba7a7c57dc6010ae19 -> 
========================================================================
Received Import Request.
  Time since last request: 19188.268657 seconds.
  path: Assets/CartoonTown-LowPolyAssets/Prefabs/Props/Mix/Boxes.prefab
  artifactKey: Guid(9057d45df5c914b0387c5cfca2fea44d) Importer(815301076,1909f56bfc062723c751e8b465ee728b)
Start importing Assets/CartoonTown-LowPolyAssets/Prefabs/Props/Mix/Boxes.prefab using Guid(9057d45df5c914b0387c5cfca2fea44d) Importer(815301076,1909f56bfc062723c751e8b465ee728b) [PhysX] Initialized MultithreadedTaskDispatcher with 16 workers.
[PhysX] Initialized MultithreadedTaskDispatcher with 16 workers.
 -> (artifact id: '9f7ffed263354c8b208ddcedcbd0699e') in 0.125869 seconds
Number of updated asset objects reloaded before import = 0
Number of asset objects unloaded after import = 11
========================================================================
Received Import Request.
  Time since last request: 246.080611 seconds.
  path: Assets/CartoonTown-LowPolyAssets/Models/Buildings/Shops/Misc_Shop_1.fbx
  artifactKey: Guid(f74c806e8d21540d0adcd28949bcc558) Importer(815301076,1909f56bfc062723c751e8b465ee728b)
Start importing Assets/CartoonTown-LowPolyAssets/Models/Buildings/Shops/Misc_Shop_1.fbx using Guid(f74c806e8d21540d0adcd28949bcc558) Importer(815301076,1909f56bfc062723c751e8b465ee728b) [PhysX] Initialized MultithreadedTaskDispatcher with 16 workers.
[PhysX] Initialized MultithreadedTaskDispatcher with 16 workers.
[PhysX] Initialized MultithreadedTaskDispatcher with 16 workers.
 -> (artifact id: '902369361de10abab77521a7ffc6cb7b') in 0.048870 seconds
Number of updated asset objects reloaded before import = 0
Number of asset objects unloaded after import = 10
========================================================================
Received Import Request.
  Time since last request: 12.423430 seconds.
  path: Assets/CartoonTown-LowPolyAssets/Prefabs/Buildings/Shops/Misc_Shop_1.prefab
  artifactKey: Guid(be6846325e2ff4f708985b280ee4c55a) Importer(815301076,1909f56bfc062723c751e8b465ee728b)
Start importing Assets/CartoonTown-LowPolyAssets/Prefabs/Buildings/Shops/Misc_Shop_1.prefab using Guid(be6846325e2ff4f708985b280ee4c55a) Importer(815301076,1909f56bfc062723c751e8b465ee728b) [PhysX] Initialized MultithreadedTaskDispatcher with 16 workers.
[PhysX] Initialized MultithreadedTaskDispatcher with 16 workers.
 -> (artifact id: 'ee938bdb5d1288e8c4e638f413f3e43b') in 0.016146 seconds
Number of updated asset objects reloaded before import = 0
Number of asset objects unloaded after import = 33
========================================================================
Received Import Request.
  Time since last request: 8.716548 seconds.
  path: Assets/CartoonTown-LowPolyAssets/Prefabs/Buildings/Shops/Misc_Shop_1.prefab
  artifactKey: Guid(be6846325e2ff4f708985b280ee4c55a) Importer(815301076,1909f56bfc062723c751e8b465ee728b)
Start importing Assets/CartoonTown-LowPolyAssets/Prefabs/Buildings/Shops/Misc_Shop_1.prefab using Guid(be6846325e2ff4f708985b280ee4c55a) Importer(815301076,1909f56bfc062723c751e8b465ee728b) [PhysX] Initialized MultithreadedTaskDispatcher with 16 workers.
[PhysX] Initialized MultithreadedTaskDispatcher with 16 workers.
 -> (artifact id: '6bf56cddbcfaf562ffc3a698bb3bb987') in 0.016228 seconds
Number of updated asset objects reloaded before import = 0
Number of asset objects unloaded after import = 33
========================================================================
Received Import Request.
  Time since last request: 22.843214 seconds.
  path: Assets/scripts_proj/Misc_Shop_1.prefab
  artifactKey: Guid(be6846325e2ff4f708985b280ee4c55a) Importer(815301076,1909f56bfc062723c751e8b465ee728b)
Start importing Assets/scripts_proj/Misc_Shop_1.prefab using Guid(be6846325e2ff4f708985b280ee4c55a) Importer(815301076,1909f56bfc062723c751e8b465ee728b) [PhysX] Initialized MultithreadedTaskDispatcher with 16 workers.
 -> (artifact id: '120059a49904b45dc20fdbee8bbbd39a') in 0.003076 seconds
Number of updated asset objects reloaded before import = 0
Number of asset objects unloaded after import = 24
========================================================================
Received Import Request.
  Time since last request: 14.951317 seconds.
  path: Assets/scripts_proj/Misc_Shop_1.prefab
  artifactKey: Guid(be6846325e2ff4f708985b280ee4c55a) Importer(815301076,1909f56bfc062723c751e8b465ee728b)
Start importing Assets/scripts_proj/Misc_Shop_1.prefab using Guid(be6846325e2ff4f708985b280ee4c55a) Importer(815301076,1909f56bfc062723c751e8b465ee728b) [PhysX] Initialized MultithreadedTaskDispatcher with 16 workers.
 -> (artifact id: 'cbf16e37d9dff620d79c4196a4ff0fae') in 0.002394 seconds
Number of updated asset objects reloaded before import = 0
Number of asset objects unloaded after import = 24
========================================================================
Received Import Request.
  Time since last request: 58.342348 seconds.
  path: Assets/CartoonTown-LowPolyAssets/Models/Buildings/Shops/Misc_Shop_1.fbx
  artifactKey: Guid(f74c806e8d21540d0adcd28949bcc558) Importer(815301076,1909f56bfc062723c751e8b465ee728b)
Start importing Assets/CartoonTown-LowPolyAssets/Models/Buildings/Shops/Misc_Shop_1.fbx using Guid(f74c806e8d21540d0adcd28949bcc558) Importer(815301076,1909f56bfc062723c751e8b465ee728b) [PhysX] Initialized MultithreadedTaskDispatcher with 16 workers.
[PhysX] Initialized MultithreadedTaskDispatcher with 16 workers.
[PhysX] Initialized MultithreadedTaskDispatcher with 16 workers.
 -> (artifact id: 'f7f5a5953cb0fafb12d0510b2678978c') in 0.017819 seconds
Number of updated asset objects reloaded before import = 0
Number of asset objects unloaded after import = 10
========================================================================
Received Import Request.
  Time since last request: 25.278760 seconds.
  path: Assets/CartoonTown-LowPolyAssets/Prefabs/Buildings/Shops/Misc_Shop_1.prefab
  artifactKey: Guid(be6846325e2ff4f708985b280ee4c55a) Importer(815301076,1909f56bfc062723c751e8b465ee728b)
Start importing Assets/CartoonTown-LowPolyAssets/Prefabs/Buildings/Shops/Misc_Shop_1.prefab using Guid(be6846325e2ff4f708985b280ee4c55a) Importer(815301076,1909f56bfc062723c751e8b465ee728b) [PhysX] Initialized MultithreadedTaskDispatcher with 16 workers.
 -> (artifact id: '5818f6652e07ab7aa43de2980a121fa7') in 0.002822 seconds
Number of updated asset objects reloaded before import = 0
Number of asset objects unloaded after import = 24
========================================================================
Received Import Request.
  Time since last request: 41.738516 seconds.
  path: Assets/CartoonTown-LowPolyAssets/Prefabs/Buildings/Shops/Misc_Shop_1.prefab
  artifactKey: Guid(be6846325e2ff4f708985b280ee4c55a) Importer(815301076,1909f56bfc062723c751e8b465ee728b)
Start importing Assets/CartoonTown-LowPolyAssets/Prefabs/Buildings/Shops/Misc_Shop_1.prefab using Guid(be6846325e2ff4f708985b280ee4c55a) Importer(815301076,1909f56bfc062723c751e8b465ee728b) [PhysX] Initialized MultithreadedTaskDispatcher with 16 workers.
 -> (artifact id: '480e74bdc2a975ea267b5c9600509fa4') in 0.002644 seconds
Number of updated asset objects reloaded before import = 0
Number of asset objects unloaded after import = 25
========================================================================
Received Import Request.
  Time since last request: 3.143844 seconds.
  path: Assets/CartoonTown-LowPolyAssets/Prefabs/Buildings/Shops/Misc_Shop_1.prefab
  artifactKey: Guid(be6846325e2ff4f708985b280ee4c55a) Importer(815301076,1909f56bfc062723c751e8b465ee728b)
Start importing Assets/CartoonTown-LowPolyAssets/Prefabs/Buildings/Shops/Misc_Shop_1.prefab using Guid(be6846325e2ff4f708985b280ee4c55a) Importer(815301076,1909f56bfc062723c751e8b465ee728b) [PhysX] Initialized MultithreadedTaskDispatcher with 16 workers.
 -> (artifact id: '82e8f8e4cbb2d1196201c67ada4adf8c') in 0.003031 seconds
Number of updated asset objects reloaded before import = 0
Number of asset objects unloaded after import = 25
========================================================================
Received Import Request.
  Time since last request: 1.959194 seconds.
  path: Assets/CartoonTown-LowPolyAssets/Prefabs/Buildings/Shops/Misc_Shop_1.prefab
  artifactKey: Guid(be6846325e2ff4f708985b280ee4c55a) Importer(815301076,1909f56bfc062723c751e8b465ee728b)
Start importing Assets/CartoonTown-LowPolyAssets/Prefabs/Buildings/Shops/Misc_Shop_1.prefab using Guid(be6846325e2ff4f708985b280ee4c55a) Importer(815301076,1909f56bfc062723c751e8b465ee728b) [PhysX] Initialized MultithreadedTaskDispatcher with 16 workers.
 -> (artifact id: '8204ccb4b08d566c7fddd1e730432474') in 0.003061 seconds
Number of updated asset objects reloaded before import = 0
Number of asset objects unloaded after import = 25
========================================================================
Received Import Request.
  Time since last request: 2.084955 seconds.
  path: Assets/CartoonTown-LowPolyAssets/Prefabs/Buildings/Shops/Misc_Shop_1.prefab
  artifactKey: Guid(be6846325e2ff4f708985b280ee4c55a) Importer(815301076,1909f56bfc062723c751e8b465ee728b)
Start importing Assets/CartoonTown-LowPolyAssets/Prefabs/Buildings/Shops/Misc_Shop_1.prefab using Guid(be6846325e2ff4f708985b280ee4c55a) Importer(815301076,1909f56bfc062723c751e8b465ee728b) [PhysX] Initialized MultithreadedTaskDispatcher with 16 workers.
 -> (artifact id: '3824a7d5a8919809aa09e305dc72d035') in 0.002700 seconds
Number of updated asset objects reloaded before import = 0
Number of asset objects unloaded after import = 25
========================================================================
Received Prepare
Caller must complete domain reload
Begin MonoManager ReloadAssembly
- Loaded All Assemblies, in  0.609 seconds
Native extension for WindowsStandalone target not found
Native extension for iOS target not found
Native extension for Android target not found
Native extension for WebGL target not found
Mono: successfully reloaded assembly
- Finished resetting the current domain, in  1.459 seconds
Domain Reload Profiling: 2059ms
	BeginReloadAssembly (201ms)
		ExecutionOrderSort (0ms)
		DisableScriptedObjects (4ms)
		BackupInstance (0ms)
		ReleaseScriptingObjects (0ms)
		CreateAndSetChildDomain (35ms)
	RebuildCommonClasses (35ms)
	RebuildNativeTypeToScriptingClass (10ms)
	initialDomainReloadingComplete (43ms)
	LoadAllAssembliesAndSetupDomain (309ms)
		LoadAssemblies (424ms)
		RebuildTransferFunctionScriptingTraits (0ms)
		AnalyzeDomain (10ms)
			TypeCache.Refresh (5ms)
				TypeCache.ScanAssembly (0ms)
			ScanForSourceGeneratedMonoScriptInfo (0ms)
			ResolveRequiredComponents (4ms)
	FinalizeReload (1460ms)
		ReleaseScriptCaches (0ms)
		RebuildScriptCaches (0ms)
		SetupLoadedEditorAssemblies (528ms)
			LogAssemblyErrors (0ms)
			InitializePlatformSupportModulesInManaged (53ms)
			SetLoadedEditorAssemblies (4ms)
			RefreshPlugins (0ms)
			BeforeProcessingInitializeOnLoad (112ms)
			ProcessInitializeOnLoadAttributes (312ms)
			ProcessInitializeOnLoadMethodAttributes (25ms)
			AfterProcessingInitializeOnLoad (22ms)
			EditorAssembliesLoaded (0ms)
		ExecutionOrderSort2 (0ms)
		AwakeInstancesAfterBackupRestoration (20ms)
Refreshing native plugins compatible for Editor in 10.33 ms, found 3 plugins.
Preloading 0 native plugins for Editor in 0.00 ms.
Unloading 3123 Unused Serialized files (Serialized files now loaded: 0)
Unloading 14 unused Assets / (28.5 KB). Loaded Objects now: 3643.
Memory consumption went from 146.7 MB to 146.7 MB.
Total: 4.808800 ms (FindLiveObjects: 0.512700 ms CreateObjectMapping: 0.219500 ms MarkObjects: 4.007100 ms  DeleteObjects: 0.068300 ms)

Prepare: number of updated asset objects reloaded= 0
AssetImportParameters requested are different than current active one (requested -> active):
  custom:container-demuxer-ogg: 62fdf1f143b41e24485cea50d1cbac27 -> 
  custom:scripting/monoscript/fileName/DataSpawn.cs: a565763f8d07ffbd6e59b4c9d60f3ac6 -> 
  custom:scripting/monoscript/fileName/WaterSample.cs: b7b1246dbee007ce86fe9dd92884507e -> 
  custom:video-codec-MediaFoundation-h265: 746d11721c4dcdbdad8f713fa42b33f4 -> 
  custom:video-decoder-ogg-theora: a1e56fd34408186e4bbccfd4996cb3dc -> 
  custom:framework-win-MediaFoundation: 216162199b28c13a410421893ffa2e32 -> 
  custom:scripting/monoscript/fileName/DayNightEditor.cs: 4a28545b3fee7650bf9a3f6ead73131b -> 
  custom:scripting/monoscript/fileName/DayNight.cs: eb1bb1ed9672239e117138d38ca5c1e5 -> 
  custom:scripting/monoscript/fileName/TFShiftHand.cs: 09b595d983316e2d865c159f589d7243 -> 
  custom:CustomObjectIndexerAttribute: 9a22284fe3817be447336de3de66b15e -> 
  custom:container-demuxer-webm: 4f35f7cbe854078d1ac9338744f61a02 -> 
  custom:scripting/monoscript/fileName/FCityGenerator.cs: 3927c4569b14106444b04866ed0eb5ee -> 
  custom:scripting/monoscript/fileName/TrafficLight.cs: 29bae59745cbc247ca2b8b6e626c6eaf -> 
  custom:scripting/monoscript/fileName/CharacterControl.cs: a4c06e8e0fdcc281e6253ecc26a15743 -> 
  custom:scripting/monoscript/fileName/TrafficLights2.cs: aa6b88c6bd7df9cd6d9d0e2d53f465c0 -> 
  custom:scripting/monoscript/fileName/FPSDisplay.cs: 4de2b1268e0d108618b876b31a439b05 -> 
  custom:scripting/monoscript/fileName/FCGWaypointsContainer.cs: f1aa8b423032ac773bb442d6e30c6108 -> 
  custom:container-muxer-webm: aa71ff27fc2769a1b78a27578f13a17b -> 
  custom:video-decoder-webm-vp8: 9c59270c3fd7afecdb556c50c9e8de78 -> 
  custom:SearchIndexIgnoredProperties: e643bd26f0fe6173181afceb89e7c659 -> 
  custom:AudioImporter_EditorPlatform: d09bf68614088b80899f8185d706f6e7 -> 
  custom:scripting/monoscript/fileName/IconManager.cs: b17f7eb2a8b7b008ed03deff11b16b6b -> 
  custom:scripting/monoscript/fileName/FCGWPEditor.cs: 4d1272238ab6e4c7351069b0255523f4 -> 
  custom:scripting/monoscript/fileName/MobileControl.cs: 17b03000c09b01ce0ce5f0d6351435f9 -> 
  custom:scripting/monoscript/fileName/TFShiftHand2.cs: cab6824db3f629445a5159ae4f2fb59e -> 
  custom:scripting/monoscript/fileName/Mesh_CombineUtility.cs: bc5693d72d01f5849b38ad6129367987 -> 
  custom:scripting/monoscript/fileName/TrafficLights.cs: d8382041047660a71e759ce83dcd5292 -> 
  custom:scripting/monoscript/fileName/RunTimeSample.cs: 3588caa621dd2f9cc8eaa9b0aaca1301 -> 
  custom:video-encoder-webm-vp8: eb34c28f22e8b96e1ab97ce403110664 -> 
  custom:scripting/monoscript/fileName/ShiftAtRuntime.cs: 584eb13d96dd3e52f581d42f4d4e7ed1 -> 
  custom:audio-decoder-ogg-vorbis: bf7c407c2cedff20999df2af8eb42d56 -> 
  custom:scripting/monoscript/fileName/TrafficSystem.cs: b605b9c05ae9094e698059a55e564961 -> 
  custom:scripting/monoscript/fileName/FreeCamera.cs: fc10c696f65d6a2ebb3784b56fef3653 -> 
  custom:scripting/monoscript/fileName/TrafficCar.cs: aeb5782be4b595f6598bbef58650bfa0 -> 
  custom:audio-encoder-webm-vorbis: bf7c407c2cedff20999df2af8eb42d56 -> 
  custom:scripting/monoscript/fileName/TCarEditor.cs: 474d2942467536eb9be4e93849f614a2 -> 
  custom:scripting/monoscript/fileName/CityGenerator.cs: f32a907649e0ebba7a7c57dc6010ae19 -> 
========================================================================
Received Import Request.
  Time since last request: 122.985570 seconds.
  path: Assets/CartoonTown-LowPolyAssets/Models/Lanterns/Lantern_Small.fbx
  artifactKey: Guid(45a32e7a4f9d7472692441518a8dfbc5) Importer(815301076,1909f56bfc062723c751e8b465ee728b)
Start importing Assets/CartoonTown-LowPolyAssets/Models/Lanterns/Lantern_Small.fbx using Guid(45a32e7a4f9d7472692441518a8dfbc5) Importer(815301076,1909f56bfc062723c751e8b465ee728b) [PhysX] Initialized MultithreadedTaskDispatcher with 16 workers.
[PhysX] Initialized MultithreadedTaskDispatcher with 16 workers.
[PhysX] Initialized MultithreadedTaskDispatcher with 16 workers.
 -> (artifact id: 'b3dcd19ccdd31123e9876db2ee0fb611') in 0.108984 seconds
Number of updated asset objects reloaded before import = 0
Number of asset objects unloaded after import = 11
========================================================================
Received Import Request.
  Time since last request: 4.827054 seconds.
  path: Assets/CartoonTown-LowPolyAssets/Models/Props/Balloons/Black_Balloon.fbx
  artifactKey: Guid(e30f577bf20f7477eb3fd1d9bccbe23b) Importer(815301076,1909f56bfc062723c751e8b465ee728b)
Start importing Assets/CartoonTown-LowPolyAssets/Models/Props/Balloons/Black_Balloon.fbx using Guid(e30f577bf20f7477eb3fd1d9bccbe23b) Importer(815301076,1909f56bfc062723c751e8b465ee728b) [PhysX] Initialized MultithreadedTaskDispatcher with 16 workers.
[PhysX] Initialized MultithreadedTaskDispatcher with 16 workers.
[PhysX] Initialized MultithreadedTaskDispatcher with 16 workers.
 -> (artifact id: 'b7e11cc56a8d3c911343a8a8032a07fa') in 0.013997 seconds
Number of updated asset objects reloaded before import = 0
Number of asset objects unloaded after import = 9
========================================================================
Received Import Request.
  Time since last request: 0.028521 seconds.
  path: Assets/CartoonTown-LowPolyAssets/Models/Props/Balloons/Blue_Balloon-Flying.fbx
  artifactKey: Guid(c90205ea99bcc4c5d80a4ee674fb0021) Importer(815301076,1909f56bfc062723c751e8b465ee728b)
Start importing Assets/CartoonTown-LowPolyAssets/Models/Props/Balloons/Blue_Balloon-Flying.fbx using Guid(c90205ea99bcc4c5d80a4ee674fb0021) Importer(815301076,1909f56bfc062723c751e8b465ee728b) [PhysX] Initialized MultithreadedTaskDispatcher with 16 workers.
[PhysX] Initialized MultithreadedTaskDispatcher with 16 workers.
[PhysX] Initialized MultithreadedTaskDispatcher with 16 workers.
 -> (artifact id: 'c0ee98569f7ac297b96dca97c93c63cd') in 0.017931 seconds
Number of updated asset objects reloaded before import = 0
Number of asset objects unloaded after import = 9
========================================================================
Received Import Request.
  Time since last request: 0.022599 seconds.
  path: Assets/CartoonTown-LowPolyAssets/Models/Props/Balloons/BlueDark_BunnyBalloon.fbx
  artifactKey: Guid(946ca207afcc340b398f3c5edb10c4ff) Importer(815301076,1909f56bfc062723c751e8b465ee728b)
Start importing Assets/CartoonTown-LowPolyAssets/Models/Props/Balloons/BlueDark_BunnyBalloon.fbx using Guid(946ca207afcc340b398f3c5edb10c4ff) Importer(815301076,1909f56bfc062723c751e8b465ee728b) [PhysX] Initialized MultithreadedTaskDispatcher with 16 workers.
[PhysX] Initialized MultithreadedTaskDispatcher with 16 workers.
[PhysX] Initialized MultithreadedTaskDispatcher with 16 workers.
 -> (artifact id: '1127d2ac472b3c5a0d3c5de32bef423e') in 0.017004 seconds
Number of updated asset objects reloaded before import = 0
Number of asset objects unloaded after import = 9
========================================================================
Received Import Request.
  Time since last request: 0.000020 seconds.
  path: Assets/CartoonTown-LowPolyAssets/Models/Props/Balloons/Purple_BunnyBalloon.fbx
  artifactKey: Guid(3192f1f8213024a378ee5b0a92fc039f) Importer(815301076,1909f56bfc062723c751e8b465ee728b)
Start importing Assets/CartoonTown-LowPolyAssets/Models/Props/Balloons/Purple_BunnyBalloon.fbx using Guid(3192f1f8213024a378ee5b0a92fc039f) Importer(815301076,1909f56bfc062723c751e8b465ee728b) [PhysX] Initialized MultithreadedTaskDispatcher with 16 workers.
[PhysX] Initialized MultithreadedTaskDispatcher with 16 workers.
[PhysX] Initialized MultithreadedTaskDispatcher with 16 workers.
 -> (artifact id: '16b43cbc773f38e73c2bc74014a23160') in 0.016006 seconds
Number of updated asset objects reloaded before import = 0
Number of asset objects unloaded after import = 9
========================================================================
Received Import Request.
  Time since last request: 0.000027 seconds.
  path: Assets/CartoonTown-LowPolyAssets/Models/Props/Balloons/Yellow_BunnyBalloon.fbx
  artifactKey: Guid(6e2f0456963cf42dd8c5e816a686c013) Importer(815301076,1909f56bfc062723c751e8b465ee728b)
Start importing Assets/CartoonTown-LowPolyAssets/Models/Props/Balloons/Yellow_BunnyBalloon.fbx using Guid(6e2f0456963cf42dd8c5e816a686c013) Importer(815301076,1909f56bfc062723c751e8b465ee728b) [PhysX] Initialized MultithreadedTaskDispatcher with 16 workers.
[PhysX] Initialized MultithreadedTaskDispatcher with 16 workers.
[PhysX] Initialized MultithreadedTaskDispatcher with 16 workers.
 -> (artifact id: '9452bbc8dcf2b3770869293b9835f19a') in 0.016150 seconds
Number of updated asset objects reloaded before import = 0
Number of asset objects unloaded after import = 9
========================================================================
Received Import Request.
  Time since last request: 0.000030 seconds.
  path: Assets/CartoonTown-LowPolyAssets/Models/Props/Balloons/Yellow_Balloon.fbx
  artifactKey: Guid(1624f434b361143289e2d414a89199e8) Importer(815301076,1909f56bfc062723c751e8b465ee728b)
Start importing Assets/CartoonTown-LowPolyAssets/Models/Props/Balloons/Yellow_Balloon.fbx using Guid(1624f434b361143289e2d414a89199e8) Importer(815301076,1909f56bfc062723c751e8b465ee728b) [PhysX] Initialized MultithreadedTaskDispatcher with 16 workers.
[PhysX] Initialized MultithreadedTaskDispatcher with 16 workers.
[PhysX] Initialized MultithreadedTaskDispatcher with 16 workers.
 -> (artifact id: '99d55861714613b83d02c3b2d3f68325') in 0.016358 seconds
Number of updated asset objects reloaded before import = 0
Number of asset objects unloaded after import = 9
========================================================================
Received Import Request.
  Time since last request: 0.000034 seconds.
  path: Assets/CartoonTown-LowPolyAssets/Models/Props/Balloons/Pink_Balloon.fbx
  artifactKey: Guid(189def06b366d410bb43562aefdefaf2) Importer(815301076,1909f56bfc062723c751e8b465ee728b)
Start importing Assets/CartoonTown-LowPolyAssets/Models/Props/Balloons/Pink_Balloon.fbx using Guid(189def06b366d410bb43562aefdefaf2) Importer(815301076,1909f56bfc062723c751e8b465ee728b) [PhysX] Initialized MultithreadedTaskDispatcher with 16 workers.
[PhysX] Initialized MultithreadedTaskDispatcher with 16 workers.
[PhysX] Initialized MultithreadedTaskDispatcher with 16 workers.
 -> (artifact id: 'df21767dd66168874b4079c2af443a64') in 0.015628 seconds
Number of updated asset objects reloaded before import = 0
Number of asset objects unloaded after import = 9
========================================================================
Received Import Request.
  Time since last request: 0.000023 seconds.
  path: Assets/CartoonTown-LowPolyAssets/Models/Props/Balloons/Blue_Balloon.fbx
  artifactKey: Guid(208ba6a596931493b890920d0b4d60d7) Importer(815301076,1909f56bfc062723c751e8b465ee728b)
Start importing Assets/CartoonTown-LowPolyAssets/Models/Props/Balloons/Blue_Balloon.fbx using Guid(208ba6a596931493b890920d0b4d60d7) Importer(815301076,1909f56bfc062723c751e8b465ee728b) [PhysX] Initialized MultithreadedTaskDispatcher with 16 workers.
[PhysX] Initialized MultithreadedTaskDispatcher with 16 workers.
[PhysX] Initialized MultithreadedTaskDispatcher with 16 workers.
 -> (artifact id: 'e5d9743c3e8be5037bbcfc1f53fb6bac') in 0.014268 seconds
Number of updated asset objects reloaded before import = 0
Number of asset objects unloaded after import = 9
========================================================================
Received Import Request.
  Time since last request: 0.000023 seconds.
  path: Assets/CartoonTown-LowPolyAssets/Models/Props/Balloons/White_BunnyBalloon-Flying.fbx
  artifactKey: Guid(725da75ca2386458b9b998508b31c4a2) Importer(815301076,1909f56bfc062723c751e8b465ee728b)
Start importing Assets/CartoonTown-LowPolyAssets/Models/Props/Balloons/White_BunnyBalloon-Flying.fbx using Guid(725da75ca2386458b9b998508b31c4a2) Importer(815301076,1909f56bfc062723c751e8b465ee728b) [PhysX] Initialized MultithreadedTaskDispatcher with 16 workers.
[PhysX] Initialized MultithreadedTaskDispatcher with 16 workers.
[PhysX] Initialized MultithreadedTaskDispatcher with 16 workers.
 -> (artifact id: '31756163c89db6c2a3da4d0afd796c3d') in 0.015149 seconds
Number of updated asset objects reloaded before import = 0
Number of asset objects unloaded after import = 9
========================================================================
Received Import Request.
  Time since last request: 0.000024 seconds.
  path: Assets/CartoonTown-LowPolyAssets/Models/Props/Balloons/Green_Balloon.fbx
  artifactKey: Guid(e3129776421434b308281fef4e73e2f6) Importer(815301076,1909f56bfc062723c751e8b465ee728b)
Start importing Assets/CartoonTown-LowPolyAssets/Models/Props/Balloons/Green_Balloon.fbx using Guid(e3129776421434b308281fef4e73e2f6) Importer(815301076,1909f56bfc062723c751e8b465ee728b) [PhysX] Initialized MultithreadedTaskDispatcher with 16 workers.
[PhysX] Initialized MultithreadedTaskDispatcher with 16 workers.
[PhysX] Initialized MultithreadedTaskDispatcher with 16 workers.
 -> (artifact id: 'c8aa90724ffe8b8f3c9a9c89dbab672f') in 0.017225 seconds
Number of updated asset objects reloaded before import = 0
Number of asset objects unloaded after import = 9
========================================================================
Received Import Request.
  Time since last request: 0.000021 seconds.
  path: Assets/CartoonTown-LowPolyAssets/Models/Props/Balloons/Pink_BunnyBalloon.fbx
  artifactKey: Guid(545d37d543f0e4761aab4dfe8ba1c27c) Importer(815301076,1909f56bfc062723c751e8b465ee728b)
Start importing Assets/CartoonTown-LowPolyAssets/Models/Props/Balloons/Pink_BunnyBalloon.fbx using Guid(545d37d543f0e4761aab4dfe8ba1c27c) Importer(815301076,1909f56bfc062723c751e8b465ee728b) [PhysX] Initialized MultithreadedTaskDispatcher with 16 workers.
[PhysX] Initialized MultithreadedTaskDispatcher with 16 workers.
[PhysX] Initialized MultithreadedTaskDispatcher with 16 workers.
 -> (artifact id: '61882a3042d1c037a41b272e9e9dc397') in 0.013406 seconds
Number of updated asset objects reloaded before import = 0
Number of asset objects unloaded after import = 9
========================================================================
Received Import Request.
  Time since last request: 18.489348 seconds.
  path: Assets/CartoonTown-LowPolyAssets/Models/Props/Mix/Sign_Tree.fbx
  artifactKey: Guid(074b23a6838454f9986e15fcaac6bb55) Importer(815301076,1909f56bfc062723c751e8b465ee728b)
Start importing Assets/CartoonTown-LowPolyAssets/Models/Props/Mix/Sign_Tree.fbx using Guid(074b23a6838454f9986e15fcaac6bb55) Importer(815301076,1909f56bfc062723c751e8b465ee728b) [PhysX] Initialized MultithreadedTaskDispatcher with 16 workers.
[PhysX] Initialized MultithreadedTaskDispatcher with 16 workers.
[PhysX] Initialized MultithreadedTaskDispatcher with 16 workers.
 -> (artifact id: 'b6207fb2401505e366b1787070603b67') in 0.021160 seconds
Number of updated asset objects reloaded before import = 0
Number of asset objects unloaded after import = 10
========================================================================
Received Import Request.
  Time since last request: 0.001400 seconds.
  path: Assets/CartoonTown-LowPolyAssets/Models/Props/Mix/Tent_Orange.fbx
  artifactKey: Guid(7ce9b91f00421480c938e97ee67e1d85) Importer(815301076,1909f56bfc062723c751e8b465ee728b)
Start importing Assets/CartoonTown-LowPolyAssets/Models/Props/Mix/Tent_Orange.fbx using Guid(7ce9b91f00421480c938e97ee67e1d85) Importer(815301076,1909f56bfc062723c751e8b465ee728b) [PhysX] Initialized MultithreadedTaskDispatcher with 16 workers.
[PhysX] Initialized MultithreadedTaskDispatcher with 16 workers.
[PhysX] Initialized MultithreadedTaskDispatcher with 16 workers.
 -> (artifact id: 'e50da29b7ee7ec73c3c959c5d5d8b36a') in 0.020183 seconds
Number of updated asset objects reloaded before import = 0
Number of asset objects unloaded after import = 10
========================================================================
Received Import Request.
  Time since last request: 30.960290 seconds.
  path: Assets/CartoonTown-LowPolyAssets/Models/Props/Mix/GrassStems.fbx
  artifactKey: Guid(c466f7b71b6ec4ff899ba653eae19444) Importer(815301076,1909f56bfc062723c751e8b465ee728b)
Start importing Assets/CartoonTown-LowPolyAssets/Models/Props/Mix/GrassStems.fbx using Guid(c466f7b71b6ec4ff899ba653eae19444) Importer(815301076,1909f56bfc062723c751e8b465ee728b) [PhysX] Initialized MultithreadedTaskDispatcher with 16 workers.
[PhysX] Initialized MultithreadedTaskDispatcher with 16 workers.
[PhysX] Initialized MultithreadedTaskDispatcher with 16 workers.
 -> (artifact id: '3a477373301388142d5e5ea5bee909c1') in 0.018430 seconds
Number of updated asset objects reloaded before import = 0
Number of asset objects unloaded after import = 9
========================================================================
Received Prepare
Caller must complete domain reload
Begin MonoManager ReloadAssembly
- Loaded All Assemblies, in  0.666 seconds
Native extension for WindowsStandalone target not found
Native extension for iOS target not found
Native extension for Android target not found
Native extension for WebGL target not found
Mono: successfully reloaded assembly
- Finished resetting the current domain, in  1.402 seconds
Domain Reload Profiling: 2056ms
	BeginReloadAssembly (202ms)
		ExecutionOrderSort (0ms)
		DisableScriptedObjects (4ms)
		BackupInstance (0ms)
		ReleaseScriptingObjects (0ms)
		CreateAndSetChildDomain (31ms)
	RebuildCommonClasses (41ms)
	RebuildNativeTypeToScriptingClass (16ms)
	initialDomainReloadingComplete (58ms)
	LoadAllAssembliesAndSetupDomain (337ms)
		LoadAssemblies (444ms)
		RebuildTransferFunctionScriptingTraits (0ms)
		AnalyzeDomain (24ms)
			TypeCache.Refresh (8ms)
				TypeCache.ScanAssembly (0ms)
			ScanForSourceGeneratedMonoScriptInfo (8ms)
			ResolveRequiredComponents (6ms)
	FinalizeReload (1402ms)
		ReleaseScriptCaches (0ms)
		RebuildScriptCaches (0ms)
		SetupLoadedEditorAssemblies (555ms)
			LogAssemblyErrors (0ms)
			InitializePlatformSupportModulesInManaged (43ms)
			SetLoadedEditorAssemblies (3ms)
			RefreshPlugins (0ms)
			BeforeProcessingInitializeOnLoad (75ms)
			ProcessInitializeOnLoadAttributes (258ms)
			ProcessInitializeOnLoadMethodAttributes (19ms)
			AfterProcessingInitializeOnLoad (157ms)
			EditorAssembliesLoaded (0ms)
		ExecutionOrderSort2 (0ms)
		AwakeInstancesAfterBackupRestoration (29ms)
Refreshing native plugins compatible for Editor in 9.67 ms, found 3 plugins.
Preloading 0 native plugins for Editor in 0.00 ms.
Unloading 3123 Unused Serialized files (Serialized files now loaded: 0)
Unloading 14 unused Assets / (28.5 KB). Loaded Objects now: 3646.
Memory consumption went from 146.7 MB to 146.7 MB.
Total: 6.413900 ms (FindLiveObjects: 0.483100 ms CreateObjectMapping: 0.197300 ms MarkObjects: 5.663500 ms  DeleteObjects: 0.068800 ms)

Prepare: number of updated asset objects reloaded= 0
AssetImportParameters requested are different than current active one (requested -> active):
  custom:container-demuxer-ogg: 62fdf1f143b41e24485cea50d1cbac27 -> 
  custom:scripting/monoscript/fileName/DataSpawn.cs: a565763f8d07ffbd6e59b4c9d60f3ac6 -> 
  custom:scripting/monoscript/fileName/WaterSample.cs: b7b1246dbee007ce86fe9dd92884507e -> 
  custom:video-codec-MediaFoundation-h265: 746d11721c4dcdbdad8f713fa42b33f4 -> 
  custom:video-decoder-ogg-theora: a1e56fd34408186e4bbccfd4996cb3dc -> 
  custom:framework-win-MediaFoundation: 216162199b28c13a410421893ffa2e32 -> 
  custom:scripting/monoscript/fileName/DayNightEditor.cs: 4a28545b3fee7650bf9a3f6ead73131b -> 
  custom:scripting/monoscript/fileName/DayNight.cs: eb1bb1ed9672239e117138d38ca5c1e5 -> 
  custom:scripting/monoscript/fileName/TFShiftHand.cs: 09b595d983316e2d865c159f589d7243 -> 
  custom:CustomObjectIndexerAttribute: 9a22284fe3817be447336de3de66b15e -> 
  custom:container-demuxer-webm: 4f35f7cbe854078d1ac9338744f61a02 -> 
  custom:scripting/monoscript/fileName/FCityGenerator.cs: 3927c4569b14106444b04866ed0eb5ee -> 
  custom:scripting/monoscript/fileName/TrafficLight.cs: 29bae59745cbc247ca2b8b6e626c6eaf -> 
  custom:scripting/monoscript/fileName/CharacterControl.cs: a4c06e8e0fdcc281e6253ecc26a15743 -> 
  custom:scripting/monoscript/fileName/TrafficLights2.cs: aa6b88c6bd7df9cd6d9d0e2d53f465c0 -> 
  custom:scripting/monoscript/fileName/FPSDisplay.cs: 4de2b1268e0d108618b876b31a439b05 -> 
  custom:scripting/monoscript/fileName/FCGWaypointsContainer.cs: f1aa8b423032ac773bb442d6e30c6108 -> 
  custom:container-muxer-webm: aa71ff27fc2769a1b78a27578f13a17b -> 
  custom:video-decoder-webm-vp8: 9c59270c3fd7afecdb556c50c9e8de78 -> 
  custom:SearchIndexIgnoredProperties: e643bd26f0fe6173181afceb89e7c659 -> 
  custom:AudioImporter_EditorPlatform: d09bf68614088b80899f8185d706f6e7 -> 
  custom:scripting/monoscript/fileName/IconManager.cs: b17f7eb2a8b7b008ed03deff11b16b6b -> 
  custom:scripting/monoscript/fileName/FCGWPEditor.cs: 4d1272238ab6e4c7351069b0255523f4 -> 
  custom:scripting/monoscript/fileName/MobileControl.cs: 17b03000c09b01ce0ce5f0d6351435f9 -> 
  custom:scripting/monoscript/fileName/TFShiftHand2.cs: cab6824db3f629445a5159ae4f2fb59e -> 
  custom:scripting/monoscript/fileName/Mesh_CombineUtility.cs: bc5693d72d01f5849b38ad6129367987 -> 
  custom:scripting/monoscript/fileName/TrafficLights.cs: d8382041047660a71e759ce83dcd5292 -> 
  custom:scripting/monoscript/fileName/RunTimeSample.cs: 3588caa621dd2f9cc8eaa9b0aaca1301 -> 
  custom:video-encoder-webm-vp8: eb34c28f22e8b96e1ab97ce403110664 -> 
  custom:scripting/monoscript/fileName/ShiftAtRuntime.cs: 584eb13d96dd3e52f581d42f4d4e7ed1 -> 
  custom:audio-decoder-ogg-vorbis: bf7c407c2cedff20999df2af8eb42d56 -> 
  custom:scripting/monoscript/fileName/TrafficSystem.cs: b605b9c05ae9094e698059a55e564961 -> 
  custom:scripting/monoscript/fileName/FreeCamera.cs: fc10c696f65d6a2ebb3784b56fef3653 -> 
  custom:scripting/monoscript/fileName/TrafficCar.cs: aeb5782be4b595f6598bbef58650bfa0 -> 
  custom:audio-encoder-webm-vorbis: bf7c407c2cedff20999df2af8eb42d56 -> 
  custom:scripting/monoscript/fileName/TCarEditor.cs: 474d2942467536eb9be4e93849f614a2 -> 
  custom:scripting/monoscript/fileName/CityGenerator.cs: f32a907649e0ebba7a7c57dc6010ae19 -> 
