Using pre-set license
Built from '2022.3/china_unity/release' branch; Version is '2022.3.55f1c1 (06b99830297d) revision 440728'; Using compiler version '192829333'; Build Type 'Release'
OS: 'Windows 11  (10.0.26100) 64bit CoreCountrySpecific' Language: 'zh' Physical Memory: 15556 MB
BatchMode: 1, IsHumanControllingUs: 0, StartBugReporterOnCrash: 0, Is64bit: 1, IsPro: 1

COMMAND LINE ARGUMENTS:
D:\unt\2022.3.55f1c1\Editor\Unity.exe
-adb2
-batchMode
-noUpm
-name
AssetImportWorker4
-projectPath
D:/myunt/unity_navigator/My_project
-logFile
Logs/AssetImportWorker4.log
-srvPort
9801
Successfully changed project path to: D:/myunt/unity_navigator/My_project
D:/myunt/unity_navigator/My_project
[UnityMemory] Configuration Parameters - Can be set up in boot.config
    "memorysetup-bucket-allocator-granularity=16"
    "memorysetup-bucket-allocator-bucket-count=8"
    "memorysetup-bucket-allocator-block-size=33554432"
    "memorysetup-bucket-allocator-block-count=8"
    "memorysetup-main-allocator-block-size=16777216"
    "memorysetup-thread-allocator-block-size=16777216"
    "memorysetup-gfx-main-allocator-block-size=16777216"
    "memorysetup-gfx-thread-allocator-block-size=16777216"
    "memorysetup-cache-allocator-block-size=4194304"
    "memorysetup-typetree-allocator-block-size=2097152"
    "memorysetup-profiler-bucket-allocator-granularity=16"
    "memorysetup-profiler-bucket-allocator-bucket-count=8"
    "memorysetup-profiler-bucket-allocator-block-size=33554432"
    "memorysetup-profiler-bucket-allocator-block-count=8"
    "memorysetup-profiler-allocator-block-size=16777216"
    "memorysetup-profiler-editor-allocator-block-size=1048576"
    "memorysetup-temp-allocator-size-main=16777216"
    "memorysetup-job-temp-allocator-block-size=2097152"
    "memorysetup-job-temp-allocator-block-size-background=1048576"
    "memorysetup-job-temp-allocator-reduction-small-platforms=262144"
    "memorysetup-allocator-temp-initial-block-size-main=262144"
    "memorysetup-allocator-temp-initial-block-size-worker=262144"
    "memorysetup-temp-allocator-size-background-worker=32768"
    "memorysetup-temp-allocator-size-job-worker=262144"
    "memorysetup-temp-allocator-size-preload-manager=33554432"
    "memorysetup-temp-allocator-size-nav-mesh-worker=65536"
    "memorysetup-temp-allocator-size-audio-worker=65536"
    "memorysetup-temp-allocator-size-cloud-worker=32768"
    "memorysetup-temp-allocator-size-gi-baking-worker=262144"
    "memorysetup-temp-allocator-size-gfx=262144"
Player connection [41716]  Target information:

Player connection [41716]  * "[IP] 125.216.248.103 [Port] 0 [Flags] 2 [Guid] 2777337872 [EditorId] 2777337872 [Version] 1048832 [Id] WindowsEditor(7,LAPTOP-PA7KPLPC) [Debug] 1 [PackageName] WindowsEditor [ProjectName] Editor" 

Player connection [41716]  * "[IP] 192.168.129.1 [Port] 0 [Flags] 2 [Guid] 2777337872 [EditorId] 2777337872 [Version] 1048832 [Id] WindowsEditor(7,LAPTOP-PA7KPLPC) [Debug] 1 [PackageName] WindowsEditor [ProjectName] Editor" 

Player connection [41716]  * "[IP] 192.168.175.1 [Port] 0 [Flags] 2 [Guid] 2777337872 [EditorId] 2777337872 [Version] 1048832 [Id] WindowsEditor(7,LAPTOP-PA7KPLPC) [Debug] 1 [PackageName] WindowsEditor [ProjectName] Editor" 

Player connection [41716] Host joined multi-casting on [225.0.0.222:54997]...
Player connection [41716] Host joined alternative multi-casting on [225.0.0.222:34997]...
[PhysX] Initialized MultithreadedTaskDispatcher with 16 workers.
Refreshing native plugins compatible for Editor in 21.53 ms, found 3 plugins.
Preloading 0 native plugins for Editor in 0.00 ms.
Initialize engine version: 2022.3.55f1c1 (06b99830297d)
[Subsystems] Discovering subsystems at path D:/unt/2022.3.55f1c1/Editor/Data/Resources/UnitySubsystems
[Subsystems] Discovering subsystems at path D:/myunt/unity_navigator/My_project/Assets
GfxDevice: creating device client; threaded=0; jobified=0
Direct3D:
    Version:  Direct3D 11.0 [level 11.1]
    Renderer: NVIDIA GeForce RTX 4060 Laptop GPU (ID=0x28e0)
    Vendor:   NVIDIA
    VRAM:     7957 MB
    Driver:   32.0.15.7283
Initialize mono
Mono path[0] = 'D:/unt/2022.3.55f1c1/Editor/Data/Managed'
Mono path[1] = 'D:/unt/2022.3.55f1c1/Editor/Data/MonoBleedingEdge/lib/mono/unityjit-win32'
Mono config path = 'D:/unt/2022.3.55f1c1/Editor/Data/MonoBleedingEdge/etc'
Using monoOptions --debugger-agent=transport=dt_socket,embedding=1,server=y,suspend=n,address=127.0.0.1:56152
Begin MonoManager ReloadAssembly
Registering precompiled unity dll's ...
Register platform support module: D:/unt/2022.3.55f1c1/Editor/Data/PlaybackEngines/WebGLSupport/UnityEditor.WebGL.Extensions.dll
Register platform support module: D:/unt/2022.3.55f1c1/Editor/Data/PlaybackEngines/AndroidPlayer/UnityEditor.Android.Extensions.dll
Register platform support module: D:/unt/2022.3.55f1c1/Editor/Data/PlaybackEngines/iOSSupport/UnityEditor.iOS.Extensions.dll
Register platform support module: D:/unt/2022.3.55f1c1/Editor/Data/PlaybackEngines/WindowsStandaloneSupport/UnityEditor.WindowsStandalone.Extensions.dll
Registered in 0.030708 seconds.
- Loaded All Assemblies, in  0.437 seconds
Native extension for WindowsStandalone target not found
[usbmuxd] Start listen thread
[usbmuxd] Listen thread started
Native extension for iOS target not found
Native extension for Android target not found
Native extension for WebGL target not found
Mono: successfully reloaded assembly
- Finished resetting the current domain, in  0.331 seconds
Domain Reload Profiling: 764ms
	BeginReloadAssembly (127ms)
		ExecutionOrderSort (0ms)
		DisableScriptedObjects (0ms)
		BackupInstance (0ms)
		ReleaseScriptingObjects (0ms)
		CreateAndSetChildDomain (1ms)
	RebuildCommonClasses (35ms)
	RebuildNativeTypeToScriptingClass (11ms)
	initialDomainReloadingComplete (88ms)
	LoadAllAssembliesAndSetupDomain (173ms)
		LoadAssemblies (124ms)
		RebuildTransferFunctionScriptingTraits (0ms)
		AnalyzeDomain (168ms)
			TypeCache.Refresh (166ms)
				TypeCache.ScanAssembly (151ms)
			ScanForSourceGeneratedMonoScriptInfo (1ms)
			ResolveRequiredComponents (1ms)
	FinalizeReload (331ms)
		ReleaseScriptCaches (0ms)
		RebuildScriptCaches (0ms)
		SetupLoadedEditorAssemblies (287ms)
			LogAssemblyErrors (0ms)
			InitializePlatformSupportModulesInManaged (88ms)
			SetLoadedEditorAssemblies (4ms)
			RefreshPlugins (0ms)
			BeforeProcessingInitializeOnLoad (2ms)
			ProcessInitializeOnLoadAttributes (132ms)
			ProcessInitializeOnLoadMethodAttributes (60ms)
			AfterProcessingInitializeOnLoad (0ms)
			EditorAssembliesLoaded (0ms)
		ExecutionOrderSort2 (0ms)
		AwakeInstancesAfterBackupRestoration (0ms)
========================================================================
Worker process is ready to serve import requests
Caller must complete domain reload
Begin MonoManager ReloadAssembly
- Loaded All Assemblies, in  0.791 seconds
Native extension for WindowsStandalone target not found
Native extension for iOS target not found
Native extension for Android target not found
Native extension for WebGL target not found
Mono: successfully reloaded assembly
- Finished resetting the current domain, in  0.649 seconds
Domain Reload Profiling: 1432ms
	BeginReloadAssembly (185ms)
		ExecutionOrderSort (0ms)
		DisableScriptedObjects (5ms)
		BackupInstance (0ms)
		ReleaseScriptingObjects (0ms)
		CreateAndSetChildDomain (25ms)
	RebuildCommonClasses (36ms)
	RebuildNativeTypeToScriptingClass (10ms)
	initialDomainReloadingComplete (53ms)
	LoadAllAssembliesAndSetupDomain (499ms)
		LoadAssemblies (432ms)
		RebuildTransferFunctionScriptingTraits (0ms)
		AnalyzeDomain (186ms)
			TypeCache.Refresh (164ms)
				TypeCache.ScanAssembly (146ms)
			ScanForSourceGeneratedMonoScriptInfo (16ms)
			ResolveRequiredComponents (4ms)
	FinalizeReload (650ms)
		ReleaseScriptCaches (0ms)
		RebuildScriptCaches (0ms)
		SetupLoadedEditorAssemblies (496ms)
			LogAssemblyErrors (0ms)
			InitializePlatformSupportModulesInManaged (47ms)
			SetLoadedEditorAssemblies (3ms)
			RefreshPlugins (0ms)
			BeforeProcessingInitializeOnLoad (75ms)
			ProcessInitializeOnLoadAttributes (330ms)
			ProcessInitializeOnLoadMethodAttributes (26ms)
			AfterProcessingInitializeOnLoad (15ms)
			EditorAssembliesLoaded (0ms)
		ExecutionOrderSort2 (0ms)
		AwakeInstancesAfterBackupRestoration (14ms)
Launched and connected shader compiler UnityShaderCompiler.exe after 0.10 seconds
Refreshing native plugins compatible for Editor in 10.68 ms, found 3 plugins.
Preloading 0 native plugins for Editor in 0.00 ms.
Unloading 3159 Unused Serialized files (Serialized files now loaded: 0)
Unloading 19 unused Assets / (54.6 KB). Loaded Objects now: 3657.
Memory consumption went from 147.4 MB to 147.3 MB.
Total: 5.097600 ms (FindLiveObjects: 0.506000 ms CreateObjectMapping: 0.142200 ms MarkObjects: 4.305200 ms  DeleteObjects: 0.142800 ms)

AssetImportParameters requested are different than current active one (requested -> active):
  custom:container-demuxer-ogg: 62fdf1f143b41e24485cea50d1cbac27 -> 
  custom:video-codec-MediaFoundation-h265: 746d11721c4dcdbdad8f713fa42b33f4 -> 
  custom:video-decoder-ogg-theora: a1e56fd34408186e4bbccfd4996cb3dc -> 
  custom:framework-win-MediaFoundation: 216162199b28c13a410421893ffa2e32 -> 
  custom:CustomObjectIndexerAttribute: 9a22284fe3817be447336de3de66b15e -> 
  custom:container-demuxer-webm: 4f35f7cbe854078d1ac9338744f61a02 -> 
  custom:container-muxer-webm: aa71ff27fc2769a1b78a27578f13a17b -> 
  custom:video-decoder-webm-vp8: 9c59270c3fd7afecdb556c50c9e8de78 -> 
  custom:SearchIndexIgnoredProperties: e643bd26f0fe6173181afceb89e7c659 -> 
  custom:AudioImporter_EditorPlatform: d09bf68614088b80899f8185d706f6e7 -> 
  custom:scripting/monoscript/fileName/MobileControl.cs: 17b03000c09b01ce0ce5f0d6351435f9 -> 
  custom:video-encoder-webm-vp8: eb34c28f22e8b96e1ab97ce403110664 -> 
  custom:audio-decoder-ogg-vorbis: bf7c407c2cedff20999df2af8eb42d56 -> 
  custom:audio-encoder-webm-vorbis: bf7c407c2cedff20999df2af8eb42d56 -> 
========================================================================
Received Import Request.
  Time since last request: 8375.540922 seconds.
  path: Assets/Fantastic City Generator/Generate.prefab
  artifactKey: Guid(913769814a248de4db031a83080046b2) Importer(815301076,1909f56bfc062723c751e8b465ee728b)
Start importing Assets/Fantastic City Generator/Generate.prefab using Guid(913769814a248de4db031a83080046b2) Importer(815301076,1909f56bfc062723c751e8b465ee728b) [PhysX] Initialized MultithreadedTaskDispatcher with 16 workers.
 -> (artifact id: '977d807d5298170aef9719185587a7d9') in 5.137773 seconds
Number of updated asset objects reloaded before import = 0
Number of asset objects unloaded after import = 428400
========================================================================
Received Import Request.
  Time since last request: 33.094071 seconds.
  path: Assets/Fantastic City Generator/BackGrounds
  artifactKey: Guid(e964ba9c2e661314c8a58752d2b6bd84) Importer(815301076,1909f56bfc062723c751e8b465ee728b)
Start importing Assets/Fantastic City Generator/BackGrounds using Guid(e964ba9c2e661314c8a58752d2b6bd84) Importer(815301076,1909f56bfc062723c751e8b465ee728b) [PhysX] Initialized MultithreadedTaskDispatcher with 16 workers.
 -> (artifact id: '057a91d954a13deac5b1bef1270d20d1') in 0.003633 seconds
Number of updated asset objects reloaded before import = 0
Number of asset objects unloaded after import = 0
========================================================================
Received Import Request.
  Time since last request: 0.619164 seconds.
  path: Assets/Fantastic City Generator/Buildings
  artifactKey: Guid(1d341d08df59dab4ea48c06dd94952d9) Importer(815301076,1909f56bfc062723c751e8b465ee728b)
Start importing Assets/Fantastic City Generator/Buildings using Guid(1d341d08df59dab4ea48c06dd94952d9) Importer(815301076,1909f56bfc062723c751e8b465ee728b) [PhysX] Initialized MultithreadedTaskDispatcher with 16 workers.
 -> (artifact id: 'e05be68a66c4d8df8206776cdfeb8a6d') in 0.001051 seconds
Number of updated asset objects reloaded before import = 0
Number of asset objects unloaded after import = 0
========================================================================
Received Import Request.
  Time since last request: 2.302304 seconds.
  path: Assets/Fantastic City Generator/BackGrounds/_Background 1.prefab
  artifactKey: Guid(23bd65b9e12ee114a8e2a3892d8dbdd9) Importer(815301076,1909f56bfc062723c751e8b465ee728b)
Start importing Assets/Fantastic City Generator/BackGrounds/_Background 1.prefab using Guid(23bd65b9e12ee114a8e2a3892d8dbdd9) Importer(815301076,1909f56bfc062723c751e8b465ee728b) [PhysX] Initialized MultithreadedTaskDispatcher with 16 workers.
[PhysX] Initialized MultithreadedTaskDispatcher with 16 workers.
 -> (artifact id: '34c07bfe2c2e0bd00bb8f9e593c28100') in 0.079184 seconds
Number of updated asset objects reloaded before import = 0
Number of asset objects unloaded after import = 9
========================================================================
Received Import Request.
  Time since last request: 8.800413 seconds.
  path: Assets/Fantastic City Generator/Documentation/DayNight System.pdf
  artifactKey: Guid(41310864d37a23d41ac2feda71989f42) Importer(815301076,1909f56bfc062723c751e8b465ee728b)
Start importing Assets/Fantastic City Generator/Documentation/DayNight System.pdf using Guid(41310864d37a23d41ac2feda71989f42) Importer(815301076,1909f56bfc062723c751e8b465ee728b) [PhysX] Initialized MultithreadedTaskDispatcher with 16 workers.
 -> (artifact id: 'b638a3df91f7751e5bc3fd917ecf922f') in 0.001853 seconds
Number of updated asset objects reloaded before import = 0
Number of asset objects unloaded after import = 1
========================================================================
Received Import Request.
  Time since last request: 0.349176 seconds.
  path: Assets/Fantastic City Generator/Documentation/Day-Night At Runtime.pdf
  artifactKey: Guid(aa201b5b4bc22ce4bb946baabd30d2dc) Importer(815301076,1909f56bfc062723c751e8b465ee728b)
Start importing Assets/Fantastic City Generator/Documentation/Day-Night At Runtime.pdf using Guid(aa201b5b4bc22ce4bb946baabd30d2dc) Importer(815301076,1909f56bfc062723c751e8b465ee728b) [PhysX] Initialized MultithreadedTaskDispatcher with 16 workers.
 -> (artifact id: 'afdc67a8b5884dca6feba81f7132f49c') in 0.001336 seconds
Number of updated asset objects reloaded before import = 0
Number of asset objects unloaded after import = 1
========================================================================
Received Import Request.
  Time since last request: 0.310288 seconds.
  path: Assets/Fantastic City Generator/Documentation/License.pdf
  artifactKey: Guid(5e97c38dde192a14383da0c49ce379d5) Importer(815301076,1909f56bfc062723c751e8b465ee728b)
Start importing Assets/Fantastic City Generator/Documentation/License.pdf using Guid(5e97c38dde192a14383da0c49ce379d5) Importer(815301076,1909f56bfc062723c751e8b465ee728b) [PhysX] Initialized MultithreadedTaskDispatcher with 16 workers.
 -> (artifact id: 'cf78ee94ded1743dfe1d44b028686b89') in 0.001244 seconds
Number of updated asset objects reloaded before import = 0
Number of asset objects unloaded after import = 1
========================================================================
Received Import Request.
  Time since last request: 0.830220 seconds.
  path: Assets/Fantastic City Generator/Documentation/Tutorials.pdf
  artifactKey: Guid(ab64a83dd00017c42943cda3789ddbd9) Importer(815301076,1909f56bfc062723c751e8b465ee728b)
Start importing Assets/Fantastic City Generator/Documentation/Tutorials.pdf using Guid(ab64a83dd00017c42943cda3789ddbd9) Importer(815301076,1909f56bfc062723c751e8b465ee728b) [PhysX] Initialized MultithreadedTaskDispatcher with 16 workers.
 -> (artifact id: '09d55faea4cc0a652c9acb26b6ea5de8') in 0.001581 seconds
Number of updated asset objects reloaded before import = 0
Number of asset objects unloaded after import = 1
========================================================================
Received Import Request.
  Time since last request: 0.677978 seconds.
  path: Assets/Fantastic City Generator/Documentation/Readme.pdf
  artifactKey: Guid(0daa431d2b859164484c2088e14a2131) Importer(815301076,1909f56bfc062723c751e8b465ee728b)
Start importing Assets/Fantastic City Generator/Documentation/Readme.pdf using Guid(0daa431d2b859164484c2088e14a2131) Importer(815301076,1909f56bfc062723c751e8b465ee728b) [PhysX] Initialized MultithreadedTaskDispatcher with 16 workers.
 -> (artifact id: 'a06651938229efca55a881f052052063') in 0.001455 seconds
Number of updated asset objects reloaded before import = 0
Number of asset objects unloaded after import = 1
========================================================================
Received Import Request.
  Time since last request: 86.579001 seconds.
  path: Assets/Fantastic City Generator/Objects/Flowerbed/FBX/Flowerbed-01.fbx
  artifactKey: Guid(a09a57af025e9564aa12719570c6c95e) Importer(815301076,1909f56bfc062723c751e8b465ee728b)
Start importing Assets/Fantastic City Generator/Objects/Flowerbed/FBX/Flowerbed-01.fbx using Guid(a09a57af025e9564aa12719570c6c95e) Importer(815301076,1909f56bfc062723c751e8b465ee728b) [PhysX] Initialized MultithreadedTaskDispatcher with 16 workers.
[PhysX] Initialized MultithreadedTaskDispatcher with 16 workers.
[PhysX] Initialized MultithreadedTaskDispatcher with 16 workers.
 -> (artifact id: '30d9ee290ec726ad755555b7a5a48e1c') in 0.081936 seconds
Number of updated asset objects reloaded before import = 0
Number of asset objects unloaded after import = 10
========================================================================
Received Import Request.
  Time since last request: 0.001035 seconds.
  path: Assets/Fantastic City Generator/Objects/Flowerbed/FBX/Flowerbed-04c.fbx
  artifactKey: Guid(dec9d404cb2d6e643ac4ea1843004e3e) Importer(815301076,1909f56bfc062723c751e8b465ee728b)
Start importing Assets/Fantastic City Generator/Objects/Flowerbed/FBX/Flowerbed-04c.fbx using Guid(dec9d404cb2d6e643ac4ea1843004e3e) Importer(815301076,1909f56bfc062723c751e8b465ee728b) [PhysX] Initialized MultithreadedTaskDispatcher with 16 workers.
[PhysX] Initialized MultithreadedTaskDispatcher with 16 workers.
[PhysX] Initialized MultithreadedTaskDispatcher with 16 workers.
 -> (artifact id: '73fb3c1fb0034e1a710182fc3c31e5c7') in 0.038071 seconds
Number of updated asset objects reloaded before import = 0
Number of asset objects unloaded after import = 10
========================================================================
Received Import Request.
  Time since last request: 0.000035 seconds.
  path: Assets/Fantastic City Generator/Objects/Flowerbed/FBX/Garden-01.fbx
  artifactKey: Guid(1f7ea7c53e2640a4699623f4efbcbeb3) Importer(815301076,1909f56bfc062723c751e8b465ee728b)
Start importing Assets/Fantastic City Generator/Objects/Flowerbed/FBX/Garden-01.fbx using Guid(1f7ea7c53e2640a4699623f4efbcbeb3) Importer(815301076,1909f56bfc062723c751e8b465ee728b) [PhysX] Initialized MultithreadedTaskDispatcher with 16 workers.
[PhysX] Initialized MultithreadedTaskDispatcher with 16 workers.
[PhysX] Initialized MultithreadedTaskDispatcher with 16 workers.
[PhysX] Initialized MultithreadedTaskDispatcher with 16 workers.
[PhysX] Initialized MultithreadedTaskDispatcher with 16 workers.
[PhysX] Initialized MultithreadedTaskDispatcher with 16 workers.
[PhysX] Initialized MultithreadedTaskDispatcher with 16 workers.
 -> (artifact id: '0b2a4f355721f937e5a17e5586078dbb') in 0.060848 seconds
Number of updated asset objects reloaded before import = 0
Number of asset objects unloaded after import = 24
========================================================================
Received Import Request.
  Time since last request: 0.000033 seconds.
  path: Assets/Fantastic City Generator/Objects/Flowerbed/FBX/Park-01.fbx
  artifactKey: Guid(74d3f3ce56cdea844a87f1869860a57d) Importer(815301076,1909f56bfc062723c751e8b465ee728b)
Start importing Assets/Fantastic City Generator/Objects/Flowerbed/FBX/Park-01.fbx using Guid(74d3f3ce56cdea844a87f1869860a57d) Importer(815301076,1909f56bfc062723c751e8b465ee728b) [PhysX] Initialized MultithreadedTaskDispatcher with 16 workers.
[PhysX] Initialized MultithreadedTaskDispatcher with 16 workers.
[PhysX] Initialized MultithreadedTaskDispatcher with 16 workers.
[PhysX] Initialized MultithreadedTaskDispatcher with 16 workers.
[PhysX] Initialized MultithreadedTaskDispatcher with 16 workers.
[PhysX] Initialized MultithreadedTaskDispatcher with 16 workers.
[PhysX] Initialized MultithreadedTaskDispatcher with 16 workers.
 -> (artifact id: 'd87ce69a63907b9a52b431a2bebdc0c8') in 0.057161 seconds
Number of updated asset objects reloaded before import = 0
Number of asset objects unloaded after import = 24
========================================================================
Received Import Request.
  Time since last request: 0.000114 seconds.
  path: Assets/Fantastic City Generator/Objects/Flowerbed/FBX/Flowerbed-09.fbx
  artifactKey: Guid(7945b4432e845d54d935c7f681fb96a7) Importer(815301076,1909f56bfc062723c751e8b465ee728b)
Start importing Assets/Fantastic City Generator/Objects/Flowerbed/FBX/Flowerbed-09.fbx using Guid(7945b4432e845d54d935c7f681fb96a7) Importer(815301076,1909f56bfc062723c751e8b465ee728b) [PhysX] Initialized MultithreadedTaskDispatcher with 16 workers.
[PhysX] Initialized MultithreadedTaskDispatcher with 16 workers.
[PhysX] Initialized MultithreadedTaskDispatcher with 16 workers.
[PhysX] Initialized MultithreadedTaskDispatcher with 16 workers.
[PhysX] Initialized MultithreadedTaskDispatcher with 16 workers.
 -> (artifact id: 'e763d11b0e353e2bb4b4c6a988517d48') in 0.047105 seconds
Number of updated asset objects reloaded before import = 0
Number of asset objects unloaded after import = 15
========================================================================
Received Import Request.
  Time since last request: 0.000029 seconds.
  path: Assets/Fantastic City Generator/Objects/Flowerbed/FBX/Garden-01b.fbx
  artifactKey: Guid(4ed9e03189000a44793364aed3e5419c) Importer(815301076,1909f56bfc062723c751e8b465ee728b)
Start importing Assets/Fantastic City Generator/Objects/Flowerbed/FBX/Garden-01b.fbx using Guid(4ed9e03189000a44793364aed3e5419c) Importer(815301076,1909f56bfc062723c751e8b465ee728b) [PhysX] Initialized MultithreadedTaskDispatcher with 16 workers.
[PhysX] Initialized MultithreadedTaskDispatcher with 16 workers.
[PhysX] Initialized MultithreadedTaskDispatcher with 16 workers.
[PhysX] Initialized MultithreadedTaskDispatcher with 16 workers.
[PhysX] Initialized MultithreadedTaskDispatcher with 16 workers.
[PhysX] Initialized MultithreadedTaskDispatcher with 16 workers.
[PhysX] Initialized MultithreadedTaskDispatcher with 16 workers.
 -> (artifact id: '8557a8b975d5b38f65d37050017ca0c5') in 0.062976 seconds
Number of updated asset objects reloaded before import = 0
Number of asset objects unloaded after import = 24
========================================================================
Received Import Request.
  Time since last request: 0.000043 seconds.
  path: Assets/Fantastic City Generator/Objects/Flowerbed/FBX/Flowerbed-01c.fbx
  artifactKey: Guid(fa5389b54ee75d84298cfd1127aa2019) Importer(815301076,1909f56bfc062723c751e8b465ee728b)
Start importing Assets/Fantastic City Generator/Objects/Flowerbed/FBX/Flowerbed-01c.fbx using Guid(fa5389b54ee75d84298cfd1127aa2019) Importer(815301076,1909f56bfc062723c751e8b465ee728b) [PhysX] Initialized MultithreadedTaskDispatcher with 16 workers.
[PhysX] Initialized MultithreadedTaskDispatcher with 16 workers.
[PhysX] Initialized MultithreadedTaskDispatcher with 16 workers.
[PhysX] Initialized MultithreadedTaskDispatcher with 16 workers.
[PhysX] Initialized MultithreadedTaskDispatcher with 16 workers.
 -> (artifact id: 'a3f2dd33f8908e0994d82da3ce10677a') in 0.056437 seconds
Number of updated asset objects reloaded before import = 0
Number of asset objects unloaded after import = 19
========================================================================
Received Import Request.
  Time since last request: 0.000041 seconds.
  path: Assets/Fantastic City Generator/Objects/Flowerbed/FBX/Flowerbed-07c.fbx
  artifactKey: Guid(1580bb82720624e41afd3d765e6e2818) Importer(815301076,1909f56bfc062723c751e8b465ee728b)
Start importing Assets/Fantastic City Generator/Objects/Flowerbed/FBX/Flowerbed-07c.fbx using Guid(1580bb82720624e41afd3d765e6e2818) Importer(815301076,1909f56bfc062723c751e8b465ee728b) [PhysX] Initialized MultithreadedTaskDispatcher with 16 workers.
[PhysX] Initialized MultithreadedTaskDispatcher with 16 workers.
[PhysX] Initialized MultithreadedTaskDispatcher with 16 workers.
[PhysX] Initialized MultithreadedTaskDispatcher with 16 workers.
[PhysX] Initialized MultithreadedTaskDispatcher with 16 workers.
 -> (artifact id: 'b31605e89551bd5ed94588e05d311334') in 0.053389 seconds
Number of updated asset objects reloaded before import = 0
Number of asset objects unloaded after import = 17
========================================================================
Received Import Request.
  Time since last request: 0.000039 seconds.
  path: Assets/Fantastic City Generator/Objects/Flowerbed/FBX/Flowerbed-03m.fbx
  artifactKey: Guid(d33b85bc08c87e54287eff47cc09a554) Importer(815301076,1909f56bfc062723c751e8b465ee728b)
Start importing Assets/Fantastic City Generator/Objects/Flowerbed/FBX/Flowerbed-03m.fbx using Guid(d33b85bc08c87e54287eff47cc09a554) Importer(815301076,1909f56bfc062723c751e8b465ee728b) [PhysX] Initialized MultithreadedTaskDispatcher with 16 workers.
[PhysX] Initialized MultithreadedTaskDispatcher with 16 workers.
[PhysX] Initialized MultithreadedTaskDispatcher with 16 workers.
 -> (artifact id: 'd603347d5aa986186eeff40c07341afa') in 0.033229 seconds
Number of updated asset objects reloaded before import = 0
Number of asset objects unloaded after import = 10
========================================================================
Received Import Request.
  Time since last request: 0.000049 seconds.
  path: Assets/Fantastic City Generator/Objects/Flowerbed/FBX/Flowerbed-03.fbx
  artifactKey: Guid(6e57986e97bd76249ac1e0ca2651dc37) Importer(815301076,1909f56bfc062723c751e8b465ee728b)
Start importing Assets/Fantastic City Generator/Objects/Flowerbed/FBX/Flowerbed-03.fbx using Guid(6e57986e97bd76249ac1e0ca2651dc37) Importer(815301076,1909f56bfc062723c751e8b465ee728b) [PhysX] Initialized MultithreadedTaskDispatcher with 16 workers.
[PhysX] Initialized MultithreadedTaskDispatcher with 16 workers.
[PhysX] Initialized MultithreadedTaskDispatcher with 16 workers.
 -> (artifact id: '1aea874e4db9368f3616236a5ec8ff31') in 0.036284 seconds
Number of updated asset objects reloaded before import = 0
Number of asset objects unloaded after import = 10
========================================================================
Received Import Request.
  Time since last request: 4.269672 seconds.
  path: Assets/Fantastic City Generator/Objects/Flowerbed/FBX/Park-08.fbx
  artifactKey: Guid(cc6c4a33aabc7744babb182cf6ba10f2) Importer(815301076,1909f56bfc062723c751e8b465ee728b)
Start importing Assets/Fantastic City Generator/Objects/Flowerbed/FBX/Park-08.fbx using Guid(cc6c4a33aabc7744babb182cf6ba10f2) Importer(815301076,1909f56bfc062723c751e8b465ee728b) [PhysX] Initialized MultithreadedTaskDispatcher with 16 workers.
[PhysX] Initialized MultithreadedTaskDispatcher with 16 workers.
[PhysX] Initialized MultithreadedTaskDispatcher with 16 workers.
 -> (artifact id: '15c997488a900404cdc4bc57eb676a4d') in 0.015870 seconds
Number of updated asset objects reloaded before import = 0
Number of asset objects unloaded after import = 9
========================================================================
Received Import Request.
  Time since last request: 42.483263 seconds.
  path: Assets/Fantastic City Generator/Objects/Signs/FBX/do_not_enter.fbx
  artifactKey: Guid(31d35d752bd9ed546bf1fc191b627977) Importer(815301076,1909f56bfc062723c751e8b465ee728b)
Start importing Assets/Fantastic City Generator/Objects/Signs/FBX/do_not_enter.fbx using Guid(31d35d752bd9ed546bf1fc191b627977) Importer(815301076,1909f56bfc062723c751e8b465ee728b) [PhysX] Initialized MultithreadedTaskDispatcher with 16 workers.
[PhysX] Initialized MultithreadedTaskDispatcher with 16 workers.
[PhysX] Initialized MultithreadedTaskDispatcher with 16 workers.
 -> (artifact id: 'd55e0e3157c77678a35f48356429c81b') in 0.037902 seconds
Number of updated asset objects reloaded before import = 0
Number of asset objects unloaded after import = 12
========================================================================
Received Import Request.
  Time since last request: 0.000041 seconds.
  path: Assets/Fantastic City Generator/Objects/Signs/FBX/pedestrian.fbx
  artifactKey: Guid(9a26a9ddaa5fcf542931150ac194975c) Importer(815301076,1909f56bfc062723c751e8b465ee728b)
Start importing Assets/Fantastic City Generator/Objects/Signs/FBX/pedestrian.fbx using Guid(9a26a9ddaa5fcf542931150ac194975c) Importer(815301076,1909f56bfc062723c751e8b465ee728b) [PhysX] Initialized MultithreadedTaskDispatcher with 16 workers.
[PhysX] Initialized MultithreadedTaskDispatcher with 16 workers.
[PhysX] Initialized MultithreadedTaskDispatcher with 16 workers.
 -> (artifact id: '786771a89ff720ff5561e87b934c6a17') in 0.036328 seconds
Number of updated asset objects reloaded before import = 0
Number of asset objects unloaded after import = 12
========================================================================
Received Import Request.
  Time since last request: 0.000176 seconds.
  path: Assets/Fantastic City Generator/Objects/Signs/FBX/Signal-01.fbx
  artifactKey: Guid(b95a3a0c1c1f89d42b81cd82795a6c99) Importer(815301076,1909f56bfc062723c751e8b465ee728b)
Start importing Assets/Fantastic City Generator/Objects/Signs/FBX/Signal-01.fbx using Guid(b95a3a0c1c1f89d42b81cd82795a6c99) Importer(815301076,1909f56bfc062723c751e8b465ee728b) [PhysX] Initialized MultithreadedTaskDispatcher with 16 workers.
[PhysX] Initialized MultithreadedTaskDispatcher with 16 workers.
[PhysX] Initialized MultithreadedTaskDispatcher with 16 workers.
 -> (artifact id: '9966e2b352ae83db6e776ffdbc6c35ea') in 0.017227 seconds
Number of updated asset objects reloaded before import = 0
Number of asset objects unloaded after import = 9
========================================================================
Received Import Request.
  Time since last request: 0.468637 seconds.
  path: Assets/Fantastic City Generator/Objects/Signs/Prefab/Arrow-F.prefab
  artifactKey: Guid(320110790daf5be4ab25e0aee0d0c3c6) Importer(815301076,1909f56bfc062723c751e8b465ee728b)
Start importing Assets/Fantastic City Generator/Objects/Signs/Prefab/Arrow-F.prefab using Guid(320110790daf5be4ab25e0aee0d0c3c6) Importer(815301076,1909f56bfc062723c751e8b465ee728b) [PhysX] Initialized MultithreadedTaskDispatcher with 16 workers.
[PhysX] Initialized MultithreadedTaskDispatcher with 16 workers.
 -> (artifact id: 'dd3814e128e94581b166c8e2951d2625') in 0.010452 seconds
Number of updated asset objects reloaded before import = 0
Number of asset objects unloaded after import = 9
========================================================================
Received Import Request.
  Time since last request: 0.000028 seconds.
  path: Assets/Fantastic City Generator/Objects/Signs/Prefab/Oneway-Right.prefab
  artifactKey: Guid(d417086560fdffc4ba0375b6177bb3e3) Importer(815301076,1909f56bfc062723c751e8b465ee728b)
Start importing Assets/Fantastic City Generator/Objects/Signs/Prefab/Oneway-Right.prefab using Guid(d417086560fdffc4ba0375b6177bb3e3) Importer(815301076,1909f56bfc062723c751e8b465ee728b) [PhysX] Initialized MultithreadedTaskDispatcher with 16 workers.
[PhysX] Initialized MultithreadedTaskDispatcher with 16 workers.
 -> (artifact id: '2c187233523c556cdde7a420241bf408') in 0.034966 seconds
Number of updated asset objects reloaded before import = 0
Number of asset objects unloaded after import = 17
========================================================================
Received Import Request.
  Time since last request: 0.000039 seconds.
  path: Assets/Fantastic City Generator/Objects/Signs/Prefab/Oneway-Left.prefab
  artifactKey: Guid(939989b957a7d9f40a4e23c8b2e2501f) Importer(815301076,1909f56bfc062723c751e8b465ee728b)
Start importing Assets/Fantastic City Generator/Objects/Signs/Prefab/Oneway-Left.prefab using Guid(939989b957a7d9f40a4e23c8b2e2501f) Importer(815301076,1909f56bfc062723c751e8b465ee728b) [PhysX] Initialized MultithreadedTaskDispatcher with 16 workers.
[PhysX] Initialized MultithreadedTaskDispatcher with 16 workers.
 -> (artifact id: '86d24fb60a23ac636fb8457fda8f3bea') in 0.037334 seconds
Number of updated asset objects reloaded before import = 0
Number of asset objects unloaded after import = 17
========================================================================
Received Import Request.
  Time since last request: 24.475347 seconds.
  path: Assets/Fantastic City Generator/BackGrounds/Materials
  artifactKey: Guid(0af3941461c541b41ad99b3a4d10a05d) Importer(815301076,1909f56bfc062723c751e8b465ee728b)
Start importing Assets/Fantastic City Generator/BackGrounds/Materials using Guid(0af3941461c541b41ad99b3a4d10a05d) Importer(815301076,1909f56bfc062723c751e8b465ee728b) [PhysX] Initialized MultithreadedTaskDispatcher with 16 workers.
 -> (artifact id: '116188da710775756ade935ed6af4ab3') in 0.001460 seconds
Number of updated asset objects reloaded before import = 0
Number of asset objects unloaded after import = 0
========================================================================
Received Import Request.
  Time since last request: 99.514006 seconds.
  path: Assets/Fantastic City Generator/Buildings/FBX/Bases/Base-Slope-30-01.fbx
  artifactKey: Guid(c9e34d80d886c4540bea2d1130ca6449) Importer(815301076,1909f56bfc062723c751e8b465ee728b)
Start importing Assets/Fantastic City Generator/Buildings/FBX/Bases/Base-Slope-30-01.fbx using Guid(c9e34d80d886c4540bea2d1130ca6449) Importer(815301076,1909f56bfc062723c751e8b465ee728b) [PhysX] Initialized MultithreadedTaskDispatcher with 16 workers.
[PhysX] Initialized MultithreadedTaskDispatcher with 16 workers.
[PhysX] Initialized MultithreadedTaskDispatcher with 16 workers.
[PhysX] Initialized MultithreadedTaskDispatcher with 16 workers.
[PhysX] Initialized MultithreadedTaskDispatcher with 16 workers.
 -> (artifact id: 'e1ee4b77337f7c0e6a273c111825b081') in 0.047382 seconds
Number of updated asset objects reloaded before import = 0
Number of asset objects unloaded after import = 15
========================================================================
Received Import Request.
  Time since last request: 0.002072 seconds.
  path: Assets/Fantastic City Generator/Buildings/FBX/BC-058.fbx
  artifactKey: Guid(a721d7272dfb21644bd852ceafcbfcfb) Importer(815301076,1909f56bfc062723c751e8b465ee728b)
Start importing Assets/Fantastic City Generator/Buildings/FBX/BC-058.fbx using Guid(a721d7272dfb21644bd852ceafcbfcfb) Importer(815301076,1909f56bfc062723c751e8b465ee728b) [PhysX] Initialized MultithreadedTaskDispatcher with 16 workers.
[PhysX] Initialized MultithreadedTaskDispatcher with 16 workers.
[PhysX] Initialized MultithreadedTaskDispatcher with 16 workers.
[PhysX] Initialized MultithreadedTaskDispatcher with 16 workers.
[PhysX] Initialized MultithreadedTaskDispatcher with 16 workers.
 -> (artifact id: '53482bb37b486f4cce69f613ebd9537f') in 0.058293 seconds
Number of updated asset objects reloaded before import = 0
Number of asset objects unloaded after import = 22
========================================================================
Received Import Request.
  Time since last request: 0.000031 seconds.
  path: Assets/Fantastic City Generator/Roads/FBX/QuadBlock-01.fbx
  artifactKey: Guid(bb2a31376caf36f4d928ed488573dcb7) Importer(815301076,1909f56bfc062723c751e8b465ee728b)
Start importing Assets/Fantastic City Generator/Roads/FBX/QuadBlock-01.fbx using Guid(bb2a31376caf36f4d928ed488573dcb7) Importer(815301076,1909f56bfc062723c751e8b465ee728b) [PhysX] Initialized MultithreadedTaskDispatcher with 16 workers.
[PhysX] Initialized MultithreadedTaskDispatcher with 16 workers.
[PhysX] Initialized MultithreadedTaskDispatcher with 16 workers.
[PhysX] Initialized MultithreadedTaskDispatcher with 16 workers.
[PhysX] Initialized MultithreadedTaskDispatcher with 16 workers.
[PhysX] Initialized MultithreadedTaskDispatcher with 16 workers.
[PhysX] Initialized MultithreadedTaskDispatcher with 16 workers.
[PhysX] Initialized MultithreadedTaskDispatcher with 16 workers.
[PhysX] Initialized MultithreadedTaskDispatcher with 16 workers.
[PhysX] Initialized MultithreadedTaskDispatcher with 16 workers.
[PhysX] Initialized MultithreadedTaskDispatcher with 16 workers.
[PhysX] Initialized MultithreadedTaskDispatcher with 16 workers.
[PhysX] Initialized MultithreadedTaskDispatcher with 16 workers.
[PhysX] Initialized MultithreadedTaskDispatcher with 16 workers.
[PhysX] Initialized MultithreadedTaskDispatcher with 16 workers.
[PhysX] Initialized MultithreadedTaskDispatcher with 16 workers.
[PhysX] Initialized MultithreadedTaskDispatcher with 16 workers.
[PhysX] Initialized MultithreadedTaskDispatcher with 16 workers.
[PhysX] Initialized MultithreadedTaskDispatcher with 16 workers.
[PhysX] Initialized MultithreadedTaskDispatcher with 16 workers.
[PhysX] Initialized MultithreadedTaskDispatcher with 16 workers.
[PhysX] Initialized MultithreadedTaskDispatcher with 16 workers.
[PhysX] Initialized MultithreadedTaskDispatcher with 16 workers.
[PhysX] Initialized MultithreadedTaskDispatcher with 16 workers.
[PhysX] Initialized MultithreadedTaskDispatcher with 16 workers.
[PhysX] Initialized MultithreadedTaskDispatcher with 16 workers.
[PhysX] Initialized MultithreadedTaskDispatcher with 16 workers.
[PhysX] Initialized MultithreadedTaskDispatcher with 16 workers.
[PhysX] Initialized MultithreadedTaskDispatcher with 16 workers.
[PhysX] Initialized MultithreadedTaskDispatcher with 16 workers.
[PhysX] Initialized MultithreadedTaskDispatcher with 16 workers.
[PhysX] Initialized MultithreadedTaskDispatcher with 16 workers.
[PhysX] Initialized MultithreadedTaskDispatcher with 16 workers.
[PhysX] Initialized MultithreadedTaskDispatcher with 16 workers.
[PhysX] Initialized MultithreadedTaskDispatcher with 16 workers.
[PhysX] Initialized MultithreadedTaskDispatcher with 16 workers.
[PhysX] Initialized MultithreadedTaskDispatcher with 16 workers.
[PhysX] Initialized MultithreadedTaskDispatcher with 16 workers.
[PhysX] Initialized MultithreadedTaskDispatcher with 16 workers.
[PhysX] Initialized MultithreadedTaskDispatcher with 16 workers.
[PhysX] Initialized MultithreadedTaskDispatcher with 16 workers.
[PhysX] Initialized MultithreadedTaskDispatcher with 16 workers.
[PhysX] Initialized MultithreadedTaskDispatcher with 16 workers.
[PhysX] Initialized MultithreadedTaskDispatcher with 16 workers.
[PhysX] Initialized MultithreadedTaskDispatcher with 16 workers.
[PhysX] Initialized MultithreadedTaskDispatcher with 16 workers.
[PhysX] Initialized MultithreadedTaskDispatcher with 16 workers.
[PhysX] Initialized MultithreadedTaskDispatcher with 16 workers.
[PhysX] Initialized MultithreadedTaskDispatcher with 16 workers.
[PhysX] Initialized MultithreadedTaskDispatcher with 16 workers.
[PhysX] Initialized MultithreadedTaskDispatcher with 16 workers.
[PhysX] Initialized MultithreadedTaskDispatcher with 16 workers.
[PhysX] Initialized MultithreadedTaskDispatcher with 16 workers.
[PhysX] Initialized MultithreadedTaskDispatcher with 16 workers.
[PhysX] Initialized MultithreadedTaskDispatcher with 16 workers.
[PhysX] Initialized MultithreadedTaskDispatcher with 16 workers.
[PhysX] Initialized MultithreadedTaskDispatcher with 16 workers.
[PhysX] Initialized MultithreadedTaskDispatcher with 16 workers.
[PhysX] Initialized MultithreadedTaskDispatcher with 16 workers.
[PhysX] Initialized MultithreadedTaskDispatcher with 16 workers.
[PhysX] Initialized MultithreadedTaskDispatcher with 16 workers.
[PhysX] Initialized MultithreadedTaskDispatcher with 16 workers.
[PhysX] Initialized MultithreadedTaskDispatcher with 16 workers.
[PhysX] Initialized MultithreadedTaskDispatcher with 16 workers.
[PhysX] Initialized MultithreadedTaskDispatcher with 16 workers.
[PhysX] Initialized MultithreadedTaskDispatcher with 16 workers.
[PhysX] Initialized MultithreadedTaskDispatcher with 16 workers.
[PhysX] Initialized MultithreadedTaskDispatcher with 16 workers.
[PhysX] Initialized MultithreadedTaskDispatcher with 16 workers.
[PhysX] Initialized MultithreadedTaskDispatcher with 16 workers.
[PhysX] Initialized MultithreadedTaskDispatcher with 16 workers.
[PhysX] Initialized MultithreadedTaskDispatcher with 16 workers.
[PhysX] Initialized MultithreadedTaskDispatcher with 16 workers.
[PhysX] Initialized MultithreadedTaskDispatcher with 16 workers.
 -> (artifact id: 'd4b4828e3d6c88dbc6d2bcd880d8d44f') in 0.338287 seconds
Number of updated asset objects reloaded before import = 0
Number of asset objects unloaded after import = 204
========================================================================
Received Import Request.
  Time since last request: 0.000033 seconds.
  path: Assets/Fantastic City Generator/Buildings/FBX/BC-060.fbx
  artifactKey: Guid(12bace2a2eebfe64a82516e7db4276c9) Importer(815301076,1909f56bfc062723c751e8b465ee728b)
Start importing Assets/Fantastic City Generator/Buildings/FBX/BC-060.fbx using Guid(12bace2a2eebfe64a82516e7db4276c9) Importer(815301076,1909f56bfc062723c751e8b465ee728b) [PhysX] Initialized MultithreadedTaskDispatcher with 16 workers.
[PhysX] Initialized MultithreadedTaskDispatcher with 16 workers.
[PhysX] Initialized MultithreadedTaskDispatcher with 16 workers.
[PhysX] Initialized MultithreadedTaskDispatcher with 16 workers.
[PhysX] Initialized MultithreadedTaskDispatcher with 16 workers.
 -> (artifact id: 'e5a63e1f45d3b390b248a90c25589b42') in 0.049429 seconds
Number of updated asset objects reloaded before import = 0
Number of asset objects unloaded after import = 25
========================================================================
Received Import Request.
  Time since last request: 0.000046 seconds.
  path: Assets/Fantastic City Generator/Traffic System/Vehicles/FBX/BusClimm.fbx
  artifactKey: Guid(7b1ffaf8f2f35304aa03cec44561f193) Importer(815301076,1909f56bfc062723c751e8b465ee728b)
Start importing Assets/Fantastic City Generator/Traffic System/Vehicles/FBX/BusClimm.fbx using Guid(7b1ffaf8f2f35304aa03cec44561f193) Importer(815301076,1909f56bfc062723c751e8b465ee728b) [PhysX] Initialized MultithreadedTaskDispatcher with 16 workers.
[PhysX] Initialized MultithreadedTaskDispatcher with 16 workers.
[PhysX] Initialized MultithreadedTaskDispatcher with 16 workers.
[PhysX] Initialized MultithreadedTaskDispatcher with 16 workers.
[PhysX] Initialized MultithreadedTaskDispatcher with 16 workers.
[PhysX] Initialized MultithreadedTaskDispatcher with 16 workers.
[PhysX] Initialized MultithreadedTaskDispatcher with 16 workers.
[PhysX] Initialized MultithreadedTaskDispatcher with 16 workers.
[PhysX] Initialized MultithreadedTaskDispatcher with 16 workers.
[PhysX] Initialized MultithreadedTaskDispatcher with 16 workers.
[PhysX] Initialized MultithreadedTaskDispatcher with 16 workers.
[PhysX] Initialized MultithreadedTaskDispatcher with 16 workers.
[PhysX] Initialized MultithreadedTaskDispatcher with 16 workers.
[PhysX] Initialized MultithreadedTaskDispatcher with 16 workers.
[PhysX] Initialized MultithreadedTaskDispatcher with 16 workers.
[PhysX] Initialized MultithreadedTaskDispatcher with 16 workers.
[PhysX] Initialized MultithreadedTaskDispatcher with 16 workers.
[PhysX] Initialized MultithreadedTaskDispatcher with 16 workers.
 -> (artifact id: 'b753d378884acb807f9f7acb8d66960a') in 0.083096 seconds
Number of updated asset objects reloaded before import = 0
Number of asset objects unloaded after import = 49
========================================================================
Received Import Request.
  Time since last request: 17.667212 seconds.
  path: Assets/Fantastic City Generator/BackGrounds/FBX
  artifactKey: Guid(331cae666e06ac34db745cb13b3dbfbe) Importer(815301076,1909f56bfc062723c751e8b465ee728b)
Start importing Assets/Fantastic City Generator/BackGrounds/FBX using Guid(331cae666e06ac34db745cb13b3dbfbe) Importer(815301076,1909f56bfc062723c751e8b465ee728b) [PhysX] Initialized MultithreadedTaskDispatcher with 16 workers.
 -> (artifact id: 'd59b3587214ac20f5f7b28586eac1afa') in 0.001004 seconds
Number of updated asset objects reloaded before import = 0
Number of asset objects unloaded after import = 0
========================================================================
Received Import Request.
  Time since last request: 29.186339 seconds.
  path: Assets/Fantastic City Generator/Textures/Materials/asphalt-02.mat
  artifactKey: Guid(e06221a5dd495264bba37cf9b591889d) Importer(815301076,1909f56bfc062723c751e8b465ee728b)
Start importing Assets/Fantastic City Generator/Textures/Materials/asphalt-02.mat using Guid(e06221a5dd495264bba37cf9b591889d) Importer(815301076,1909f56bfc062723c751e8b465ee728b) [PhysX] Initialized MultithreadedTaskDispatcher with 16 workers.
[PhysX] Initialized MultithreadedTaskDispatcher with 16 workers.
 -> (artifact id: '1cffc460e97332f91991d1b248571cda') in 0.037832 seconds
Number of updated asset objects reloaded before import = 0
Number of asset objects unloaded after import = 2
========================================================================
Received Import Request.
  Time since last request: 0.000278 seconds.
  path: Assets/Fantastic City Generator/Buildings/FBX/BC-92.fbx
  artifactKey: Guid(152687b8c569ec040b4c2f385ead3e3f) Importer(815301076,1909f56bfc062723c751e8b465ee728b)
Start importing Assets/Fantastic City Generator/Buildings/FBX/BC-92.fbx using Guid(152687b8c569ec040b4c2f385ead3e3f) Importer(815301076,1909f56bfc062723c751e8b465ee728b) [PhysX] Initialized MultithreadedTaskDispatcher with 16 workers.
[PhysX] Initialized MultithreadedTaskDispatcher with 16 workers.
[PhysX] Initialized MultithreadedTaskDispatcher with 16 workers.
[PhysX] Initialized MultithreadedTaskDispatcher with 16 workers.
[PhysX] Initialized MultithreadedTaskDispatcher with 16 workers.
[PhysX] Initialized MultithreadedTaskDispatcher with 16 workers.
[PhysX] Initialized MultithreadedTaskDispatcher with 16 workers.
[PhysX] Initialized MultithreadedTaskDispatcher with 16 workers.
 -> (artifact id: 'c29cbb52c87d7af8b03e2ba6a50b26cb') in 0.048314 seconds
Number of updated asset objects reloaded before import = 0
Number of asset objects unloaded after import = 16
========================================================================
Received Import Request.
  Time since last request: 0.000022 seconds.
  path: Assets/Fantastic City Generator/Textures/Materials/Atlas-1.mat
  artifactKey: Guid(59aa769bd1562c543b982eedfb107b96) Importer(815301076,1909f56bfc062723c751e8b465ee728b)
Start importing Assets/Fantastic City Generator/Textures/Materials/Atlas-1.mat using Guid(59aa769bd1562c543b982eedfb107b96) Importer(815301076,1909f56bfc062723c751e8b465ee728b) [PhysX] Initialized MultithreadedTaskDispatcher with 16 workers.
[PhysX] Initialized MultithreadedTaskDispatcher with 16 workers.
 -> (artifact id: 'faf816c796cb87ac4bf2f4f75a727be9') in 0.028368 seconds
Number of updated asset objects reloaded before import = 0
Number of asset objects unloaded after import = 3
========================================================================
Received Import Request.
  Time since last request: 0.000029 seconds.
  path: Assets/Fantastic City Generator/Buildings/FBX/BC-046.fbx
  artifactKey: Guid(13e938fbfe7c30849b76cdf74fe22561) Importer(815301076,1909f56bfc062723c751e8b465ee728b)
Start importing Assets/Fantastic City Generator/Buildings/FBX/BC-046.fbx using Guid(13e938fbfe7c30849b76cdf74fe22561) Importer(815301076,1909f56bfc062723c751e8b465ee728b) [PhysX] Initialized MultithreadedTaskDispatcher with 16 workers.
[PhysX] Initialized MultithreadedTaskDispatcher with 16 workers.
[PhysX] Initialized MultithreadedTaskDispatcher with 16 workers.
[PhysX] Initialized MultithreadedTaskDispatcher with 16 workers.
[PhysX] Initialized MultithreadedTaskDispatcher with 16 workers.
[PhysX] Initialized MultithreadedTaskDispatcher with 16 workers.
[PhysX] Initialized MultithreadedTaskDispatcher with 16 workers.
[PhysX] Initialized MultithreadedTaskDispatcher with 16 workers.
[PhysX] Initialized MultithreadedTaskDispatcher with 16 workers.
 -> (artifact id: 'd8eaf6fb8652914b549c11689600a997') in 0.052646 seconds
Number of updated asset objects reloaded before import = 0
Number of asset objects unloaded after import = 18
========================================================================
Received Import Request.
  Time since last request: 0.000023 seconds.
  path: Assets/Fantastic City Generator/Buildings/FBX/BL-05.fbx
  artifactKey: Guid(186ab2bbbe19e8b4bafe7618b2d91bfd) Importer(815301076,1909f56bfc062723c751e8b465ee728b)
Start importing Assets/Fantastic City Generator/Buildings/FBX/BL-05.fbx using Guid(186ab2bbbe19e8b4bafe7618b2d91bfd) Importer(815301076,1909f56bfc062723c751e8b465ee728b) [PhysX] Initialized MultithreadedTaskDispatcher with 16 workers.
[PhysX] Initialized MultithreadedTaskDispatcher with 16 workers.
[PhysX] Initialized MultithreadedTaskDispatcher with 16 workers.
[PhysX] Initialized MultithreadedTaskDispatcher with 16 workers.
[PhysX] Initialized MultithreadedTaskDispatcher with 16 workers.
[PhysX] Initialized MultithreadedTaskDispatcher with 16 workers.
[PhysX] Initialized MultithreadedTaskDispatcher with 16 workers.
 -> (artifact id: '3ec66db5ab4717fafd9e6a36dce6310c') in 0.033591 seconds
Number of updated asset objects reloaded before import = 0
Number of asset objects unloaded after import = 14
========================================================================
Received Import Request.
  Time since last request: 1.323017 seconds.
  path: Assets/Fantastic City Generator/Objects/Others/FBX/Art-01.fbx
  artifactKey: Guid(f642d9088e8e20a4e913793294a381b2) Importer(815301076,1909f56bfc062723c751e8b465ee728b)
Start importing Assets/Fantastic City Generator/Objects/Others/FBX/Art-01.fbx using Guid(f642d9088e8e20a4e913793294a381b2) Importer(815301076,1909f56bfc062723c751e8b465ee728b) [PhysX] Initialized MultithreadedTaskDispatcher with 16 workers.
[PhysX] Initialized MultithreadedTaskDispatcher with 16 workers.
[PhysX] Initialized MultithreadedTaskDispatcher with 16 workers.
 -> (artifact id: 'd8d918d5cc1ca7ed4496bfa8426ed6d7') in 0.041074 seconds
Number of updated asset objects reloaded before import = 0
Number of asset objects unloaded after import = 10
========================================================================
Received Import Request.
  Time since last request: 0.000503 seconds.
  path: Assets/CartoonTown-LowPolyAssets/Models/Props/Mix/Balloon_Stand.fbx
  artifactKey: Guid(e8b3e34bd39ac408793e82f4c5aff7de) Importer(815301076,1909f56bfc062723c751e8b465ee728b)
Start importing Assets/CartoonTown-LowPolyAssets/Models/Props/Mix/Balloon_Stand.fbx using Guid(e8b3e34bd39ac408793e82f4c5aff7de) Importer(815301076,1909f56bfc062723c751e8b465ee728b) [PhysX] Initialized MultithreadedTaskDispatcher with 16 workers.
[PhysX] Initialized MultithreadedTaskDispatcher with 16 workers.
[PhysX] Initialized MultithreadedTaskDispatcher with 16 workers.
[PhysX] Initialized MultithreadedTaskDispatcher with 16 workers.
[PhysX] Initialized MultithreadedTaskDispatcher with 16 workers.
[PhysX] Initialized MultithreadedTaskDispatcher with 16 workers.
[PhysX] Initialized MultithreadedTaskDispatcher with 16 workers.
[PhysX] Initialized MultithreadedTaskDispatcher with 16 workers.
[PhysX] Initialized MultithreadedTaskDispatcher with 16 workers.
[PhysX] Initialized MultithreadedTaskDispatcher with 16 workers.
[PhysX] Initialized MultithreadedTaskDispatcher with 16 workers.
[PhysX] Initialized MultithreadedTaskDispatcher with 16 workers.
[PhysX] Initialized MultithreadedTaskDispatcher with 16 workers.
[PhysX] Initialized MultithreadedTaskDispatcher with 16 workers.
 -> (artifact id: 'd69c38428ce0094869a1e48989ffb4f5') in 0.085099 seconds
Number of updated asset objects reloaded before import = 0
Number of asset objects unloaded after import = 36
========================================================================
Received Import Request.
  Time since last request: 0.559972 seconds.
  path: Assets/Fantastic City Generator/Objects/Others/Prefab/Art-01.prefab
  artifactKey: Guid(beebac99fae06a045868cd739c21e23c) Importer(815301076,1909f56bfc062723c751e8b465ee728b)
Start importing Assets/Fantastic City Generator/Objects/Others/Prefab/Art-01.prefab using Guid(beebac99fae06a045868cd739c21e23c) Importer(815301076,1909f56bfc062723c751e8b465ee728b) [PhysX] Initialized MultithreadedTaskDispatcher with 16 workers.
[PhysX] Initialized MultithreadedTaskDispatcher with 16 workers.
 -> (artifact id: '22765f826785b5dc167f1762373b5398') in 0.037330 seconds
Number of updated asset objects reloaded before import = 0
Number of asset objects unloaded after import = 11
========================================================================
Received Import Request.
  Time since last request: 0.000060 seconds.
  path: Assets/Fantastic City Generator/Objects/Others/Prefab/Art-05.prefab
  artifactKey: Guid(bcba1fdc2de51a446925f9c36913f879) Importer(815301076,1909f56bfc062723c751e8b465ee728b)
Start importing Assets/Fantastic City Generator/Objects/Others/Prefab/Art-05.prefab using Guid(bcba1fdc2de51a446925f9c36913f879) Importer(815301076,1909f56bfc062723c751e8b465ee728b) [PhysX] Initialized MultithreadedTaskDispatcher with 16 workers.
[PhysX] Initialized MultithreadedTaskDispatcher with 16 workers.
 -> (artifact id: 'fe384e2ee48d0703fa854f0fc9e384e1') in 0.031490 seconds
Number of updated asset objects reloaded before import = 0
Number of asset objects unloaded after import = 11
========================================================================
Received Import Request.
  Time since last request: 364.885337 seconds.
  path: Assets/Fantastic City Generator/Textures/Materials/Glass-01.mat
  artifactKey: Guid(407d41617188bae4f989fbbf66ce7608) Importer(815301076,1909f56bfc062723c751e8b465ee728b)
Start importing Assets/Fantastic City Generator/Textures/Materials/Glass-01.mat using Guid(407d41617188bae4f989fbbf66ce7608) Importer(815301076,1909f56bfc062723c751e8b465ee728b) [PhysX] Initialized MultithreadedTaskDispatcher with 16 workers.
[PhysX] Initialized MultithreadedTaskDispatcher with 16 workers.
 -> (artifact id: '9f5b7c43e328421f477c7e3832e0bd55') in 0.011407 seconds
Number of updated asset objects reloaded before import = 0
Number of asset objects unloaded after import = 1
========================================================================
Received Import Request.
  Time since last request: 0.023481 seconds.
  path: Assets/Fantastic City Generator/Textures/Materials/Grass-01.mat
  artifactKey: Guid(f9a48a42036ef934da02e5fe6da4f4c7) Importer(815301076,1909f56bfc062723c751e8b465ee728b)
Start importing Assets/Fantastic City Generator/Textures/Materials/Grass-01.mat using Guid(f9a48a42036ef934da02e5fe6da4f4c7) Importer(815301076,1909f56bfc062723c751e8b465ee728b) [PhysX] Initialized MultithreadedTaskDispatcher with 16 workers.
[PhysX] Initialized MultithreadedTaskDispatcher with 16 workers.
 -> (artifact id: '9de6c767e3663e872929d3f87f059d8b') in 0.008496 seconds
Number of updated asset objects reloaded before import = 0
Number of asset objects unloaded after import = 2
========================================================================
Received Import Request.
  Time since last request: 0.026056 seconds.
  path: Assets/Fantastic City Generator/Textures/Materials/Metal-Night.mat
  artifactKey: Guid(add3637e037f82640b6c6be5094c1b88) Importer(815301076,1909f56bfc062723c751e8b465ee728b)
Start importing Assets/Fantastic City Generator/Textures/Materials/Metal-Night.mat using Guid(add3637e037f82640b6c6be5094c1b88) Importer(815301076,1909f56bfc062723c751e8b465ee728b) [PhysX] Initialized MultithreadedTaskDispatcher with 16 workers.
[PhysX] Initialized MultithreadedTaskDispatcher with 16 workers.
 -> (artifact id: 'c4397491261bad3b69033c785f2c011c') in 0.011562 seconds
Number of updated asset objects reloaded before import = 0
Number of asset objects unloaded after import = 3
========================================================================
Received Import Request.
  Time since last request: 0.000026 seconds.
  path: Assets/Fantastic City Generator/Textures/Materials/HighWay.mat
  artifactKey: Guid(a32a5b6df3d0fa14dbdc6d3a81887289) Importer(815301076,1909f56bfc062723c751e8b465ee728b)
Start importing Assets/Fantastic City Generator/Textures/Materials/HighWay.mat using Guid(a32a5b6df3d0fa14dbdc6d3a81887289) Importer(815301076,1909f56bfc062723c751e8b465ee728b) [PhysX] Initialized MultithreadedTaskDispatcher with 16 workers.
[PhysX] Initialized MultithreadedTaskDispatcher with 16 workers.
 -> (artifact id: 'eb38af290febeb78569e30d0724f922d') in 0.008678 seconds
Number of updated asset objects reloaded before import = 0
Number of asset objects unloaded after import = 2
========================================================================
Received Import Request.
  Time since last request: 0.000032 seconds.
  path: Assets/Fantastic City Generator/Textures/Materials/Roads.mat
  artifactKey: Guid(9936a8d66f306b7488a2e8cf3d4088a0) Importer(815301076,1909f56bfc062723c751e8b465ee728b)
Start importing Assets/Fantastic City Generator/Textures/Materials/Roads.mat using Guid(9936a8d66f306b7488a2e8cf3d4088a0) Importer(815301076,1909f56bfc062723c751e8b465ee728b) [PhysX] Initialized MultithreadedTaskDispatcher with 16 workers.
[PhysX] Initialized MultithreadedTaskDispatcher with 16 workers.
 -> (artifact id: 'a2b68ae30aa081f4aab0e1c8f02f436b') in 0.013773 seconds
Number of updated asset objects reloaded before import = 0
Number of asset objects unloaded after import = 3
========================================================================
Received Import Request.
  Time since last request: 0.000025 seconds.
  path: Assets/Fantastic City Generator/Textures/Materials/Metal.mat
  artifactKey: Guid(5dd313ebefb37cb4baf6e85814b211e8) Importer(815301076,1909f56bfc062723c751e8b465ee728b)
Start importing Assets/Fantastic City Generator/Textures/Materials/Metal.mat using Guid(5dd313ebefb37cb4baf6e85814b211e8) Importer(815301076,1909f56bfc062723c751e8b465ee728b) [PhysX] Initialized MultithreadedTaskDispatcher with 16 workers.
[PhysX] Initialized MultithreadedTaskDispatcher with 16 workers.
 -> (artifact id: '8286eeea054dd04579564f7d6f383a47') in 0.010042 seconds
Number of updated asset objects reloaded before import = 0
Number of asset objects unloaded after import = 2
Editor requested this worker to shutdown with reason: Scaling down because of idle timeout
TcpMessagingSession - receive error: operation aborted. errorcode: 995, details:  I/O 
AssetImportWorker is now disconnected from the server
Process exiting
Exiting without the bug reporter. Application will terminate with return code 0